SF:lib/src/base/config.dart
DA:11,34
DA:12,34
DA:13,68
DA:14,0
DA:17,105
DA:20,0
DA:24,9
DA:26,48
DA:28,84
DA:30,3
DA:31,6
DA:32,3
DA:35,1
DA:36,2
DA:37,1
DA:40,3
DA:41,6
DA:42,3
DA:43,6
DA:47,0
DA:48,0
DA:49,0
LF:22
LH:17
end_of_record
SF:lib/src/base/file_system.dart
DA:20,82
DA:26,246
DA:34,1
DA:35,1
DA:36,1
DA:38,2
DA:39,3
DA:50,0
DA:51,0
DA:52,0
DA:56,3
DA:57,9
DA:58,6
DA:61,9
DA:62,1
DA:63,4
DA:71,8
DA:72,8
DA:73,0
DA:75,8
DA:76,3
DA:78,16
DA:79,40
DA:80,8
DA:81,16
DA:82,16
DA:83,6
DA:84,8
DA:85,8
DA:86,16
DA:88,0
DA:103,1
DA:104,2
DA:105,1
DA:106,1
DA:107,1
DA:108,0
DA:110,1
DA:111,0
DA:112,0
DA:114,1
DA:115,2
DA:117,1
DA:127,0
DA:128,0
DA:129,0
DA:130,0
DA:140,7
DA:146,28
DA:154,4
DA:155,4
DA:157,2
DA:158,8
LF:53
LH:41
end_of_record
SF:lib/src/base/common.dart
DA:9,14
DA:10,28
DA:11,0
DA:12,42
DA:14,42
DA:23,25
DA:24,25
DA:32,27
DA:37,1
DA:38,2
DA:50,14
LF:11
LH:10
end_of_record
SF:lib/src/base/platform.dart
DA:14,102
DA:17,306
DA:28,1
DA:29,1
DA:30,1
DA:31,4
DA:32,1
DA:35,0
DA:36,0
DA:37,0
DA:38,0
DA:39,0
DA:42,1
DA:43,4
DA:44,2
LF:15
LH:10
end_of_record
SF:lib/src/base/process.dart
DA:30,107
DA:37,33
DA:42,99
DA:46,30
DA:49,31
DA:51,2
DA:52,6
DA:55,12
DA:63,3
DA:67,0
DA:68,15
DA:78,3
DA:79,3
DA:82,14
DA:83,6
DA:84,4
DA:85,2
DA:86,2
DA:87,4
DA:88,4
DA:93,6
DA:94,3
DA:97,27
DA:100,1
DA:102,0
DA:110,15
DA:116,15
DA:117,30
DA:120,15
DA:132,9
DA:142,18
DA:148,9
DA:149,27
DA:150,9
DA:151,12
DA:152,12
DA:154,1
DA:156,3
DA:158,0
DA:160,3
DA:163,9
DA:164,27
DA:165,9
DA:166,10
DA:167,10
DA:169,0
DA:171,2
DA:176,27
DA:177,9
DA:178,9
DA:181,27
DA:182,9
DA:183,9
DA:186,18
DA:192,1
DA:198,2
DA:206,4
DA:209,3
DA:210,3
DA:211,3
DA:213,2
DA:216,0
DA:217,0
DA:218,0
DA:225,16
DA:231,16
DA:232,48
DA:235,16
DA:237,16
DA:238,32
DA:242,6
DA:248,12
DA:254,12
DA:255,6
DA:256,6
DA:261,11
DA:262,11
DA:264,43
DA:270,7
DA:271,7
DA:273,35
DA:282,11
DA:289,11
DA:301,7
DA:306,7
DA:313,28
DA:314,28
DA:316,44
DA:318,60
DA:322,17
DA:332,17
DA:333,34
DA:336,17
DA:339,61
DA:341,30
DA:342,28
DA:343,0
DA:345,42
DA:348,30
DA:349,0
DA:351,0
DA:353,0
DA:357,0
DA:360,0
DA:363,30
DA:367,0
DA:372,0
DA:374,0
DA:375,0
DA:379,17
DA:380,0
DA:381,17
DA:387,33
DA:388,9
DA:389,0
DA:391,16
DA:393,16
DA:394,48
DA:395,30
DA:396,48
DA:397,3
DA:398,32
DA:402,0
DA:403,0
DA:404,0
DA:405,0
DA:407,0
LF:127
LH:103
end_of_record
SF:lib/src/commands/create.dart
DA:29,221
DA:33,107
DA:36,107
DA:39,107
DA:41,107
DA:44,2
DA:46,4
DA:47,4
DA:56,7
DA:57,14
DA:61,14
DA:67,14
DA:73,14
DA:76,21
DA:79,7
DA:80,7
DA:81,7
DA:83,7
DA:89,14
DA:98,14
DA:104,14
DA:110,14
DA:115,14
DA:121,14
DA:126,14
DA:130,7
DA:132,14
DA:136,7
DA:147,0
DA:148,0
DA:155,1
DA:156,1
DA:157,1
DA:159,7
DA:160,1
DA:162,2
DA:165,0
DA:166,0
DA:170,1
DA:171,1
DA:172,2
DA:178,0
DA:179,0
DA:180,0
DA:189,0
DA:193,0
DA:195,0
DA:196,0
DA:200,0
DA:204,0
DA:205,0
DA:210,0
DA:212,0
DA:213,0
DA:214,0
DA:216,0
DA:217,0
DA:219,0
DA:224,6
DA:225,12
DA:226,0
DA:230,18
DA:231,0
DA:233,24
DA:235,0
DA:236,0
DA:237,0
DA:241,0
DA:245,0
DA:248,18
DA:250,18
DA:252,18
DA:253,18
DA:254,30
DA:255,0
DA:257,18
DA:258,30
DA:259,0
DA:261,30
DA:262,30
DA:265,12
DA:266,0
DA:267,0
DA:268,0
DA:269,0
DA:272,0
DA:277,18
DA:278,12
DA:279,3
DA:281,9
DA:282,1
DA:286,0
DA:293,1
DA:296,0
DA:297,0
DA:300,6
DA:301,6
DA:302,6
DA:304,12
DA:305,12
DA:306,12
DA:307,6
DA:308,12
DA:309,1
DA:310,12
DA:311,0
DA:318,18
DA:320,0
DA:322,30
DA:323,6
DA:325,0
DA:327,6
DA:330,12
DA:332,12
DA:334,12
DA:335,12
DA:338,18
DA:339,10
DA:340,12
DA:342,0
DA:343,0
DA:346,2
DA:349,12
DA:352,6
DA:353,25
DA:355,1
DA:356,5
DA:358,1
DA:359,0
DA:361,1
DA:362,5
DA:366,0
DA:368,12
DA:369,6
DA:372,0
DA:375,0
DA:377,0
DA:379,6
DA:384,2
DA:387,12
DA:388,7
DA:389,48
DA:390,18
DA:391,36
DA:392,24
DA:393,12
DA:395,18
DA:397,6
DA:404,6
DA:406,1
DA:411,1
DA:414,0
DA:416,0
DA:419,0
DA:420,0
DA:421,0
DA:423,0
DA:425,0
DA:432,1
DA:434,2
DA:435,0
DA:437,1
DA:438,5
DA:439,2
DA:440,0
DA:441,0
DA:442,0
DA:443,0
DA:445,0
DA:446,0
DA:451,0
DA:453,0
DA:454,0
DA:456,0
DA:457,0
DA:458,0
DA:459,0
DA:460,0
DA:461,0
DA:462,0
DA:468,1
DA:470,2
DA:471,0
DA:473,1
DA:474,2
DA:475,2
DA:476,0
DA:477,0
DA:478,0
DA:479,0
DA:482,2
DA:483,1
DA:485,1
DA:486,1
DA:487,1
DA:488,1
DA:489,1
DA:490,2
DA:491,2
DA:492,2
DA:493,1
DA:494,1
DA:496,5
DA:500,6
DA:502,12
DA:503,12
DA:504,12
DA:506,12
DA:507,0
DA:508,0
DA:511,12
DA:512,12
DA:513,4
DA:516,6
DA:525,0
DA:526,0
DA:527,0
DA:528,0
DA:529,0
DA:530,0
DA:531,0
DA:532,0
DA:535,6
DA:545,18
DA:547,6
DA:548,6
DA:550,6
DA:552,6
DA:555,6
DA:556,6
DA:558,6
DA:561,6
DA:568,12
DA:569,12
DA:573,6
DA:574,6
DA:575,6
DA:578,6
DA:580,6
DA:581,12
DA:582,12
DA:583,6
DA:584,6
DA:585,12
DA:586,6
DA:587,12
DA:595,6
DA:598,6
DA:599,6
DA:600,6
DA:604,6
DA:605,18
DA:606,6
DA:607,12
DA:608,0
DA:612,6
DA:614,12
DA:615,6
DA:616,0
DA:620,6
DA:621,6
DA:624,6
DA:625,6
DA:626,24
DA:629,6
DA:631,6
DA:632,6
DA:633,6
DA:634,6
DA:638,6
DA:639,18
DA:640,6
DA:641,12
DA:642,0
DA:645,6
DA:648,6
DA:679,6
DA:680,6
DA:681,0
DA:682,0
DA:684,6
DA:693,6
DA:694,18
DA:701,12
DA:709,12
DA:711,6
DA:713,2
DA:715,0
DA:716,2
DA:718,0
LF:290
LH:196
end_of_record
SF:lib/src/runner/flutter_command.dart
DA:35,228
DA:36,107
DA:37,107
DA:38,107
DA:45,28
DA:80,18
DA:88,30
DA:89,30
DA:95,2
DA:96,2
DA:109,54
DA:111,23
DA:115,12
DA:116,12
DA:119,8
DA:120,16
DA:127,8
DA:130,3
DA:131,6
DA:132,6
DA:133,3
DA:134,0
DA:139,8
DA:140,16
DA:143,8
DA:150,7
DA:151,7
DA:152,7
DA:156,7
DA:163,7
DA:172,4
DA:173,8
DA:177,4
DA:183,2
DA:184,6
DA:188,3
DA:190,0
DA:195,4
DA:196,8
DA:203,4
DA:206,4
DA:208,5
DA:209,10
DA:218,5
DA:219,10
DA:227,4
DA:228,8
DA:235,8
DA:236,8
DA:238,16
DA:240,8
DA:241,16
DA:244,16
DA:246,8
DA:247,16
DA:253,7
DA:254,14
DA:262,14
DA:271,7
DA:272,14
DA:282,14
DA:290,14
DA:299,7
DA:302,7
DA:303,14
DA:312,2
DA:313,4
DA:320,4
DA:329,8
DA:330,8
DA:333,5
DA:334,35
DA:335,20
DA:336,0
DA:337,15
DA:338,4
DA:341,10
DA:343,0
DA:346,10
DA:348,10
DA:351,10
DA:352,0
DA:353,10
DA:355,10
DA:358,5
DA:361,7
DA:362,14
DA:370,5
DA:372,15
DA:373,3
DA:374,0
DA:377,15
DA:378,0
DA:381,15
DA:382,0
DA:387,17
DA:388,0
DA:391,0
DA:392,0
DA:396,15
DA:397,0
DA:399,15
DA:400,0
DA:401,0
DA:402,0
DA:404,0
DA:411,10
DA:412,15
DA:413,2
DA:416,15
DA:417,2
DA:419,15
DA:420,2
DA:422,15
DA:423,2
DA:426,15
DA:427,2
DA:429,15
DA:430,2
DA:433,15
DA:434,0
DA:436,15
DA:437,0
DA:440,15
DA:441,2
DA:442,15
DA:443,2
DA:445,15
DA:446,0
DA:451,25
DA:452,45
DA:457,26
DA:458,52
DA:459,5
DA:460,10
DA:462,10
DA:464,26
DA:471,23
DA:474,24
DA:482,27
DA:484,54
DA:486,54
DA:488,31
DA:489,27
DA:490,54
DA:491,2
DA:492,54
DA:495,54
DA:496,13
DA:500,54
DA:501,162
DA:502,135
DA:504,26
DA:505,14
DA:506,42
DA:507,15
DA:508,2
DA:511,54
DA:512,26
DA:513,52
DA:515,26
DA:518,40
DA:521,26
DA:537,26
DA:538,52
DA:542,25
DA:543,115
DA:546,25
DA:547,8
DA:548,4
DA:549,4
DA:552,25
DA:555,48
DA:556,48
DA:559,50
DA:566,17
DA:581,4
DA:582,8
DA:583,0
DA:587,16
DA:589,8
DA:590,5
DA:592,5
DA:593,0
DA:595,3
DA:596,1
DA:600,12
DA:602,3
DA:603,0
DA:605,8
DA:606,2
DA:607,0
DA:609,3
DA:610,4
DA:612,1
DA:613,2
DA:623,4
DA:624,8
DA:627,6
DA:628,0
DA:629,0
DA:630,0
DA:631,0
DA:634,3
DA:637,1
DA:638,3
DA:643,26
DA:646,34
DA:647,3
DA:650,35
DA:652,18
DA:653,3
DA:656,18
DA:657,0
DA:661,34
DA:662,18
DA:664,0
DA:668,26
DA:669,3
DA:670,6
DA:671,3
DA:674,75
DA:675,2
DA:676,75
DA:677,2
DA:678,75
DA:679,2
DA:682,0
DA:684,0
DA:686,0
DA:696,3
DA:700,12
DA:701,3
DA:702,1
DA:707,3
DA:708,6
DA:710,3
DA:711,3
DA:712,3
DA:713,3
DA:714,2
DA:716,3
DA:717,1
DA:719,3
DA:720,2
DA:722,1
DA:723,1
DA:724,1
DA:725,1
DA:726,1
DA:739,0
DA:742,0
DA:743,0
DA:745,0
DA:752,0
DA:753,0
DA:754,0
DA:755,0
DA:756,0
DA:758,0
DA:759,0
DA:761,0
DA:762,0
DA:764,0
DA:765,0
DA:766,0
DA:767,0
DA:768,0
DA:778,0
DA:780,0
DA:782,0
DA:783,0
LF:272
LH:218
end_of_record
SF:lib/src/runner/flutter_command_runner.dart
DA:45,52
DA:57,52
DA:62,52
DA:66,52
DA:71,52
DA:77,52
DA:80,52
DA:83,52
DA:87,52
DA:92,52
DA:97,52
DA:100,52
DA:107,52
DA:108,25
DA:111,4
DA:114,52
DA:116,26
DA:118,52
DA:125,0
DA:127,52
DA:135,52
DA:142,0
DA:144,52
DA:150,52
DA:156,52
DA:163,26
DA:164,26
DA:170,0
DA:172,0
DA:175,0
DA:177,0
DA:178,0
DA:181,25
DA:182,75
DA:183,75
DA:185,4
DA:188,0
DA:189,0
DA:190,0
DA:193,0
DA:194,0
DA:195,0
DA:196,0
DA:197,0
DA:200,0
DA:201,0
DA:202,0
DA:203,0
DA:207,0
DA:212,26
DA:219,52
DA:220,0
DA:221,0
DA:222,0
DA:225,0
DA:226,0
DA:227,0
DA:230,0
DA:235,26
DA:239,76
DA:240,0
DA:242,26
DA:246,26
DA:247,26
DA:248,26
DA:252,26
DA:254,12
DA:261,26
DA:263,0
DA:264,0
DA:265,0
DA:267,0
DA:268,0
DA:274,26
DA:275,3
DA:276,53
DA:277,52
DA:279,26
DA:283,26
DA:284,52
DA:288,26
DA:289,26
DA:291,26
DA:294,1
DA:295,1
DA:296,1
DA:299,1
DA:300,1
DA:301,1
DA:302,2
DA:303,1
DA:304,1
DA:305,2
DA:306,3
DA:309,2
DA:310,3
DA:311,2
DA:312,4
DA:314,3
DA:317,0
DA:320,1
DA:321,1
DA:322,0
DA:323,2
DA:324,1
DA:325,1
DA:326,2
DA:328,1
DA:332,0
DA:333,0
DA:334,0
DA:335,0
DA:336,0
DA:337,0
DA:338,0
DA:340,0
DA:345,50
DA:346,156
DA:349,26
DA:351,2
DA:352,2
DA:356,78
DA:357,52
DA:358,44
DA:360,26
DA:361,78
DA:363,104
DA:364,52
DA:366,26
DA:367,0
DA:369,26
DA:370,78
DA:371,104
DA:372,78
DA:375,26
DA:376,0
DA:379,78
DA:381,26
DA:382,2
DA:384,1
DA:385,0
DA:387,2
DA:389,1
DA:393,26
DA:394,0
DA:396,52
DA:401,1
DA:402,5
DA:407,26
DA:408,104
DA:410,26
DA:412,4
DA:414,6
DA:419,0
DA:420,0
DA:421,0
DA:423,0
DA:427,1
DA:429,0
DA:433,8
DA:436,1
DA:437,0
DA:444,1
DA:447,1
DA:448,3
DA:450,1
DA:451,2
DA:452,3
DA:454,1
DA:457,1
DA:459,1
DA:460,1
DA:462,0
DA:465,6
DA:466,2
DA:467,0
DA:470,3
DA:471,1
DA:472,9
DA:473,2
DA:474,0
DA:477,1
DA:480,1
DA:481,1
DA:485,2
DA:486,6
DA:488,6
DA:489,6
DA:490,2
DA:494,2
DA:495,2
DA:496,6
DA:497,8
DA:498,2
DA:501,2
DA:502,10
DA:503,1
DA:506,4
DA:507,2
DA:508,4
DA:509,12
DA:510,4
DA:512,2
DA:514,2
DA:516,10
DA:517,2
DA:522,26
DA:525,234
DA:528,26
DA:529,26
DA:530,0
DA:531,0
DA:537,78
DA:538,26
DA:544,52
DA:545,25
DA:546,50
DA:548,0
DA:550,0
DA:551,0
DA:553,0
DA:554,0
DA:555,0
DA:556,0
DA:563,26
DA:565,130
DA:566,110
DA:570,0
DA:571,0
DA:572,0
DA:574,0
LF:231
LH:162
end_of_record
SF:lib/src/artifacts.dart
DA:16,214
DA:17,107
DA:18,107
DA:19,107
DA:20,107
DA:21,107
DA:22,107
DA:23,107
DA:24,107
DA:25,107
DA:26,107
DA:27,107
DA:28,107
DA:29,107
DA:30,107
DA:31,107
DA:34,12
DA:36,12
DA:38,7
DA:39,1
DA:43,7
DA:45,7
DA:47,2
DA:51,0
DA:58,2
DA:59,0
DA:63,2
DA:65,2
DA:67,2
DA:68,0
DA:70,2
DA:71,0
DA:73,2
DA:75,2
DA:77,2
DA:79,1
DA:81,0
DA:84,0
DA:89,1
DA:92,0
DA:93,0
DA:101,48
DA:103,1
DA:104,3
DA:118,14
DA:120,13
DA:122,14
DA:123,14
DA:124,14
DA:125,14
DA:126,0
DA:127,14
DA:128,5
DA:129,13
DA:130,2
DA:131,0
DA:132,0
DA:133,0
DA:134,0
DA:135,13
DA:137,0
DA:141,1
DA:143,4
DA:146,8
DA:147,8
DA:149,8
DA:150,0
DA:151,0
DA:152,8
DA:153,8
DA:154,16
DA:155,32
DA:157,0
DA:162,5
DA:163,5
DA:165,5
DA:166,5
DA:167,5
DA:168,0
DA:169,20
DA:171,0
DA:176,2
DA:177,6
DA:178,6
DA:179,2
DA:182,1
DA:183,3
DA:186,13
DA:188,13
DA:191,8
DA:192,5
DA:193,4
DA:194,4
DA:195,4
DA:196,6
DA:197,2
DA:198,8
DA:199,4
DA:200,0
DA:201,4
DA:202,10
DA:203,3
DA:204,0
DA:205,3
DA:206,0
DA:207,3
DA:208,2
DA:209,1
DA:210,1
DA:211,1
DA:212,5
DA:213,0
DA:214,0
DA:216,0
DA:221,10
DA:222,30
DA:223,10
DA:225,10
DA:226,10
DA:227,10
DA:228,10
DA:229,10
DA:230,10
DA:231,0
DA:232,3
DA:233,10
DA:234,9
DA:235,0
DA:236,0
DA:237,0
DA:238,0
DA:239,37
DA:240,40
DA:242,0
DA:246,13
DA:247,26
DA:249,4
DA:251,0
DA:253,0
DA:259,2
DA:265,1
DA:268,1
DA:269,0
DA:270,1
DA:271,0
DA:272,1
DA:273,1
DA:274,1
DA:275,1
DA:276,0
DA:277,1
DA:278,0
DA:279,1
DA:280,0
DA:281,1
DA:282,5
DA:283,1
DA:288,0
DA:289,1
DA:290,0
DA:291,1
DA:292,0
DA:293,1
DA:294,4
DA:295,0
DA:296,0
DA:297,0
DA:298,0
DA:299,0
DA:300,0
DA:302,0
DA:306,1
DA:308,4
DA:311,0
DA:312,0
DA:313,0
DA:316,0
DA:317,0
DA:320,0
DA:322,0
DA:323,0
DA:324,0
DA:325,0
DA:328,0
DA:331,1
DA:332,2
DA:333,5
DA:334,0
DA:335,0
DA:336,0
DA:337,0
DA:339,0
DA:350,0
DA:356,0
DA:364,0
DA:366,0
DA:367,0
DA:369,0
DA:370,0
DA:372,0
DA:373,0
DA:375,0
DA:376,0
DA:378,0
DA:381,0
DA:382,0
LF:206
LH:128
end_of_record
SF:lib/src/base/context.dart
DA:20,1
DA:25,1
DA:26,3
DA:36,416
DA:48,104
DA:64,312
DA:66,92
DA:68,208
DA:83,104
DA:84,104
DA:87,276
DA:88,184
DA:90,184
DA:91,92
DA:93,1
DA:94,3
DA:97,184
DA:99,276
DA:101,184
DA:102,184
DA:103,92
DA:110,104
DA:111,208
DA:112,104
DA:113,188
DA:114,312
DA:129,94
DA:135,94
DA:137,94
DA:138,94
DA:141,188
DA:142,282
DA:143,94
DA:147,0
DA:149,0
DA:153,0
DA:154,0
DA:155,0
DA:156,0
DA:157,0
DA:158,0
DA:159,0
DA:160,0
DA:161,0
DA:162,0
DA:163,0
DA:165,0
DA:171,107
DA:173,104
DA:175,0
DA:181,107
DA:183,107
LF:52
LH:37
end_of_record
SF:lib/src/base/flags.dart
DA:11,3
DA:20,26
DA:21,0
DA:36,1
DA:37,2
DA:38,1
DA:39,1
DA:40,1
DA:41,3
DA:42,2
DA:48,0
DA:49,0
DA:50,0
DA:51,0
DA:56,60
DA:58,0
DA:61,0
DA:64,0
LF:18
LH:10
end_of_record
SF:lib/src/base/io.dart
DA:83,2
DA:85,2
DA:94,4
DA:98,3
DA:100,0
DA:101,0
DA:106,2
DA:117,107
DA:120,0
DA:121,40
DA:122,40
DA:123,40
DA:124,40
DA:125,6
DA:129,1
DA:131,4
DA:134,1
DA:135,2
DA:143,112
DA:145,0
DA:147,0
DA:149,0
DA:154,63
DA:156,6
DA:157,2
DA:158,0
DA:160,159
DA:161,102
DA:162,0
DA:163,0
DA:166,165
DA:167,18
DA:168,15
DA:169,12
LF:34
LH:25
end_of_record
SF:lib/src/base/logger.dart
DA:16,107
DA:17,107
DA:22,39
DA:25,92
DA:31,9
DA:37,5
DA:43,0
DA:47,0
DA:49,0
DA:154,0
DA:157,1
DA:167,1
DA:169,1
DA:170,1
DA:171,0
DA:172,2
DA:173,2
DA:175,0
DA:176,1
DA:179,2
DA:189,3
DA:191,2
DA:192,2
DA:193,0
DA:195,0
DA:196,2
DA:197,2
DA:198,2
DA:199,3
DA:202,2
DA:204,4
DA:207,1
DA:210,2
DA:218,0
DA:219,2
DA:221,0
DA:223,0
DA:224,0
DA:226,4
DA:227,2
DA:232,1
DA:233,1
DA:235,4
DA:239,2
DA:240,2
DA:242,2
DA:245,2
DA:246,2
DA:259,0
DA:262,0
DA:263,0
DA:264,0
DA:270,1
DA:277,51
DA:278,51
DA:279,9
DA:281,18
DA:291,72
DA:292,18
DA:297,38
DA:307,38
DA:308,114
DA:310,6
DA:313,57
DA:314,114
DA:316,11
DA:324,0
DA:325,11
DA:326,22
DA:330,5
DA:331,10
DA:332,10
DA:333,10
DA:338,10
DA:339,10
DA:346,0
DA:349,1
DA:359,1
DA:361,1
DA:366,3
DA:376,6
DA:379,5
DA:381,5
DA:384,1
DA:392,0
DA:393,1
DA:394,2
DA:395,1
DA:397,1
DA:399,3
DA:400,0
DA:402,2
DA:404,2
DA:405,0
DA:407,2
DA:410,1
DA:413,5
DA:414,10
DA:417,10
DA:418,10
DA:422,5
DA:423,4
DA:425,10
DA:426,5
DA:427,0
DA:429,5
DA:431,10
DA:432,10
DA:434,5
DA:435,5
DA:437,0
DA:438,5
DA:439,15
DA:441,15
DA:446,535
DA:471,15
DA:475,3
DA:480,6
DA:481,0
DA:482,6
DA:491,2
DA:493,6
DA:495,2
DA:497,6
DA:498,6
DA:499,3
DA:503,15
DA:504,30
DA:505,30
DA:509,14
DA:510,14
DA:514,3
DA:515,3
DA:519,0
DA:522,0
DA:524,14
DA:526,28
DA:527,28
DA:528,14
DA:529,2
DA:535,14
DA:538,14
DA:544,2
DA:549,0
DA:550,0
DA:551,2
DA:558,2
DA:560,2
DA:561,2
DA:564,2
DA:565,2
DA:566,12
DA:567,2
DA:570,2
DA:572,2
DA:573,0
DA:574,2
DA:575,2
DA:576,4
DA:579,1
DA:581,1
DA:582,1
DA:583,2
DA:593,2
DA:594,2
DA:595,8
DA:596,2
DA:597,0
DA:600,0
DA:602,0
DA:603,0
DA:604,0
DA:614,1
DA:618,1
DA:629,3
DA:630,1
DA:631,1
DA:638,7
DA:639,6
DA:640,6
DA:641,6
DA:643,1
DA:646,1
DA:648,1
DA:649,1
DA:650,1
DA:653,1
DA:654,3
DA:655,3
DA:656,2
DA:659,1
DA:660,2
DA:661,0
DA:662,1
DA:663,3
DA:664,2
DA:665,1
DA:666,1
DA:667,1
DA:668,4
DA:670,1
DA:671,0
DA:673,1
DA:675,3
DA:677,7
DA:680,1
DA:682,1
DA:683,2
DA:684,2
DA:685,1
DA:686,1
DA:687,1
DA:690,1
DA:691,6
DA:694,1
DA:696,1
DA:697,2
DA:698,1
DA:699,2
DA:702,1
DA:704,1
DA:705,2
DA:706,1
DA:719,1
DA:725,0
DA:726,0
DA:727,0
DA:728,1
DA:736,1
DA:737,1
DA:741,1
DA:743,1
DA:744,1
DA:747,1
DA:748,4
DA:749,2
DA:750,2
DA:753,1
DA:755,1
DA:756,1
DA:757,2
DA:760,1
DA:762,1
DA:763,2
DA:772,1
DA:773,1
DA:774,0
DA:775,4
DA:776,1
DA:777,2
DA:780,1
DA:781,12
DA:784,1
DA:786,1
DA:787,1
DA:790,1
DA:792,1
DA:793,1
LF:258
LH:218
end_of_record
SF:lib/src/base/os.dart
DA:14,45
DA:17,2
DA:18,4
DA:19,1
DA:21,2
DA:25,2
DA:32,1
DA:33,1
DA:34,1
DA:36,1
DA:41,2
DA:61,0
DA:67,0
DA:68,0
DA:78,4
DA:80,1
DA:82,4
DA:85,1
DA:87,1
DA:89,1
DA:90,1
DA:91,2
DA:92,2
DA:94,1
DA:95,8
DA:98,0
DA:100,0
DA:104,0
DA:106,0
DA:109,0
DA:110,0
DA:113,0
DA:115,0
DA:118,0
DA:119,0
DA:121,0
DA:123,0
DA:124,0
DA:129,0
DA:131,0
DA:132,0
DA:133,0
DA:134,0
DA:135,0
DA:136,0
DA:138,0
DA:139,0
DA:140,0
DA:143,0
DA:145,0
DA:148,0
DA:153,2
DA:156,0
DA:158,0
DA:161,1
DA:164,3
DA:165,2
DA:167,3
DA:169,6
DA:170,5
DA:173,0
DA:175,0
DA:176,0
DA:177,0
DA:181,0
DA:182,0
DA:183,0
DA:185,0
DA:188,0
DA:190,0
DA:191,0
DA:194,0
DA:197,0
DA:198,0
DA:200,0
DA:206,0
DA:208,0
DA:209,0
DA:211,0
DA:214,0
DA:217,0
DA:218,0
DA:220,0
DA:226,0
DA:227,0
DA:229,0
DA:232,0
DA:233,0
DA:234,0
DA:235,0
DA:239,0
DA:241,0
DA:246,0
DA:248,0
DA:249,0
DA:250,0
DA:251,0
DA:252,0
DA:254,0
DA:256,0
DA:259,0
DA:267,3
DA:269,3
DA:271,15
DA:273,3
DA:274,1
LF:106
LH:34
end_of_record
SF:lib/src/base/process_manager.dart
DA:16,48
DA:19,144
DA:28,1
DA:29,1
DA:31,1
DA:32,2
DA:33,2
DA:44,0
DA:45,0
DA:49,0
DA:50,0
DA:51,0
LF:12
LH:7
end_of_record
SF:lib/src/base/terminal.dart
DA:14,87
DA:16,29
DA:17,87
DA:18,29
DA:19,2
DA:22,214
DA:23,107
DA:24,107
DA:25,107
DA:26,107
DA:27,107
DA:28,107
DA:29,107
DA:32,12
DA:34,216
DA:35,4
DA:36,108
DA:41,54
DA:45,109
DA:47,16
DA:67,45
DA:68,133
DA:69,43
DA:77,0
DA:79,0
DA:98,27
DA:108,2
DA:110,87
DA:113,4
DA:114,0
DA:115,6
DA:117,2
DA:118,4
DA:122,4
DA:123,4
DA:125,2
DA:127,4
DA:128,6
DA:132,27
DA:133,0
DA:134,29
DA:136,2
DA:137,2
DA:138,4
DA:142,4
DA:143,4
DA:145,2
DA:147,4
DA:148,6
DA:152,0
DA:154,3
DA:155,3
DA:156,6
DA:159,0
DA:160,0
DA:162,0
DA:163,0
DA:173,0
DA:174,0
DA:175,0
DA:189,2
DA:195,0
DA:196,2
DA:197,2
DA:198,0
DA:201,6
DA:202,2
DA:203,6
DA:204,2
DA:207,2
DA:208,6
DA:210,2
DA:212,6
DA:213,2
DA:215,6
DA:216,2
DA:218,2
DA:219,2
DA:220,1
LF:79
LH:65
end_of_record
SF:lib/src/base/user_messages.dart
DA:7,96
DA:12,8
DA:13,8
DA:14,8
DA:15,8
DA:16,8
DA:17,8
DA:18,16
DA:19,16
DA:20,2
DA:23,1
DA:29,0
DA:30,0
DA:33,16
DA:34,1
DA:37,0
DA:38,0
DA:39,16
DA:42,0
DA:45,7
DA:46,0
DA:49,0
DA:50,0
DA:51,14
DA:52,1
DA:61,0
DA:64,1
DA:71,16
DA:72,8
DA:73,8
DA:74,0
DA:77,8
DA:78,0
DA:80,16
DA:83,1
DA:87,14
DA:88,7
DA:89,0
DA:90,0
DA:91,0
DA:96,1
DA:99,0
DA:100,0
DA:101,1
DA:105,1
DA:112,14
DA:113,14
DA:114,0
DA:115,0
DA:118,1
DA:122,0
DA:125,1
DA:130,16
DA:131,1
DA:134,1
DA:135,1
DA:138,1
DA:141,1
DA:147,1
DA:154,1
DA:166,0
DA:173,16
DA:174,1
DA:177,1
DA:180,1
DA:185,2
DA:186,1
DA:192,1
DA:197,1
DA:202,1
DA:209,16
DA:210,0
DA:211,0
DA:214,54
DA:215,0
DA:218,1
DA:220,0
DA:221,0
DA:222,0
DA:223,0
DA:224,1
DA:227,0
DA:230,1
DA:231,1
DA:235,0
DA:249,2
DA:250,0
DA:251,0
DA:252,0
DA:255,0
DA:256,0
DA:257,0
DA:258,0
DA:259,0
DA:260,1
DA:263,0
DA:264,0
DA:265,0
DA:270,0
DA:274,0
DA:276,0
DA:277,0
DA:278,0
DA:284,0
DA:294,0
DA:303,0
LF:106
LH:58
end_of_record
SF:lib/src/base/utils.dart
DA:19,8
DA:22,57
DA:24,8
DA:25,32
DA:26,32
DA:29,32
DA:30,32
DA:31,24
DA:34,24
DA:37,24
DA:40,24
DA:43,24
DA:46,32
DA:47,24
DA:51,8
DA:52,16
DA:53,8
DA:56,0
DA:57,0
DA:58,0
DA:59,0
DA:60,0
DA:63,0
DA:64,0
DA:68,7
DA:69,7
DA:70,32
DA:71,12
DA:72,30
DA:73,12
DA:74,6
DA:79,30
DA:82,10
DA:83,20
DA:84,6
DA:87,2
DA:88,2
DA:90,8
DA:94,3
DA:97,22
DA:98,22
DA:99,22
DA:100,88
DA:103,2
DA:104,2
DA:108,6
DA:109,8
DA:110,2
DA:112,0
DA:116,0
DA:117,0
DA:121,1
DA:122,4
DA:125,6
DA:126,87
DA:128,2
DA:129,4
DA:130,6
DA:133,29
DA:134,116
DA:139,0
DA:140,0
DA:141,0
DA:148,1
DA:149,1
DA:152,6
DA:153,12
DA:161,3
DA:162,3
DA:164,21
DA:166,1
DA:167,1
DA:169,2
DA:170,2
DA:172,1
DA:174,3
DA:175,3
DA:179,1
DA:180,2
DA:181,2
DA:186,8
DA:188,6
DA:189,6
DA:190,6
DA:191,12
DA:193,6
DA:194,12
DA:195,30
DA:199,5
DA:200,10
DA:205,8
DA:206,16
DA:207,40
DA:208,24
DA:209,8
DA:226,1
DA:228,3
DA:231,2
DA:232,1
DA:233,1
DA:234,2
DA:235,3
DA:238,1
DA:239,2
DA:241,4
DA:243,1
DA:244,2
DA:249,7
DA:251,7
DA:260,2
DA:261,2
DA:271,1
DA:272,1
DA:276,2
DA:278,0
DA:281,1
DA:282,4
DA:286,1
DA:287,1
DA:288,2
DA:289,1
DA:300,10
DA:301,30
DA:346,45
DA:347,45
DA:351,88
DA:352,44
DA:353,44
DA:356,44
DA:357,44
DA:358,88
DA:359,44
DA:360,176
DA:362,44
DA:366,11
DA:368,22
DA:371,22
DA:372,44
DA:373,11
DA:374,6
DA:376,9
DA:381,44
DA:383,88
DA:388,44
DA:389,88
DA:390,44
DA:392,44
DA:395,44
DA:396,44
DA:401,44
DA:404,1
DA:407,0
DA:414,4
DA:434,44
DA:435,44
DA:436,17
DA:438,0
DA:439,44
DA:440,44
DA:441,86
DA:447,4
DA:448,16
DA:449,8
DA:450,4
DA:451,4
DA:452,4
DA:453,4
DA:454,5
DA:455,4
DA:456,4
DA:457,4
DA:458,4
DA:459,4
DA:460,4
DA:468,4
DA:469,4
DA:470,4
DA:471,4
DA:472,8
DA:473,8
DA:474,12
DA:476,16
DA:477,4
DA:482,4
DA:483,1
DA:484,4
DA:488,0
DA:494,4
DA:495,24
DA:498,44
DA:499,151
DA:500,44
DA:503,88
DA:504,44
DA:507,4
DA:508,8
DA:509,1
DA:516,12
DA:517,20
DA:521,8
DA:528,8
DA:531,16
DA:532,2
DA:539,8
LF:204
LH:187
end_of_record
SF:lib/src/cache.dart
DA:21,107
DA:32,75
DA:35,75
DA:38,74
DA:41,31
DA:44,31
DA:47,31
DA:50,31
DA:53,75
DA:56,3
DA:72,31
DA:74,90
DA:75,90
DA:76,90
DA:77,90
DA:78,90
DA:79,90
DA:80,90
DA:81,90
DA:82,90
DA:83,90
DA:85,2
DA:89,24
DA:110,24
DA:118,1
DA:130,27
DA:133,0
DA:134,42
DA:139,12
DA:141,0
DA:143,0
DA:144,0
DA:147,0
DA:153,9
DA:156,2
DA:162,3
DA:163,4
DA:164,1
DA:172,3
DA:173,3
DA:176,12
DA:177,11
DA:178,4
DA:179,6
DA:182,3
DA:186,4
DA:187,8
DA:188,4
DA:193,0
DA:194,0
DA:195,0
DA:199,99
DA:202,19
DA:203,19
DA:204,7
DA:206,90
DA:210,16
DA:211,112
DA:212,16
DA:213,2
DA:218,0
DA:221,32
DA:225,16
DA:226,32
DA:231,4
DA:232,8
DA:235,7
DA:236,49
DA:237,17
DA:240,4
DA:241,4
DA:242,12
DA:245,0
DA:246,0
DA:249,10
DA:250,80
DA:255,4
DA:256,4
DA:257,4
DA:260,5
DA:262,0
DA:263,0
DA:264,0
DA:266,0
DA:267,0
DA:268,0
DA:270,0
DA:271,0
DA:273,0
DA:275,0
DA:280,0
DA:284,24
DA:289,8
DA:290,4
DA:291,8
DA:294,1
DA:295,3
DA:296,1
DA:297,1
DA:307,0
DA:311,0
DA:313,0
DA:314,0
DA:315,0
DA:316,0
DA:319,0
DA:326,31
DA:333,6
DA:338,12
DA:339,12
DA:347,3
DA:348,6
DA:351,15
DA:354,3
DA:357,3
DA:360,9
DA:361,6
DA:364,0
DA:365,0
DA:367,0
DA:368,0
DA:369,0
DA:373,0
DA:374,0
DA:375,0
DA:376,0
DA:377,0
DA:378,0
DA:387,3
DA:392,0
DA:393,0
DA:396,0
DA:400,0
DA:403,0
DA:404,0
DA:405,0
DA:406,0
DA:408,0
DA:409,0
DA:411,0
DA:415,0
DA:417,0
DA:418,0
DA:423,0
DA:424,0
DA:428,0
DA:429,0
DA:434,0
DA:435,0
DA:436,0
DA:437,0
DA:443,0
DA:446,0
DA:447,0
DA:455,60
DA:461,0
DA:463,0
DA:464,0
DA:473,60
DA:479,3
DA:480,6
DA:482,0
DA:483,0
DA:486,0
DA:488,0
DA:489,0
DA:490,0
DA:491,0
DA:492,0
DA:493,0
DA:495,0
DA:496,0
DA:498,0
DA:499,0
DA:500,0
DA:501,0
DA:502,0
DA:503,0
DA:504,0
DA:505,0
DA:507,0
DA:514,30
DA:518,30
DA:532,3
DA:534,6
DA:535,6
DA:536,12
DA:537,9
DA:542,6
DA:543,24
DA:544,3
DA:549,6
DA:550,21
DA:551,3
DA:559,0
DA:560,0
DA:562,0
DA:563,0
DA:564,0
DA:567,0
DA:568,0
DA:569,0
DA:570,0
DA:571,0
DA:573,0
DA:576,0
DA:577,0
DA:578,0
DA:579,0
DA:580,0
DA:581,0
DA:586,0
DA:587,0
DA:588,0
DA:589,0
DA:593,0
DA:594,0
DA:595,0
DA:598,0
DA:599,0
DA:600,0
DA:606,0
DA:607,0
DA:608,0
DA:609,0
DA:610,0
DA:619,0
DA:620,0
DA:621,0
DA:622,0
DA:623,0
DA:624,0
DA:633,60
DA:639,3
DA:642,3
DA:644,3
DA:645,3
DA:646,3
DA:648,6
DA:649,0
DA:650,0
DA:651,0
DA:652,0
DA:654,6
DA:655,0
DA:656,0
DA:658,6
DA:659,6
DA:660,3
DA:662,0
DA:663,0
DA:664,0
DA:670,3
DA:675,60
DA:681,0
DA:684,0
DA:686,0
DA:692,0
DA:697,60
DA:703,0
DA:706,0
DA:708,0
DA:714,0
DA:719,60
DA:725,0
DA:728,0
DA:730,0
DA:736,0
DA:741,60
DA:747,3
DA:750,3
DA:752,3
DA:753,6
DA:755,0
DA:756,0
DA:757,0
DA:758,0
DA:759,0
DA:760,6
DA:762,0
DA:763,0
DA:764,6
DA:766,3
DA:767,3
DA:768,0
DA:770,0
DA:771,0
DA:776,3
DA:777,3
DA:781,60
DA:787,3
DA:789,3
DA:790,6
DA:791,3
DA:796,3
DA:798,12
DA:804,3
DA:806,3
DA:815,62
DA:821,8
DA:823,16
DA:825,0
DA:827,0
DA:828,0
DA:830,0
DA:832,0
DA:836,4
DA:838,20
DA:839,12
DA:842,8
DA:843,24
DA:844,4
DA:847,28
DA:848,4
DA:856,60
DA:865,0
DA:868,0
DA:870,0
DA:876,0
DA:877,0
DA:882,3
DA:883,2
DA:884,2
DA:885,2
DA:886,2
DA:887,2
DA:888,2
DA:889,2
DA:890,2
DA:891,2
DA:892,2
DA:893,2
DA:898,1
DA:899,1
DA:900,2
DA:901,4
DA:903,1
DA:906,1
DA:908,4
DA:909,1
DA:910,3
DA:914,0
DA:915,0
DA:916,0
DA:917,0
DA:920,0
DA:921,0
DA:922,0
DA:923,0
DA:928,0
DA:929,0
DA:930,0
DA:934,107
DA:939,107
DA:944,107
DA:948,107
DA:959,107
DA:970,107
DA:981,107
DA:996,107
DA:1002,107
LF:361
LH:183
end_of_record
SF:lib/src/convert.dart
DA:16,32
DA:18,26
DA:21,9
DA:22,9
DA:24,0
DA:25,0
DA:28,32
DA:31,214
DA:35,11
DA:37,11
DA:40,22
DA:41,1
LF:12
LH:10
end_of_record
SF:lib/src/dart/package_map.dart
DA:12,35
DA:13,105
DA:14,35
DA:15,105
DA:19,35
DA:21,21
DA:23,0
DA:25,0
DA:29,9
DA:36,35
DA:37,105
DA:40,35
DA:41,35
DA:42,35
DA:47,0
DA:50,0
DA:51,0
DA:52,0
DA:53,0
DA:54,0
DA:57,0
DA:58,0
DA:61,7
DA:62,21
DA:64,0
DA:65,0
DA:66,0
DA:67,0
DA:69,0
LF:29
LH:14
end_of_record
SF:lib/src/device.dart
DA:26,81
DA:33,4
DA:43,2
DA:44,2
DA:45,0
DA:46,0
DA:47,0
DA:48,2
DA:52,2
DA:53,2
DA:54,0
DA:55,2
DA:61,1
DA:62,1
DA:64,0
DA:67,1
DA:68,1
DA:72,2
DA:76,0
DA:78,1
DA:79,3
DA:80,1
DA:81,1
DA:82,3
DA:83,3
DA:84,1
DA:85,3
DA:86,3
DA:88,1
DA:89,1
DA:91,1
DA:96,1
DA:97,1
DA:101,1
DA:102,1
DA:103,0
DA:104,1
DA:107,2
DA:108,8
DA:112,2
DA:113,4
DA:114,4
DA:115,0
DA:121,0
DA:122,0
DA:126,1
DA:127,1
DA:128,2
DA:129,3
DA:147,3
DA:153,7
DA:155,0
DA:156,0
DA:164,0
DA:165,0
DA:166,0
DA:168,0
DA:170,0
DA:171,0
DA:172,0
DA:173,0
DA:179,1
DA:180,1
DA:181,1
DA:185,6
DA:186,24
DA:187,12
DA:190,0
DA:191,0
DA:192,0
DA:195,0
DA:196,0
DA:197,0
DA:200,2
DA:202,0
DA:203,0
DA:208,11
DA:214,0
DA:220,1
DA:221,2
DA:222,2
DA:223,1
DA:224,0
DA:225,0
DA:226,0
DA:255,0
DA:294,0
DA:297,0
DA:301,0
DA:305,0
DA:310,0
DA:312,1
DA:313,2
DA:315,1
DA:319,0
DA:321,0
DA:324,0
DA:325,0
DA:327,1
DA:328,1
DA:332,1
DA:333,2
DA:334,1
DA:335,2
DA:336,2
DA:337,0
DA:338,0
DA:340,2
DA:341,1
DA:342,1
DA:343,2
DA:344,3
DA:349,5
DA:350,3
DA:351,2
DA:352,113
DA:356,2
DA:357,10
DA:361,1
DA:362,3
DA:367,3
DA:380,1
DA:405,2
DA:409,4
DA:410,2
DA:414,0
DA:419,0
DA:421,0
DA:422,0
DA:423,0
DA:424,0
DA:429,1
DA:430,0
DA:436,0
DA:437,0
DA:462,0
DA:463,0
DA:471,0
DA:478,0
DA:486,0
DA:492,11
DA:495,3
DA:497,3
DA:498,3
DA:501,0
LF:145
LH:86
end_of_record
SF:lib/src/globals.dart
DA:12,207
DA:13,62
DA:14,70
DA:15,32
DA:23,18
DA:32,36
DA:52,36
DA:61,72
DA:74,174
LF:9
LH:9
end_of_record
SF:lib/src/tester/flutter_tester.dart
DA:25,1
DA:26,3
DA:29,1
DA:31,2
DA:35,1
DA:36,2
DA:38,1
DA:39,2
DA:44,6
DA:50,1
DA:52,1
DA:55,1
DA:56,1
DA:59,0
DA:60,0
DA:61,0
DA:65,1
DA:67,0
DA:73,1
DA:74,1
DA:77,1
DA:80,1
DA:83,1
DA:85,1
DA:89,0
DA:92,1
DA:102,1
DA:104,1
DA:105,1
DA:106,1
DA:109,2
DA:110,2
DA:111,0
DA:113,1
DA:118,2
DA:120,1
DA:121,1
DA:122,0
DA:123,1
DA:124,0
DA:128,1
DA:129,1
DA:130,4
DA:131,1
DA:133,2
DA:138,1
DA:140,2
DA:142,1
DA:145,2
DA:147,1
DA:148,4
DA:149,1
DA:154,6
DA:155,2
DA:156,3
DA:157,1
DA:158,2
DA:159,2
DA:161,2
DA:162,3
DA:163,1
DA:164,1
DA:165,0
DA:168,1
DA:169,0
DA:171,1
DA:172,1
DA:173,1
DA:176,2
DA:177,1
DA:179,0
DA:180,0
DA:185,0
DA:186,0
DA:187,0
DA:192,1
DA:196,6
DA:205,0
DA:208,2
DA:212,3
DA:213,5
DA:221,0
DA:224,1
DA:225,2
DA:227,0
DA:230,3
DA:236,0
DA:238,0
DA:240,0
DA:243,0
DA:244,0
DA:247,0
LF:92
LH:68
end_of_record
SF:lib/src/usage.dart
DA:29,56
DA:34,1
DA:35,1
DA:36,1
DA:37,2
DA:38,2
DA:41,4
DA:43,3
DA:45,3
DA:46,0
DA:48,2
DA:51,2
DA:53,1
DA:58,84
DA:65,3
DA:67,3
DA:69,4
DA:72,1
DA:73,1
DA:77,1
DA:78,2
DA:83,0
DA:85,1
DA:86,1
DA:91,0
DA:94,0
DA:99,0
DA:104,0
DA:107,1
DA:113,1
DA:114,0
DA:116,0
DA:123,0
DA:124,0
DA:125,0
DA:129,1
DA:130,2
DA:134,0
DA:138,0
DA:141,1
DA:144,1
DA:146,1
DA:148,1
DA:149,1
LF:44
LH:31
end_of_record
SF:lib/src/version.dart
DA:21,4
DA:23,8
DA:24,16
DA:30,2
DA:31,2
DA:32,2
DA:36,0
DA:37,0
DA:40,4
DA:52,6
DA:61,4
DA:62,4
DA:63,4
DA:64,4
DA:65,8
DA:66,1
DA:67,3
DA:68,3
DA:69,3
DA:70,1
DA:72,2
DA:75,4
DA:83,6
DA:84,6
DA:87,2
DA:88,4
DA:92,4
DA:94,2
DA:96,9
DA:98,9
DA:99,6
DA:101,1
DA:102,7
DA:105,1
DA:107,4
DA:108,3
DA:109,4
DA:110,2
DA:111,2
DA:118,1
DA:121,2
DA:122,1
DA:123,1
DA:124,1
DA:125,1
DA:126,1
DA:127,1
DA:128,1
DA:132,8
DA:134,4
DA:135,4
DA:138,1
DA:140,8
DA:141,4
DA:156,1
DA:157,2
DA:159,3
DA:166,3
DA:167,2
DA:169,2
DA:173,1
DA:174,3
DA:175,1
DA:176,3
DA:177,1
DA:178,1
DA:179,0
DA:182,102
DA:185,1
DA:186,2
DA:187,3
DA:188,0
DA:195,1
DA:196,2
DA:197,1
DA:198,1
DA:199,1
DA:200,0
DA:202,5
DA:205,0
DA:211,1
DA:215,2
DA:216,1
DA:219,2
DA:225,2
DA:234,2
DA:237,2
DA:239,2
DA:241,2
DA:252,2
DA:259,1
DA:267,1
DA:269,3
DA:271,1
DA:272,1
DA:282,2
DA:284,4
DA:288,4
DA:289,6
DA:290,6
DA:295,4
DA:299,2
DA:304,4
DA:305,5
DA:306,8
DA:311,2
DA:312,2
DA:317,1
DA:318,1
DA:319,1
DA:320,1
DA:321,3
DA:322,1
DA:323,2
DA:324,1
DA:325,1
DA:330,1
DA:332,2
DA:334,4
DA:342,1
DA:345,1
DA:363,2
DA:364,2
DA:365,4
DA:367,2
DA:368,8
DA:371,2
DA:372,2
DA:377,4
DA:378,2
DA:379,2
DA:383,1
DA:387,2
DA:390,2
DA:391,2
DA:401,2
DA:415,2
DA:416,4
DA:421,2
DA:422,2
DA:423,2
DA:425,2
DA:429,3
DA:437,2
DA:438,2
DA:439,2
DA:440,4
DA:444,2
DA:445,2
DA:446,2
DA:447,2
DA:451,1
DA:456,1
DA:459,2
DA:462,2
DA:465,2
DA:468,3
DA:471,1
DA:476,1
DA:477,1
DA:478,1
DA:480,1
DA:483,2
DA:486,2
DA:489,2
DA:502,1
DA:506,1
DA:507,2
DA:514,4
DA:515,8
DA:517,8
DA:518,8
DA:521,0
DA:522,0
DA:523,0
DA:530,4
DA:531,8
DA:538,1
DA:539,3
DA:541,2
DA:542,2
DA:544,1
DA:545,2
DA:546,1
DA:550,2
DA:553,6
DA:557,4
DA:558,5
DA:584,4
DA:585,8
DA:588,4
DA:589,4
DA:590,10
DA:592,4
DA:595,15
DA:596,21
DA:599,4
DA:600,16
DA:602,6
DA:603,2
DA:604,5
DA:605,8
DA:607,2
DA:608,7
DA:609,12
DA:613,214
DA:616,107
DA:618,107
DA:620,107
LF:209
LH:200
end_of_record
SF:lib/src/vmservice.dart
DA:32,4
DA:65,2
DA:70,2
DA:71,4
DA:72,2
DA:74,1
DA:75,1
DA:78,1
DA:81,1
DA:82,1
DA:85,4
DA:87,2
DA:89,6
DA:90,2
DA:91,0
DA:92,2
DA:93,4
DA:96,0
DA:102,1
DA:110,2
DA:111,5
DA:113,2
DA:114,0
DA:118,0
DA:119,0
DA:120,0
DA:121,0
DA:123,0
DA:124,0
DA:125,0
DA:126,0
DA:127,0
DA:128,0
DA:131,0
DA:132,0
DA:133,0
DA:136,0
DA:137,0
DA:143,0
DA:150,0
DA:151,0
DA:153,0
DA:154,0
DA:157,0
DA:158,0
DA:159,0
DA:162,0
DA:163,0
DA:169,0
DA:176,0
DA:177,0
DA:178,0
DA:179,0
DA:180,0
DA:181,0
DA:182,0
DA:183,0
DA:184,0
DA:185,0
DA:186,0
DA:187,0
DA:188,0
DA:189,0
DA:190,0
DA:191,0
DA:194,0
DA:197,0
DA:198,0
DA:199,0
DA:202,0
DA:203,0
DA:207,0
DA:221,1
DA:222,1
DA:223,0
DA:224,0
DA:225,0
DA:234,0
DA:235,0
DA:236,0
DA:247,2
DA:254,10
DA:255,6
DA:256,0
DA:257,0
DA:260,0
DA:271,2
DA:279,0
DA:281,0
DA:282,0
DA:286,0
DA:287,0
DA:289,0
DA:290,0
DA:301,0
DA:302,0
DA:303,0
DA:306,1
DA:310,2
DA:311,3
DA:312,2
DA:316,0
DA:317,0
DA:319,0
DA:320,0
DA:325,0
DA:326,0
DA:327,0
DA:328,0
DA:331,0
DA:336,0
DA:337,0
DA:338,0
DA:339,0
DA:340,0
DA:341,0
DA:344,0
DA:348,0
DA:350,0
DA:353,0
DA:354,0
DA:355,0
DA:356,0
DA:361,4
DA:363,3
DA:368,0
DA:373,1
DA:374,1
DA:376,2
DA:377,3
DA:383,1
DA:387,1
DA:389,1
DA:390,1
DA:391,0
DA:392,0
DA:396,1
DA:397,2
DA:398,2
DA:399,2
DA:400,1
DA:401,1
DA:402,1
DA:403,1
DA:408,1
DA:409,3
DA:410,1
DA:411,2
DA:412,2
DA:413,0
DA:414,0
DA:415,0
DA:416,0
DA:423,1
DA:428,1
DA:435,1
DA:436,0
DA:438,2
DA:442,1
DA:443,0
DA:445,1
DA:446,2
DA:448,1
DA:449,2
DA:454,1
DA:456,1
DA:461,2
DA:464,2
DA:468,0
DA:472,0
DA:477,0
DA:480,2
DA:484,1
DA:486,0
DA:489,0
DA:493,1
DA:494,1
DA:496,1
DA:500,0
DA:501,0
DA:502,0
DA:504,0
DA:509,1
DA:510,3
DA:511,1
DA:515,1
DA:518,1
DA:519,1
DA:520,2
DA:522,2
DA:523,3
DA:525,0
DA:527,1
DA:528,1
DA:531,0
DA:533,1
DA:534,2
DA:537,0
DA:541,1
DA:543,2
DA:544,2
DA:546,3
DA:547,0
DA:550,1
DA:551,3
DA:553,3
DA:554,4
DA:555,0
DA:557,2
DA:560,2
DA:561,3
DA:565,1
DA:573,0
DA:576,0
DA:578,0
DA:580,0
DA:582,0
DA:584,0
DA:614,0
DA:616,0
DA:617,0
DA:618,0
DA:619,0
DA:620,0
DA:621,0
DA:622,0
DA:623,0
DA:624,0
DA:630,0
DA:631,0
DA:634,0
DA:635,0
DA:636,0
DA:637,0
DA:638,0
DA:639,0
DA:640,0
DA:641,0
DA:648,2
DA:651,0
DA:654,0
DA:657,0
DA:668,2
DA:672,1
DA:673,1
DA:675,1
DA:678,1
DA:679,1
DA:681,1
DA:688,1
DA:689,1
DA:691,2
DA:692,1
DA:693,0
DA:694,2
DA:695,2
DA:698,3
DA:712,0
DA:716,0
DA:717,0
DA:722,0
DA:726,2
DA:727,3
DA:728,0
DA:730,0
DA:731,0
DA:732,0
DA:741,0
DA:743,0
DA:746,1
DA:747,3
DA:748,2
DA:749,2
DA:750,2
DA:753,1
DA:756,1
DA:757,2
DA:760,1
DA:761,3
DA:762,1
DA:763,0
DA:766,3
DA:767,1
DA:770,1
DA:775,2
DA:776,1
DA:778,0
DA:782,1
DA:785,1
DA:787,2
DA:790,1
DA:791,2
DA:792,1
DA:795,2
DA:796,0
DA:800,1
DA:805,1
DA:806,2
DA:809,1
DA:810,2
DA:812,0
DA:818,0
DA:824,0
DA:825,0
DA:827,0
DA:829,0
DA:832,1
DA:833,2
DA:834,2
DA:836,4
DA:840,1
DA:844,2
DA:845,0
DA:847,3
DA:848,4
DA:850,0
DA:851,0
DA:853,0
DA:854,0
DA:855,0
DA:861,1
DA:865,2
DA:869,1
DA:870,1
DA:871,0
DA:872,0
DA:878,0
DA:879,0
DA:883,0
DA:884,0
DA:888,0
DA:893,0
DA:894,0
DA:895,0
DA:897,0
DA:900,0
DA:906,0
DA:907,0
DA:909,0
DA:914,0
DA:918,0
DA:919,0
DA:923,0
DA:924,0
DA:927,0
DA:933,0
DA:934,0
DA:936,0
DA:937,0
DA:938,0
DA:942,0
DA:943,0
DA:946,0
DA:947,0
DA:948,0
DA:950,0
DA:956,0
DA:957,0
DA:960,1
DA:961,0
DA:962,1
DA:963,1
DA:967,2
DA:971,4
DA:972,3
DA:974,1
DA:975,1
DA:976,1
DA:977,1
DA:978,2
DA:982,0
DA:984,0
DA:985,0
DA:988,0
DA:989,0
DA:991,0
DA:992,0
DA:993,0
DA:998,2
DA:1007,0
DA:1008,0
DA:1009,0
DA:1011,0
DA:1012,0
DA:1013,0
DA:1014,107
DA:1015,0
DA:1018,0
DA:1019,0
DA:1021,0
DA:1024,1
DA:1026,2
DA:1027,2
DA:1028,2
DA:1029,2
DA:1030,2
DA:1031,2
DA:1037,0
DA:1044,0
DA:1046,0
DA:1047,0
DA:1049,0
DA:1056,2
DA:1058,1
DA:1059,1
DA:1061,0
DA:1062,0
DA:1064,0
DA:1078,0
DA:1079,0
DA:1081,0
DA:1085,0
DA:1086,0
DA:1088,0
DA:1091,0
DA:1092,0
DA:1094,0
DA:1098,0
DA:1099,0
DA:1100,0
DA:1104,1
DA:1105,1
DA:1108,1
DA:1114,1
DA:1115,1
DA:1118,0
DA:1120,2
DA:1124,0
DA:1125,0
DA:1128,1
DA:1129,2
DA:1130,3
DA:1131,2
DA:1132,3
DA:1135,1
DA:1139,1
DA:1141,1
DA:1142,2
DA:1144,1
DA:1146,2
DA:1148,2
DA:1153,0
DA:1159,0
DA:1163,0
DA:1166,0
DA:1168,0
DA:1170,0
DA:1171,0
DA:1172,0
DA:1173,0
DA:1174,0
DA:1179,0
DA:1180,0
DA:1181,0
DA:1184,0
DA:1185,0
DA:1186,0
DA:1188,0
DA:1189,0
DA:1191,0
DA:1192,0
DA:1193,0
DA:1196,0
DA:1197,0
DA:1198,0
DA:1199,0
DA:1202,0
DA:1203,0
DA:1204,0
DA:1207,0
DA:1208,0
DA:1209,0
DA:1210,0
DA:1211,0
DA:1212,0
DA:1216,0
DA:1221,0
DA:1223,0
DA:1225,0
DA:1226,0
DA:1227,0
DA:1228,0
DA:1232,0
DA:1233,0
DA:1240,0
DA:1245,0
DA:1246,0
DA:1248,0
DA:1254,0
DA:1255,0
DA:1258,0
DA:1259,0
DA:1262,0
DA:1263,0
DA:1266,0
DA:1267,0
DA:1270,0
DA:1271,0
DA:1274,0
DA:1275,0
DA:1276,0
DA:1277,0
DA:1278,0
DA:1279,0
DA:1285,0
DA:1287,0
DA:1289,0
DA:1291,0
DA:1293,0
DA:1295,0
DA:1296,0
DA:1298,0
DA:1302,0
DA:1303,0
DA:1306,0
DA:1307,0
DA:1309,0
DA:1312,0
DA:1313,0
DA:1316,0
DA:1317,0
DA:1319,0
DA:1325,0
DA:1327,0
DA:1328,0
DA:1329,0
DA:1334,0
DA:1335,0
DA:1338,0
DA:1339,0
DA:1341,0
DA:1343,0
DA:1344,0
DA:1348,0
DA:1349,0
DA:1353,2
DA:1357,1
DA:1359,1
DA:1360,2
DA:1361,2
DA:1362,2
DA:1366,0
DA:1367,0
DA:1368,0
DA:1369,0
DA:1370,0
DA:1371,0
DA:1372,0
DA:1373,0
DA:1374,0
DA:1375,0
DA:1376,0
DA:1377,0
DA:1378,0
DA:1379,0
DA:1380,0
DA:1381,0
DA:1382,0
DA:1383,0
DA:1384,0
DA:1385,0
DA:1386,0
DA:1387,0
DA:1388,0
DA:1389,0
DA:1390,0
DA:1391,0
DA:1392,0
DA:1393,0
DA:1394,0
DA:1395,0
DA:1396,0
DA:1397,0
DA:1398,0
DA:1399,0
DA:1400,0
DA:1401,0
DA:1402,0
DA:1403,0
DA:1404,0
DA:1405,0
DA:1406,0
DA:1407,0
DA:1408,0
DA:1409,0
DA:1410,0
DA:1415,2
DA:1418,0
DA:1420,1
DA:1422,1
DA:1423,2
DA:1424,2
DA:1428,0
DA:1433,0
DA:1435,0
DA:1437,0
DA:1440,0
DA:1441,0
DA:1442,0
DA:1443,0
DA:1446,0
DA:1450,0
DA:1451,0
DA:1452,0
DA:1455,0
DA:1456,0
DA:1457,0
DA:1458,0
DA:1459,0
DA:1460,0
DA:1461,0
DA:1465,0
DA:1467,0
DA:1468,0
DA:1469,0
DA:1472,0
DA:1473,0
LF:617
LH:205
end_of_record
SF:lib/src/vmservice_record_replay.dart
DA:25,0
DA:26,0
DA:27,0
DA:31,0
DA:33,0
DA:34,0
DA:35,0
DA:44,0
DA:46,0
DA:47,0
DA:50,0
DA:51,0
DA:56,0
DA:58,0
DA:59,0
DA:60,0
DA:61,0
DA:67,0
DA:70,0
DA:71,0
DA:72,0
DA:73,0
DA:77,0
DA:79,0
DA:80,0
DA:81,0
DA:83,0
DA:84,0
DA:86,0
DA:87,0
DA:96,0
DA:97,0
DA:102,0
DA:103,0
DA:118,0
DA:120,0
DA:121,0
DA:122,0
DA:123,0
DA:124,0
DA:125,0
DA:127,0
DA:128,0
DA:129,0
DA:130,0
DA:132,0
DA:133,0
DA:134,0
DA:136,0
DA:137,0
DA:138,0
DA:147,0
DA:148,0
DA:149,0
DA:150,0
DA:151,0
DA:153,0
DA:154,0
DA:159,0
DA:165,0
DA:170,0
DA:171,0
DA:173,0
DA:174,0
DA:176,0
DA:178,0
DA:179,0
DA:182,0
DA:184,0
DA:187,0
DA:189,0
DA:197,0
DA:198,0
DA:204,0
DA:205,0
DA:206,0
DA:207,0
DA:208,0
DA:209,0
DA:211,0
DA:212,0
DA:213,0
DA:214,0
DA:216,0
DA:217,0
DA:223,0
DA:224,0
DA:227,0
DA:228,0
DA:229,0
DA:230,0
DA:232,0
DA:236,0
DA:237,0
DA:239,0
DA:240,0
DA:241,0
DA:245,0
DA:246,0
DA:248,0
DA:249,0
DA:253,0
DA:258,0
DA:260,0
DA:261,0
DA:264,0
DA:265,0
DA:267,0
DA:269,0
DA:270,0
DA:271,0
DA:274,0
DA:276,0
DA:279,0
DA:281,0
DA:285,0
DA:286,0
DA:287,0
LF:118
LH:0
end_of_record
SF:lib/src/base/net.dart
DA:17,1
DA:21,1
DA:22,2
DA:25,3
DA:26,2
DA:27,1
DA:28,1
DA:33,1
DA:34,2
DA:36,1
DA:37,2
DA:39,2
DA:40,3
DA:42,0
DA:47,2
DA:49,2
DA:51,1
DA:52,2
DA:53,1
DA:59,1
DA:60,2
DA:63,2
DA:67,3
DA:69,2
DA:70,4
DA:71,0
DA:74,0
DA:79,4
DA:82,1
DA:84,1
DA:85,3
DA:86,0
DA:87,1
DA:88,2
LF:34
LH:30
end_of_record
SF:lib/src/build_info.dart
DA:13,107
DA:96,21
DA:97,2
DA:98,2
DA:99,0
DA:100,0
DA:105,18
DA:110,5
DA:115,5
DA:118,0
DA:120,0
DA:121,0
DA:122,0
DA:123,3
DA:124,0
DA:126,0
DA:127,0
DA:128,0
DA:129,0
DA:130,0
DA:131,0
DA:132,0
DA:133,0
DA:138,226
DA:139,107
DA:140,107
DA:141,107
DA:142,107
DA:143,107
DA:146,7
DA:150,6
DA:151,2
DA:153,5
DA:154,5
DA:156,5
DA:157,15
DA:158,5
DA:159,5
DA:160,1
DA:162,5
DA:163,5
DA:164,1
DA:169,2
DA:170,0
DA:171,0
DA:172,0
DA:174,2
DA:175,2
DA:176,2
DA:177,2
DA:180,2
DA:181,2
DA:182,1
DA:190,7
DA:194,6
DA:195,2
DA:197,5
DA:198,5
DA:200,5
DA:201,15
DA:202,5
DA:203,10
DA:204,1
DA:206,5
DA:207,5
DA:208,1
DA:213,2
DA:214,0
DA:215,0
DA:216,0
DA:223,20
DA:225,0
DA:226,0
DA:230,0
DA:231,0
DA:235,0
DA:236,0
DA:237,0
DA:238,0
DA:241,214
DA:242,107
DA:243,107
DA:244,107
DA:247,8
DA:249,8
DA:251,1
DA:253,0
DA:256,0
DA:260,216
DA:261,107
DA:262,107
DA:263,107
DA:264,107
DA:265,107
DA:266,107
DA:267,107
DA:268,107
DA:269,107
DA:270,107
DA:271,107
DA:277,214
DA:278,107
DA:279,107
DA:283,5
DA:287,5
DA:289,5
DA:291,5
DA:294,0
DA:298,0
DA:300,0
DA:302,0
DA:305,0
DA:309,14
DA:311,14
DA:313,7
DA:315,7
DA:317,7
DA:319,7
DA:321,2
DA:323,1
DA:325,0
DA:327,0
DA:329,0
DA:331,0
DA:334,0
DA:338,0
DA:340,0
DA:342,0
DA:344,0
DA:346,0
DA:348,0
DA:350,0
DA:352,0
DA:354,0
DA:357,0
DA:361,9
DA:362,18
DA:364,4
DA:366,0
DA:369,0
DA:375,21
DA:378,42
DA:381,40
DA:382,60
DA:383,0
DA:384,0
DA:390,1
DA:392,1
DA:396,5
DA:397,20
DA:401,13
DA:402,52
DA:406,5
DA:407,20
DA:411,1
DA:412,4
DA:417,1
DA:418,4
LF:158
LH:103
end_of_record
SF:lib/src/dart/sdk.dart
DA:10,10
DA:11,30
DA:15,3
DA:20,7
DA:21,63
LF:5
LH:5
end_of_record
SF:lib/src/base/time.dart
DA:8,84
DA:13,106
DA:19,54
DA:22,2
DA:23,4
DA:28,3
DA:32,3
DA:33,3
LF:8
LH:8
end_of_record
SF:lib/src/application_package.dart
DA:29,3
DA:31,1
DA:36,1
DA:37,0
DA:38,0
DA:39,0
DA:40,5
DA:41,2
DA:44,5
DA:45,1
DA:46,0
DA:48,0
DA:49,0
DA:50,0
DA:51,0
DA:52,0
DA:54,0
DA:56,0
DA:57,0
DA:58,0
DA:59,0
DA:60,0
DA:63,0
DA:69,18
DA:70,0
DA:77,2
DA:79,0
DA:81,1
DA:82,1
DA:86,12
DA:91,0
DA:92,0
DA:93,12
DA:96,1
DA:97,3
DA:99,3
DA:103,1
DA:107,1
DA:112,2
DA:115,0
DA:119,2
DA:120,0
DA:124,1
DA:125,1
DA:127,2
DA:128,3
DA:142,1
DA:145,1
DA:146,0
DA:147,0
DA:150,0
DA:156,6
DA:159,1
DA:161,1
DA:164,0
DA:167,0
DA:168,0
DA:170,0
DA:171,0
DA:173,0
DA:175,0
DA:176,0
DA:177,0
DA:180,0
DA:181,0
DA:183,0
DA:186,0
DA:187,0
DA:188,0
DA:192,0
DA:195,0
DA:196,0
DA:200,0
DA:201,0
DA:203,0
DA:207,0
DA:208,0
DA:209,0
DA:218,0
DA:226,0
DA:227,0
DA:229,2
DA:230,4
DA:234,1
DA:235,3
DA:238,30
DA:241,1
DA:242,3
DA:243,1
DA:244,1
DA:245,2
DA:249,1
DA:250,2
DA:251,1
DA:252,3
DA:255,2
DA:258,3
DA:259,1
DA:260,0
DA:262,4
DA:263,2
DA:264,4
DA:266,1
DA:267,1
DA:272,2
DA:273,1
DA:274,1
DA:279,4
DA:280,3
DA:281,1
DA:284,2
DA:289,1
DA:293,1
DA:295,4
DA:300,0
DA:301,0
DA:303,0
DA:306,1
DA:307,1
DA:315,42
DA:319,2
DA:320,4
DA:322,0
DA:323,0
DA:325,0
DA:326,0
DA:328,0
DA:329,0
DA:334,1
DA:338,1
DA:343,0
DA:344,0
DA:346,0
DA:347,0
DA:349,0
DA:350,0
DA:352,0
DA:356,28
DA:361,3
DA:363,3
DA:364,3
DA:365,3
DA:366,3
DA:367,2
DA:368,2
DA:369,3
DA:370,2
DA:371,2
DA:372,1
DA:373,1
DA:374,1
DA:375,1
DA:376,1
DA:377,1
DA:390,1
DA:392,2
DA:393,2
DA:394,5
DA:395,1
DA:396,2
DA:402,1
DA:403,2
DA:406,1
DA:407,2
DA:408,4
DA:409,1
DA:413,1
DA:414,2
DA:415,4
DA:416,1
DA:420,1
DA:421,2
DA:422,4
DA:427,1
DA:431,4
DA:432,1
DA:433,2
DA:434,2
DA:435,5
DA:436,1
DA:444,1
DA:446,1
DA:447,2
DA:450,1
DA:451,2
DA:453,2
DA:456,2
DA:457,1
DA:458,3
DA:461,2
DA:462,1
DA:465,2
DA:466,1
DA:467,1
DA:469,2
DA:471,1
DA:472,1
DA:473,1
DA:479,1
DA:480,0
DA:482,1
DA:485,1
DA:486,1
DA:488,1
DA:489,1
DA:491,2
DA:496,2
DA:497,1
DA:498,1
DA:500,1
DA:501,1
DA:503,2
DA:505,1
DA:507,1
DA:518,1
DA:520,4
DA:523,2
DA:527,1
DA:530,4
DA:533,1
DA:535,0
DA:538,2
DA:539,0
DA:542,3
DA:544,0
DA:548,1
DA:549,2
DA:550,3
DA:551,2
DA:553,1
DA:558,0
DA:560,0
DA:562,6
DA:564,6
DA:566,1
DA:567,5
DA:570,0
DA:571,0
LF:238
LH:161
end_of_record
SF:lib/src/bundle.dart
DA:24,30
DA:26,1
DA:27,1
DA:28,4
DA:33,2
DA:38,0
DA:50,1
DA:72,1
DA:73,0
DA:74,4
DA:75,0
DA:76,2
DA:79,0
DA:83,0
DA:85,0
DA:88,0
DA:90,0
DA:91,0
DA:92,0
DA:95,0
DA:101,1
DA:102,0
DA:103,1
DA:104,3
DA:105,2
DA:106,2
DA:108,4
DA:109,4
DA:119,1
DA:120,2
DA:122,4
DA:124,5
DA:125,4
DA:128,0
DA:129,0
DA:133,0
DA:141,0
DA:142,0
DA:147,2
DA:154,0
DA:156,2
DA:166,1
DA:173,0
DA:174,0
DA:177,2
DA:178,2
DA:185,1
DA:191,1
DA:199,0
DA:200,1
DA:202,2
DA:205,0
DA:206,0
DA:207,0
DA:208,0
DA:209,0
DA:210,0
DA:212,2
DA:213,2
DA:214,1
DA:215,4
DA:216,4
DA:220,2
DA:221,1
DA:223,4
DA:224,2
DA:227,1
DA:231,1
DA:232,0
DA:233,1
DA:235,2
DA:236,3
DA:237,7
DA:238,2
DA:239,5
LF:75
LH:47
end_of_record
SF:lib/src/protocol_discovery.dart
DA:14,4
DA:20,0
DA:21,20
DA:24,4
DA:31,4
DA:51,12
DA:53,6
DA:55,4
DA:56,12
DA:57,4
DA:60,4
DA:63,16
DA:64,4
DA:68,8
DA:70,1
DA:71,2
DA:76,8
DA:77,4
DA:78,12
DA:83,4
DA:84,12
DA:87,4
DA:88,2
DA:89,8
DA:90,6
DA:91,2
DA:94,12
DA:95,4
DA:96,3
LF:29
LH:28
end_of_record
SF:lib/src/android/android_device.dart
DA:30,428
DA:33,1
DA:46,4
DA:48,2
DA:51,0
DA:52,0
DA:55,4
DA:58,2
DA:62,1
DA:67,1
DA:77,1
DA:78,1
DA:79,2
DA:81,2
DA:82,2
DA:87,3
DA:92,2
DA:93,3
DA:95,0
DA:96,0
DA:98,0
DA:99,0
DA:103,2
DA:107,1
DA:108,1
DA:109,2
DA:110,2
DA:111,1
DA:113,3
DA:116,2
DA:117,2
DA:118,2
DA:121,1
DA:125,1
DA:126,1
DA:128,2
DA:129,1
DA:130,0
DA:132,1
DA:133,0
DA:135,1
DA:136,0
DA:139,1
DA:144,1
DA:148,0
DA:149,0
DA:151,0
DA:153,0
DA:158,1
DA:159,5
DA:162,0
DA:164,0
DA:166,0
DA:167,0
DA:168,0
DA:169,0
DA:172,0
DA:175,0
DA:180,0
DA:181,0
DA:185,0
DA:186,0
DA:190,0
DA:191,0
DA:193,0
DA:195,0
DA:201,0
DA:207,0
DA:210,0
DA:213,0
DA:215,0
DA:219,0
DA:220,0
DA:228,0
DA:233,0
DA:234,0
DA:237,0
DA:238,0
DA:239,0
DA:242,0
DA:244,0
DA:245,0
DA:248,1
DA:249,1
DA:252,0
DA:255,0
DA:256,0
DA:258,0
DA:264,0
DA:265,0
DA:266,0
DA:270,0
DA:272,0
DA:273,0
DA:277,0
DA:280,0
DA:281,0
DA:282,0
DA:285,0
DA:286,0
DA:288,0
DA:291,0
DA:292,0
DA:293,0
DA:297,0
DA:298,0
DA:304,0
DA:305,0
DA:308,0
DA:309,0
DA:310,0
DA:312,0
DA:319,0
DA:320,0
DA:322,0
DA:323,0
DA:327,0
DA:328,0
DA:329,0
DA:331,0
DA:332,0
DA:333,0
DA:336,0
DA:337,0
DA:348,0
DA:358,0
DA:359,0
DA:361,0
DA:362,0
DA:363,0
DA:364,0
DA:365,0
DA:366,0
DA:367,0
DA:370,0
DA:371,0
DA:372,0
DA:374,0
DA:375,0
DA:376,0
DA:377,0
DA:384,0
DA:387,0
DA:388,0
DA:390,0
DA:391,0
DA:393,0
DA:395,0
DA:399,0
DA:402,0
DA:403,0
DA:404,0
DA:405,0
DA:412,0
DA:421,0
DA:423,0
DA:424,0
DA:425,0
DA:426,0
DA:427,0
DA:428,0
DA:429,0
DA:430,0
DA:431,0
DA:432,0
DA:433,0
DA:434,0
DA:435,0
DA:436,0
DA:437,0
DA:439,0
DA:440,0
DA:441,0
DA:442,0
DA:443,0
DA:444,0
DA:447,0
DA:448,0
DA:450,0
DA:451,0
DA:452,0
DA:455,0
DA:456,0
DA:460,0
DA:466,0
DA:467,0
DA:470,0
DA:472,0
DA:473,0
DA:475,0
DA:479,0
DA:482,0
DA:485,0
DA:487,0
DA:488,0
DA:491,0
DA:493,0
DA:496,0
DA:499,0
DA:500,0
DA:503,0
DA:504,0
DA:506,0
DA:510,0
DA:511,0
DA:515,0
DA:516,0
DA:519,0
DA:522,0
DA:526,0
DA:528,0
DA:529,0
DA:530,0
DA:534,1
DA:535,1
DA:536,1
DA:537,1
DA:538,3
DA:543,3
DA:544,6
DA:546,0
DA:549,6
DA:550,1
DA:551,1
DA:552,1
DA:554,2
DA:555,2
DA:560,1
DA:561,2
DA:563,0
DA:565,3
DA:566,2
DA:567,0
DA:569,1
DA:570,1
DA:571,1
DA:577,3
DA:582,3
DA:589,3
DA:590,2
DA:594,4
DA:596,2
DA:600,4
DA:601,0
DA:605,2
DA:608,2
DA:609,2
DA:611,1
DA:612,1
DA:613,1
DA:615,1
DA:616,1
DA:617,1
DA:618,2
DA:619,1
DA:620,1
DA:621,3
DA:626,1
DA:627,3
DA:629,1
DA:630,0
DA:634,1
DA:635,0
DA:637,2
DA:639,1
DA:640,1
DA:641,1
DA:645,0
DA:655,0
DA:656,0
DA:657,0
DA:658,0
DA:667,0
DA:668,0
DA:670,0
DA:671,0
DA:675,0
DA:680,0
DA:683,0
DA:685,0
DA:686,0
DA:688,0
DA:690,0
DA:691,0
DA:692,0
DA:696,0
DA:697,0
DA:698,0
DA:699,0
DA:700,0
DA:706,0
DA:708,0
DA:718,0
DA:721,0
DA:724,0
DA:737,0
DA:738,0
DA:742,0
DA:743,0
DA:744,0
DA:745,0
DA:750,0
DA:754,0
DA:755,0
DA:759,0
DA:763,0
DA:768,0
DA:770,0
DA:772,0
DA:775,0
DA:778,0
DA:780,0
DA:784,0
DA:788,0
DA:789,0
DA:792,0
DA:793,0
DA:794,0
DA:796,0
DA:800,0
DA:801,0
DA:807,0
DA:810,0
DA:815,0
DA:819,0
DA:821,0
DA:824,0
DA:826,0
DA:828,0
DA:829,0
DA:832,0
DA:833,0
DA:834,0
DA:835,0
DA:838,0
DA:842,0
DA:843,0
DA:849,0
DA:857,0
DA:859,0
DA:860,0
DA:863,0
DA:864,0
DA:866,0
DA:867,0
DA:868,0
DA:869,0
DA:872,0
DA:873,0
DA:874,0
DA:875,0
DA:877,0
DA:878,0
DA:885,0
DA:886,0
DA:887,0
LF:356
LH:87
end_of_record
SF:lib/src/desktop.dart
DA:10,8
DA:11,35
DA:12,6
LF:3
LH:3
end_of_record
SF:lib/src/fuchsia/fuchsia_device.dart
DA:25,4
DA:26,4
DA:29,0
DA:30,0
DA:35,1
DA:37,3
DA:42,0
DA:43,0
DA:46,1
DA:48,4
DA:49,1
DA:52,1
DA:55,2
DA:58,1
DA:59,1
DA:60,4
DA:61,1
DA:63,2
DA:67,0
DA:68,0
DA:72,1
DA:74,3
DA:79,1
DA:81,2
DA:84,3
DA:88,1
DA:89,4
DA:92,7
DA:95,0
DA:97,0
DA:100,1
DA:101,2
DA:105,4
DA:107,2
DA:108,8
DA:110,0
DA:111,0
DA:114,2
DA:115,4
DA:116,2
DA:118,0
DA:119,0
DA:120,0
DA:122,0
DA:127,1
DA:130,1
DA:132,1
DA:133,2
DA:134,1
DA:136,1
DA:137,2
DA:140,1
DA:141,1
DA:142,2
DA:148,2
DA:150,1
DA:153,1
DA:156,1
DA:163,0
DA:165,0
DA:169,0
DA:172,0
DA:174,0
DA:175,0
DA:178,0
DA:180,0
DA:183,0
DA:193,0
DA:196,1
DA:202,0
DA:205,0
DA:207,1
DA:208,2
DA:211,0
DA:212,0
DA:215,0
DA:218,0
DA:221,0
DA:223,0
DA:225,0
DA:227,0
DA:233,1
DA:234,2
DA:235,2
DA:236,1
DA:239,0
DA:240,0
DA:241,0
DA:244,0
DA:245,0
DA:246,0
DA:249,0
DA:251,0
DA:259,1
DA:260,3
DA:261,5
DA:262,2
DA:263,0
DA:266,1
DA:276,0
DA:277,0
DA:283,0
DA:284,0
DA:285,0
DA:286,0
DA:287,0
DA:288,0
DA:291,0
DA:292,0
DA:293,0
DA:296,0
DA:297,0
DA:300,0
DA:304,0
DA:308,1
DA:315,1
DA:326,1
DA:327,1
DA:328,0
DA:330,3
DA:331,4
DA:334,3
DA:335,4
DA:336,1
DA:342,0
DA:343,0
DA:344,0
DA:345,0
DA:346,0
DA:347,0
DA:348,0
DA:352,1
DA:353,3
DA:354,1
DA:356,2
DA:357,0
DA:359,4
DA:361,3
DA:362,2
DA:363,2
DA:364,0
DA:365,0
DA:369,2
DA:370,2
DA:371,2
DA:372,1
DA:375,3
DA:376,4
DA:377,4
DA:378,0
DA:379,4
DA:380,2
DA:385,1
DA:386,3
DA:387,2
DA:390,0
DA:395,0
DA:401,0
DA:402,0
DA:405,0
DA:406,0
DA:407,0
DA:409,0
DA:410,0
DA:411,0
DA:412,0
DA:415,0
DA:416,0
DA:420,0
DA:421,0
DA:425,0
DA:426,0
DA:427,0
DA:428,0
DA:429,0
DA:430,0
DA:431,0
DA:432,0
DA:433,0
DA:434,0
DA:438,0
DA:442,0
DA:443,0
DA:446,0
DA:449,0
DA:455,2
LF:186
LH:86
end_of_record
SF:lib/src/ios/devices.dart
DA:25,107
DA:30,0
DA:34,0
DA:39,0
DA:49,0
DA:50,0
DA:51,0
DA:61,0
DA:62,0
DA:64,0
DA:66,0
DA:73,0
DA:75,0
DA:76,0
DA:79,0
DA:80,0
DA:85,0
DA:86,0
DA:101,4
DA:103,2
DA:104,4
DA:106,0
DA:107,0
DA:109,2
DA:110,2
DA:114,1
DA:116,1
DA:117,2
DA:118,2
DA:126,0
DA:129,0
DA:140,0
DA:142,0
DA:145,3
DA:146,6
DA:147,1
DA:149,3
DA:150,12
DA:151,3
DA:152,3
DA:156,3
DA:157,3
DA:158,2
DA:159,1
DA:161,2
DA:167,1
DA:172,3
DA:174,0
DA:175,0
DA:177,0
DA:185,0
DA:187,0
DA:188,0
DA:198,0
DA:201,0
DA:203,0
DA:204,0
DA:205,0
DA:210,0
DA:218,0
DA:220,0
DA:227,0
DA:231,0
DA:243,0
DA:245,0
DA:246,0
DA:249,0
DA:251,0
DA:257,0
DA:258,0
DA:259,0
DA:260,0
DA:261,0
DA:264,0
DA:265,0
DA:270,0
DA:271,0
DA:272,0
DA:273,0
DA:277,0
DA:279,0
DA:280,0
DA:282,0
DA:283,0
DA:285,0
DA:286,0
DA:287,0
DA:290,0
DA:291,0
DA:293,0
DA:294,0
DA:296,0
DA:297,0
DA:299,0
DA:300,0
DA:302,0
DA:303,0
DA:306,0
DA:307,0
DA:309,0
DA:312,0
DA:314,0
DA:316,0
DA:317,0
DA:318,0
DA:319,0
DA:324,0
DA:328,0
DA:329,0
DA:330,0
DA:331,0
DA:335,0
DA:337,0
DA:338,0
DA:339,0
DA:343,0
DA:346,0
DA:347,0
DA:351,0
DA:352,0
DA:353,0
DA:354,0
DA:357,0
DA:359,0
DA:360,0
DA:361,0
DA:362,0
DA:363,0
DA:364,0
DA:367,0
DA:371,0
DA:377,0
DA:380,0
DA:382,1
DA:384,2
DA:385,4
DA:388,0
DA:389,0
DA:391,0
DA:394,0
DA:395,0
DA:398,0
DA:399,0
DA:415,1
DA:426,3
DA:429,8
DA:432,2
DA:433,1
DA:434,2
DA:435,5
DA:437,3
DA:440,6
DA:442,5
DA:443,6
DA:445,4
DA:446,4
DA:448,8
DA:451,0
DA:453,1
DA:456,2
DA:464,1
DA:465,2
DA:466,1
DA:467,1
DA:474,2
DA:475,3
DA:479,2
DA:492,1
DA:493,2
DA:495,0
DA:496,0
DA:498,1
DA:499,6
DA:500,1
DA:501,8
DA:502,8
DA:503,4
DA:504,2
DA:505,2
DA:516,1
DA:519,1
DA:521,2
DA:522,3
DA:529,2
DA:532,2
DA:534,3
DA:541,1
DA:542,2
DA:547,0
DA:553,0
DA:554,0
DA:556,0
DA:559,0
DA:560,0
DA:568,0
DA:570,0
DA:571,0
DA:572,0
DA:573,0
DA:574,0
DA:577,0
DA:580,0
DA:581,0
DA:582,0
DA:584,0
DA:588,0
DA:589,0
DA:591,0
DA:594,0
DA:595,0
DA:600,0
DA:601,0
DA:606,0
DA:608,0
DA:611,0
DA:613,0
LF:216
LH:69
end_of_record
SF:lib/src/ios/simulators.dart
DA:29,4
DA:31,2
DA:32,4
DA:34,0
DA:35,0
DA:38,6
DA:43,6
DA:45,0
DA:46,0
DA:47,0
DA:49,0
DA:50,0
DA:51,0
DA:58,3
DA:62,1
DA:80,2
DA:81,2
DA:82,2
DA:83,2
DA:84,0
DA:85,0
DA:88,4
DA:92,1
DA:93,1
DA:95,1
DA:97,2
DA:98,1
DA:99,2
DA:100,2
DA:108,0
DA:109,0
DA:112,0
DA:113,0
DA:122,0
DA:125,0
DA:126,0
DA:127,0
DA:132,0
DA:135,0
DA:136,0
DA:137,0
DA:142,0
DA:143,0
DA:145,0
DA:148,0
DA:149,0
DA:150,0
DA:155,1
DA:157,3
DA:158,0
DA:159,0
DA:166,107
DA:170,107
DA:171,0
DA:172,0
DA:173,0
DA:181,0
DA:201,1
DA:206,3
DA:207,3
DA:208,3
DA:209,3
DA:211,3
DA:215,2
DA:223,0
DA:225,0
DA:228,0
DA:234,0
DA:236,0
DA:238,0
DA:242,0
DA:245,0
DA:248,0
DA:256,0
DA:258,0
DA:265,1
DA:267,2
DA:268,0
DA:274,1
DA:275,2
DA:276,1
DA:284,0
DA:286,0
DA:289,0
DA:293,0
DA:304,0
DA:307,0
DA:308,0
DA:309,0
DA:310,0
DA:313,0
DA:314,0
DA:318,0
DA:320,0
DA:321,0
DA:322,0
DA:326,0
DA:327,0
DA:328,0
DA:329,0
DA:330,0
DA:331,0
DA:332,0
DA:333,0
DA:337,0
DA:338,0
DA:339,0
DA:343,0
DA:345,0
DA:346,0
DA:349,0
DA:350,0
DA:355,0
DA:358,0
DA:359,0
DA:361,0
DA:362,0
DA:364,0
DA:368,0
DA:369,0
DA:374,0
DA:375,0
DA:376,0
DA:377,0
DA:378,0
DA:380,0
DA:387,0
DA:388,0
DA:392,0
DA:393,0
DA:395,0
DA:398,0
DA:401,0
DA:403,0
DA:406,0
DA:411,0
DA:416,1
DA:417,3
DA:418,5
DA:419,5
DA:423,0
DA:426,2
DA:430,1
DA:431,4
DA:432,2
DA:435,1
DA:437,1
DA:438,2
DA:439,4
DA:442,0
DA:443,0
DA:445,0
DA:447,0
DA:448,0
DA:449,0
DA:450,0
DA:451,0
DA:455,1
DA:456,3
DA:457,0
DA:458,0
DA:459,0
DA:463,1
DA:464,9
DA:467,1
DA:468,1
DA:470,1
DA:472,4
DA:477,1
DA:479,3
DA:480,3
DA:484,2
DA:485,2
DA:489,1
DA:491,3
DA:492,2
DA:499,1
DA:500,2
DA:501,1
DA:502,1
DA:504,3
DA:517,1
DA:518,2
DA:520,0
DA:521,0
DA:523,1
DA:525,3
DA:526,4
DA:527,8
DA:528,8
DA:532,4
DA:533,1
DA:534,0
DA:535,0
DA:540,5
DA:541,2
DA:542,2
DA:549,3
DA:552,0
DA:553,3
DA:555,0
DA:557,1
DA:558,2
DA:560,1
DA:561,1
DA:562,1
DA:565,3
DA:568,1
DA:572,1
DA:576,1
DA:579,1
DA:580,0
DA:581,2
DA:587,0
DA:590,0
DA:593,0
DA:596,0
DA:604,1
DA:605,2
DA:606,2
DA:609,0
DA:610,0
DA:611,214
DA:612,0
DA:613,0
DA:616,2
DA:617,1
DA:618,3
DA:622,0
DA:623,0
DA:624,0
DA:627,0
DA:628,0
DA:629,0
DA:632,0
DA:636,0
DA:639,1
DA:640,2
DA:641,1
DA:645,1
DA:646,3
DA:647,3
DA:650,4
DA:651,1
DA:652,1
DA:653,1
DA:654,1
DA:655,1
DA:657,3
DA:668,2
DA:669,1
DA:671,1
DA:672,2
DA:673,2
DA:675,2
DA:676,2
DA:678,1
DA:679,1
DA:684,2
DA:685,2
DA:686,1
DA:690,0
DA:696,0
DA:698,0
DA:702,0
DA:703,0
DA:706,0
DA:707,0
DA:712,0
DA:713,0
LF:270
LH:125
end_of_record
SF:lib/src/linux/linux_device.dart
DA:14,2
DA:16,0
DA:19,0
DA:20,0
DA:22,1
DA:24,1
DA:27,1
DA:29,1
DA:32,1
DA:34,1
DA:38,0
DA:40,0
DA:43,1
DA:46,1
DA:50,0
DA:52,1
DA:63,1
DA:66,1
DA:68,1
DA:72,1
DA:74,1
DA:76,1
DA:81,2
DA:83,0
DA:84,0
DA:86,1
DA:87,2
DA:90,1
DA:91,1
DA:94,0
DA:95,0
DA:100,0
LF:32
LH:21
end_of_record
SF:lib/src/macos/macos_device.dart
DA:20,2
DA:22,0
DA:25,0
DA:26,0
DA:31,1
DA:36,1
DA:41,1
DA:44,0
DA:46,0
DA:49,1
DA:52,1
DA:56,0
DA:59,1
DA:70,1
DA:73,2
DA:74,5
DA:75,1
DA:76,1
DA:78,2
DA:79,1
DA:81,0
DA:82,0
DA:84,2
DA:91,1
DA:92,1
DA:95,4
DA:98,2
DA:101,2
DA:102,1
DA:103,2
DA:106,1
DA:107,2
DA:110,1
DA:111,4
DA:114,3
DA:117,0
DA:124,1
DA:129,1
DA:133,2
DA:135,0
DA:136,0
DA:138,1
DA:139,2
DA:142,1
DA:143,1
DA:146,0
DA:147,0
DA:152,0
DA:156,1
DA:161,1
DA:163,5
DA:166,0
DA:167,0
LF:53
LH:37
end_of_record
SF:lib/src/web/web_device.dart
DA:19,3
DA:23,7
DA:24,28
DA:25,0
DA:31,4
DA:35,1
DA:36,3
DA:39,0
DA:44,2
DA:49,0
DA:52,0
DA:55,0
DA:58,0
DA:61,0
DA:64,0
DA:67,0
DA:69,0
DA:73,0
DA:76,0
DA:79,0
DA:82,0
DA:84,0
DA:85,0
DA:87,0
DA:90,0
DA:94,0
DA:97,1
DA:107,4
DA:108,3
DA:109,1
DA:110,1
DA:111,0
DA:112,0
DA:114,1
DA:115,4
DA:116,3
DA:117,4
DA:118,6
DA:119,1
DA:126,0
DA:127,0
DA:128,0
DA:133,0
DA:136,0
DA:138,0
DA:139,0
DA:140,0
DA:141,0
DA:145,0
DA:148,0
DA:149,0
DA:151,0
DA:152,0
DA:155,0
DA:157,0
DA:158,0
DA:159,0
DA:162,0
DA:164,0
DA:166,0
DA:167,0
DA:172,0
DA:176,0
DA:177,0
DA:180,0
DA:181,0
DA:182,0
DA:186,0
DA:187,0
DA:193,60
DA:197,0
DA:198,0
DA:199,0
DA:204,0
LF:74
LH:19
end_of_record
SF:lib/src/windows/windows_device.dart
DA:14,2
DA:16,0
DA:19,0
DA:20,0
DA:22,1
DA:24,1
DA:27,1
DA:29,1
DA:32,1
DA:34,1
DA:38,0
DA:40,0
DA:43,1
DA:46,1
DA:50,0
DA:52,1
DA:63,1
DA:66,1
DA:68,1
DA:72,1
DA:74,1
DA:76,1
DA:81,2
DA:83,0
DA:84,0
DA:86,1
DA:87,2
DA:90,1
DA:91,1
DA:94,0
DA:95,0
DA:100,0
LF:32
LH:21
end_of_record
SF:lib/src/windows/windows_workflow.dart
DA:11,6
DA:18,61
DA:20,1
DA:21,2
DA:23,1
DA:24,1
DA:26,2
DA:27,2
DA:29,1
LF:9
LH:9
end_of_record
SF:lib/src/doctor.dart
DA:33,42
DA:37,24
DA:39,21
DA:49,7
DA:51,7
DA:52,14
DA:53,21
DA:55,14
DA:56,42
DA:58,14
DA:59,42
DA:61,7
DA:62,14
DA:63,14
DA:64,14
DA:65,7
DA:66,14
DA:68,0
DA:70,7
DA:71,0
DA:73,14
DA:74,21
DA:76,7
DA:79,0
DA:81,0
DA:82,0
DA:84,0
DA:85,0
DA:87,0
DA:88,0
DA:90,0
DA:91,0
DA:93,0
DA:99,8
DA:105,63
DA:107,8
DA:108,16
DA:113,3
DA:114,3
DA:115,6
DA:116,9
DA:121,0
DA:122,0
DA:126,6
DA:127,18
DA:130,6
DA:131,6
DA:135,12
DA:136,6
DA:137,12
DA:138,24
DA:139,6
DA:140,6
DA:141,0
DA:143,6
DA:144,6
DA:146,6
DA:147,6
DA:149,6
DA:150,6
DA:154,6
DA:155,18
DA:157,36
DA:158,6
DA:160,12
DA:165,6
DA:166,6
DA:169,6
DA:172,0
DA:173,0
DA:177,3
DA:179,0
DA:182,2
DA:187,6
DA:188,3
DA:189,3
DA:190,6
DA:191,0
DA:195,6
DA:197,0
DA:200,3
DA:202,3
DA:203,3
DA:205,2
DA:207,3
DA:208,3
DA:209,3
DA:211,3
DA:215,3
DA:216,15
DA:217,9
DA:219,12
DA:220,9
DA:223,6
DA:224,9
DA:227,15
DA:228,3
DA:236,2
DA:241,2
DA:243,3
DA:244,15
DA:246,4
DA:252,0
DA:254,0
DA:257,0
DA:276,214
DA:277,107
DA:278,107
DA:279,107
DA:280,107
DA:283,214
DA:284,107
DA:285,107
DA:286,107
DA:290,62
DA:294,8
DA:304,32
DA:308,0
DA:309,0
DA:313,8
DA:314,8
DA:315,16
DA:316,24
DA:319,8
DA:320,16
DA:321,24
DA:322,24
DA:324,8
DA:325,8
DA:328,8
DA:329,8
DA:330,16
DA:331,8
DA:334,16
DA:335,8
DA:336,8
DA:337,8
DA:338,8
DA:342,8
DA:343,8
DA:346,8
DA:347,8
DA:352,0
DA:354,16
DA:357,8
DA:365,11
DA:372,8
DA:373,8
DA:374,8
DA:375,8
DA:377,8
DA:379,8
DA:380,8
DA:386,8
DA:387,8
DA:388,8
DA:389,8
DA:390,6
DA:391,8
DA:392,24
DA:393,8
DA:394,8
DA:395,24
DA:402,12
DA:403,11
DA:404,10
DA:407,24
DA:408,3
DA:411,3
DA:412,3
DA:413,3
DA:415,3
DA:417,2
DA:423,3
DA:424,3
DA:425,3
DA:426,9
DA:427,3
DA:428,9
DA:429,2
DA:430,6
DA:435,0
DA:436,0
DA:440,16
DA:443,8
DA:444,8
DA:447,8
DA:449,40
DA:450,56
DA:451,40
DA:452,40
DA:454,16
DA:457,8
DA:458,2
DA:459,6
DA:460,4
DA:461,3
DA:463,6
DA:467,8
DA:468,64
DA:473,8
DA:476,40
DA:483,0
DA:486,0
DA:487,0
DA:488,0
DA:489,0
DA:494,16
DA:501,21
DA:506,24
DA:508,7
DA:509,28
DA:510,0
DA:511,14
DA:512,7
DA:513,0
DA:517,8
DA:518,8
DA:520,40
DA:522,16
DA:523,16
DA:524,8
DA:525,16
DA:527,8
DA:528,4
DA:531,16
DA:533,8
DA:534,8
DA:536,24
DA:539,8
DA:540,24
DA:543,8
DA:545,16
DA:548,16
DA:552,7
DA:553,0
DA:559,0
DA:567,0
DA:568,0
DA:569,0
DA:572,0
DA:574,0
DA:575,0
DA:576,0
DA:577,0
DA:578,0
DA:579,0
DA:583,0
DA:586,0
DA:587,0
DA:588,0
DA:589,0
DA:590,0
DA:591,0
DA:594,0
DA:598,0
DA:599,0
DA:600,0
DA:611,14
DA:615,21
DA:621,7
DA:622,7
DA:623,35
DA:625,7
DA:626,28
DA:627,21
DA:628,7
DA:629,14
DA:630,21
DA:637,28
DA:638,28
DA:639,14
DA:640,7
DA:641,14
DA:642,7
DA:643,14
DA:644,14
DA:645,7
DA:646,7
DA:651,0
DA:652,0
DA:653,0
DA:654,0
DA:655,0
DA:662,7
DA:664,7
DA:665,28
DA:666,21
DA:671,7
DA:675,7
DA:677,14
DA:678,7
DA:679,7
DA:680,42
DA:685,14
DA:687,0
DA:691,7
DA:692,28
DA:694,7
DA:695,21
DA:696,7
DA:697,0
DA:699,28
DA:702,0
DA:703,0
DA:706,7
DA:707,7
DA:709,0
DA:715,0
DA:720,0
LF:310
LH:240
end_of_record
SF:lib/src/android/android_studio_validator.dart
DA:15,14
DA:19,7
DA:20,7
DA:21,7
DA:22,7
DA:23,0
DA:25,7
DA:26,21
DA:32,7
DA:33,7
DA:36,28
DA:38,35
DA:40,42
DA:42,21
DA:43,14
DA:44,7
DA:45,14
DA:47,14
DA:48,7
DA:49,21
DA:50,21
DA:53,0
DA:54,0
DA:55,0
DA:56,0
DA:57,0
DA:61,7
DA:64,7
DA:65,21
DA:70,2
DA:73,1
DA:74,1
DA:76,2
DA:78,0
DA:80,4
DA:82,1
LF:36
LH:29
end_of_record
SF:lib/src/android/android_workflow.dart
DA:22,24
DA:24,21
DA:25,21
DA:26,21
DA:28,214
DA:29,107
DA:30,107
DA:31,107
DA:32,107
DA:35,24
DA:36,24
DA:37,24
DA:40,7
DA:43,0
DA:44,0
DA:46,0
DA:47,0
DA:49,0
DA:50,0
DA:54,16
DA:56,7
DA:57,14
DA:62,7
DA:63,7
DA:65,14
DA:66,0
DA:71,7
DA:72,28
DA:73,14
DA:74,14
DA:75,21
DA:78,0
DA:82,0
DA:85,28
DA:89,7
DA:94,8
DA:95,8
DA:97,8
DA:99,3
DA:100,0
DA:101,0
DA:103,4
DA:105,1
DA:108,32
DA:109,4
DA:110,1
DA:113,48
DA:115,32
DA:116,16
DA:117,0
DA:120,16
DA:121,72
DA:122,2
DA:123,6
DA:125,1
DA:127,40
DA:129,32
DA:130,24
DA:131,24
DA:133,0
DA:136,24
DA:137,21
DA:138,21
DA:140,24
DA:141,0
DA:142,0
DA:145,16
DA:147,8
DA:149,0
DA:150,0
DA:152,0
DA:153,0
DA:157,8
DA:159,4
DA:160,1
DA:162,28
DA:165,14
DA:166,0
DA:170,7
DA:175,16
DA:177,7
DA:181,7
DA:182,7
DA:185,21
DA:186,21
DA:187,14
DA:188,1
DA:191,35
DA:194,14
DA:195,7
DA:196,28
DA:198,0
DA:199,0
DA:200,0
DA:201,0
DA:202,0
DA:203,0
DA:204,0
DA:205,0
DA:206,0
DA:208,7
DA:211,7
DA:212,7
DA:216,14
DA:221,28
DA:222,14
DA:223,14
DA:224,21
DA:227,0
DA:236,8
DA:239,8
DA:240,16
DA:241,2
DA:242,3
DA:247,16
DA:252,16
DA:257,8
DA:261,16
DA:262,24
DA:263,16
DA:265,16
DA:268,8
DA:269,8
DA:270,8
DA:271,8
DA:272,8
DA:273,8
DA:274,8
DA:275,8
DA:276,8
DA:277,8
DA:278,24
DA:283,1
DA:284,1
DA:285,0
DA:289,1
DA:290,5
DA:293,3
DA:294,2
DA:296,5
DA:299,2
DA:300,3
DA:301,2
DA:306,4
DA:309,3
DA:310,3
DA:311,3
DA:314,2
DA:315,1
DA:318,8
DA:319,8
DA:320,16
DA:321,16
LF:153
LH:122
end_of_record
SF:lib/src/base/version.dart
DA:7,12
DA:9,10
DA:11,10
DA:13,10
DA:16,12
DA:19,22
DA:20,44
DA:21,0
DA:22,44
DA:23,0
DA:24,44
DA:25,0
DA:29,22
DA:30,44
DA:36,44
DA:37,44
DA:38,44
DA:39,22
DA:40,0
DA:48,13
DA:50,26
DA:51,0
DA:59,20
DA:76,44
DA:77,22
DA:81,10
DA:83,10
DA:85,42
DA:88,0
DA:89,0
DA:91,39
DA:92,3
DA:93,0
DA:94,24
DA:96,14
DA:98,42
DA:99,39
DA:100,36
DA:101,12
DA:102,33
DA:105,12
DA:106,12
LF:42
LH:34
end_of_record
SF:lib/src/fuchsia/fuchsia_workflow.dart
DA:11,9
DA:19,0
DA:20,0
DA:22,3
DA:24,6
DA:27,1
DA:29,4
DA:32,1
LF:8
LH:6
end_of_record
SF:lib/src/intellij/intellij.dart
DA:13,9
DA:17,27
DA:19,9
DA:25,9
DA:26,9
DA:30,9
DA:31,9
DA:32,9
DA:33,4
DA:34,2
DA:36,18
DA:37,18
DA:43,16
DA:44,8
DA:47,9
DA:48,36
DA:49,9
DA:50,18
DA:51,18
DA:54,9
DA:55,9
DA:56,8
DA:57,45
DA:62,45
DA:63,9
DA:64,27
DA:66,9
DA:67,9
DA:68,27
LF:29
LH:29
end_of_record
SF:lib/src/ios/ios_workflow.dart
DA:18,30
DA:19,21
DA:20,21
DA:23,59
DA:25,7
DA:26,14
DA:29,0
DA:30,0
DA:34,0
DA:35,0
DA:37,0
DA:40,8
DA:41,8
DA:47,118
DA:49,21
DA:51,21
DA:53,8
DA:56,16
DA:58,49
DA:60,0
DA:62,0
DA:64,8
DA:65,16
DA:68,24
DA:69,24
DA:70,40
DA:71,0
DA:80,8
DA:81,8
DA:86,16
DA:89,48
DA:91,16
DA:92,8
DA:93,0
DA:94,32
DA:96,16
DA:98,2
DA:99,2
DA:103,16
DA:105,4
DA:107,16
DA:109,4
DA:114,5
DA:115,4
DA:117,4
DA:123,16
DA:124,1
DA:126,4
DA:127,24
DA:128,1
DA:130,4
DA:131,16
DA:132,0
DA:134,0
DA:137,16
DA:141,48
DA:143,16
DA:146,5
DA:148,1
DA:149,4
DA:155,8
DA:157,9
DA:158,4
DA:161,8
DA:162,24
DA:168,8
DA:169,8
DA:174,118
DA:176,21
DA:179,8
DA:180,8
DA:183,8
DA:184,2
DA:185,1
DA:187,1
DA:188,3
DA:189,7
DA:192,4
DA:195,1
DA:197,2
DA:198,2
DA:199,1
DA:201,2
DA:202,2
DA:205,2
DA:206,4
DA:213,8
LF:87
LH:76
end_of_record
SF:lib/src/ios/plist_utils.dart
DA:13,8
DA:21,16
DA:23,14
DA:26,42
DA:29,7
DA:32,7
DA:33,7
DA:35,7
DA:36,7
LF:9
LH:9
end_of_record
SF:lib/src/proxy_validator.dart
DA:11,2
DA:13,24
DA:21,8
DA:22,33
DA:23,33
DA:27,1
DA:28,1
DA:30,2
DA:31,2
DA:33,2
DA:34,0
DA:36,4
DA:37,2
DA:38,2
DA:39,2
DA:40,2
DA:42,1
DA:48,4
DA:50,1
LF:19
LH:18
end_of_record
SF:lib/src/vscode/vscode_validator.dart
DA:13,24
DA:17,7
DA:19,7
DA:20,21
DA:24,8
DA:25,32
DA:27,40
DA:29,16
DA:33,8
DA:35,16
LF:10
LH:10
end_of_record
SF:lib/src/vscode/vscode.dart
DA:17,107
DA:21,8
DA:22,0
DA:24,24
DA:25,0
DA:28,40
DA:33,8
DA:34,8
DA:35,24
DA:36,2
DA:41,8
DA:42,8
DA:43,16
DA:44,8
DA:45,8
DA:46,40
DA:48,8
DA:49,8
DA:51,8
DA:52,16
DA:53,32
DA:54,40
DA:56,0
DA:60,8
DA:66,24
DA:67,8
DA:70,8
DA:71,8
DA:83,16
DA:84,26
DA:86,16
DA:88,7
DA:89,14
DA:90,7
DA:91,0
DA:92,0
DA:93,0
DA:94,0
DA:97,0
DA:108,7
DA:109,14
DA:110,7
DA:111,21
DA:114,7
DA:115,28
DA:118,7
DA:119,21
DA:123,7
DA:124,28
DA:143,0
DA:144,0
DA:145,0
DA:146,0
DA:149,0
DA:152,0
DA:153,0
DA:156,0
DA:157,0
DA:159,0
DA:160,0
DA:163,0
DA:164,0
DA:168,0
DA:169,0
DA:173,0
DA:174,0
DA:179,0
DA:188,0
DA:189,0
DA:195,7
DA:199,28
DA:201,7
DA:203,14
DA:204,21
DA:206,35
DA:207,28
DA:214,0
DA:216,0
DA:218,8
DA:219,16
DA:221,24
DA:222,8
DA:223,8
DA:228,79
LF:84
LH:54
end_of_record
SF:lib/src/ios/cocoapods.dart
DA:40,6
DA:43,214
DA:45,107
DA:47,107
DA:49,107
DA:52,107
DA:54,107
DA:60,1
DA:61,1
DA:63,1
DA:64,5
DA:65,4
DA:66,1
DA:67,1
DA:70,1
DA:71,2
DA:75,1
DA:78,3
DA:80,3
DA:84,0
DA:97,1
DA:98,7
DA:99,5
DA:102,1
DA:109,3
DA:110,1
DA:112,2
DA:113,1
DA:114,2
DA:122,1
DA:123,2
DA:125,1
DA:126,1
DA:134,1
DA:135,0
DA:143,1
DA:144,0
DA:145,0
DA:152,1
DA:153,0
DA:154,0
DA:164,2
DA:165,0
DA:182,2
DA:183,4
DA:187,2
DA:188,2
DA:191,2
DA:192,2
DA:193,4
DA:194,2
DA:196,2
DA:197,10
DA:205,4
DA:207,2
DA:212,2
DA:213,2
DA:214,2
DA:217,2
DA:218,2
DA:219,2
DA:220,2
DA:222,4
DA:223,2
DA:224,4
DA:229,2
DA:230,2
DA:231,2
DA:232,1
DA:242,1
DA:246,1
DA:247,1
DA:248,1
DA:250,1
DA:251,1
DA:252,5
DA:253,3
DA:256,1
DA:257,4
DA:258,3
DA:259,1
DA:260,2
DA:261,1
DA:269,1
DA:270,4
DA:271,2
DA:272,1
DA:273,2
DA:275,2
DA:276,0
DA:277,0
DA:280,2
DA:281,1
DA:282,1
DA:283,1
DA:287,1
DA:288,4
DA:289,1
LF:98
LH:89
end_of_record
SF:lib/src/ios/mac.dart
DA:34,36
DA:35,3
DA:36,36
DA:39,59
DA:43,5
DA:49,1
DA:54,1
DA:55,3
DA:56,2
DA:57,2
DA:62,1
DA:63,3
DA:67,1
DA:68,3
DA:72,1
DA:73,3
DA:77,1
DA:78,2
DA:81,1
DA:82,5
DA:89,2
DA:93,1
DA:94,1
DA:98,61
DA:100,30
DA:105,7
DA:106,7
DA:110,28
DA:111,14
DA:116,28
DA:117,28
DA:121,0
DA:124,3
DA:126,12
DA:127,6
DA:128,3
DA:129,3
DA:130,1
DA:131,1
DA:135,1
DA:137,4
DA:138,5
DA:139,3
DA:140,0
DA:141,0
DA:142,0
DA:143,1
DA:144,0
DA:149,0
DA:152,1
DA:153,3
DA:158,21
DA:161,10
DA:162,10
DA:164,60
DA:165,2
DA:169,10
DA:172,7
DA:173,21
DA:175,14
DA:178,24
DA:180,24
DA:182,21
DA:186,8
DA:187,8
DA:189,24
DA:190,24
DA:191,0
DA:192,24
DA:193,1
DA:195,8
DA:196,1
DA:197,1
DA:200,8
DA:206,7
DA:207,7
DA:211,21
DA:212,28
DA:213,0
DA:214,0
DA:217,7
DA:220,8
DA:221,16
DA:223,16
DA:225,16
DA:226,16
DA:230,0
DA:231,0
DA:234,0
DA:235,0
DA:238,2
DA:239,2
DA:241,2
DA:242,8
DA:244,6
DA:245,8
DA:246,0
DA:262,1
DA:269,1
DA:272,2
DA:273,1
DA:274,2
DA:275,2
DA:280,1
DA:281,2
DA:283,1
DA:284,2
DA:285,2
DA:287,2
DA:292,0
DA:301,0
DA:302,0
DA:304,0
DA:305,0
DA:308,0
DA:309,0
DA:310,0
DA:314,0
DA:315,0
DA:316,0
DA:317,0
DA:318,0
DA:319,0
DA:321,0
DA:323,0
DA:324,0
DA:325,0
DA:326,0
DA:328,0
DA:329,0
DA:331,0
DA:333,0
DA:335,0
DA:336,0
DA:337,0
DA:338,0
DA:339,0
DA:340,0
DA:341,0
DA:342,0
DA:343,0
DA:345,0
DA:347,0
DA:348,0
DA:349,0
DA:350,0
DA:351,0
DA:352,0
DA:353,0
DA:354,0
DA:355,0
DA:356,0
DA:357,0
DA:362,0
DA:366,0
DA:368,0
DA:369,0
DA:374,0
DA:375,0
DA:378,0
DA:379,0
DA:380,0
DA:381,0
DA:382,0
DA:383,0
DA:385,0
DA:387,0
DA:388,0
DA:389,0
DA:390,0
DA:391,0
DA:394,0
DA:397,0
DA:404,0
DA:407,0
DA:410,0
DA:414,0
DA:415,0
DA:417,0
DA:418,0
DA:421,0
DA:422,0
DA:423,0
DA:424,0
DA:425,0
DA:427,0
DA:434,0
DA:436,0
DA:440,0
DA:442,0
DA:443,0
DA:448,0
DA:449,0
DA:462,0
DA:463,0
DA:464,0
DA:465,0
DA:467,0
DA:468,0
DA:469,0
DA:470,0
DA:471,0
DA:473,0
DA:475,0
DA:479,0
DA:481,0
DA:483,0
DA:484,0
DA:488,0
DA:492,0
DA:494,0
DA:497,0
DA:498,0
DA:499,0
DA:501,0
DA:505,0
DA:506,0
DA:508,0
DA:510,0
DA:511,0
DA:512,0
DA:513,0
DA:517,0
DA:518,0
DA:520,0
DA:524,0
DA:528,0
DA:529,0
DA:530,0
DA:533,0
DA:534,0
DA:535,0
DA:536,0
DA:537,0
DA:539,0
DA:540,0
DA:541,0
DA:543,0
DA:545,0
DA:546,0
DA:547,0
DA:549,0
DA:555,0
DA:556,0
DA:557,0
DA:561,0
DA:564,0
DA:565,0
DA:568,0
DA:570,0
DA:572,0
DA:574,0
DA:578,0
DA:580,0
DA:581,0
DA:582,0
DA:584,0
DA:587,1
DA:588,1
DA:589,2
DA:590,3
DA:592,3
DA:593,1
DA:599,1
DA:600,2
DA:601,2
DA:602,3
DA:603,1
DA:606,0
DA:607,0
DA:608,0
DA:609,0
DA:610,0
DA:611,0
DA:612,0
DA:615,0
DA:616,0
DA:617,0
DA:618,0
DA:619,0
DA:620,0
DA:621,0
DA:622,0
DA:628,1
DA:646,1
DA:661,0
DA:663,0
DA:664,0
DA:666,0
DA:667,0
DA:670,0
DA:671,0
DA:677,0
DA:678,0
DA:679,0
DA:683,0
DA:684,0
DA:687,0
DA:688,0
DA:692,0
DA:693,0
DA:696,0
DA:697,0
DA:698,0
DA:699,0
DA:700,0
DA:701,0
DA:702,0
DA:703,0
DA:704,0
DA:708,0
DA:712,0
DA:713,0
DA:714,0
DA:715,0
DA:718,0
DA:719,0
DA:720,0
DA:721,0
DA:724,1
DA:725,1
DA:726,2
DA:727,2
DA:729,1
DA:730,1
DA:733,2
DA:734,1
DA:736,2
DA:737,4
DA:739,1
DA:742,3
LF:331
LH:120
end_of_record
SF:lib/src/base/fingerprint.dart
DA:24,11
DA:34,2
DA:40,2
DA:41,2
DA:42,2
DA:44,0
DA:45,4
DA:46,0
DA:47,3
DA:55,2
DA:56,4
DA:57,4
DA:60,2
DA:61,2
DA:65,6
DA:66,2
DA:69,4
DA:72,2
DA:73,3
DA:76,3
DA:77,2
DA:78,1
DA:81,2
DA:86,2
DA:88,4
DA:89,10
DA:92,2
DA:96,2
DA:97,4
DA:98,2
DA:99,3
DA:100,4
DA:101,6
DA:110,2
DA:111,6
DA:112,6
DA:113,2
DA:114,3
DA:116,4
DA:117,4
DA:118,2
DA:119,12
DA:121,6
DA:128,1
DA:129,1
DA:131,1
DA:132,3
DA:133,2
DA:134,4
DA:135,4
DA:141,6
DA:142,4
DA:143,2
DA:144,2
DA:147,1
DA:151,3
DA:154,3
DA:155,3
DA:158,1
DA:159,3
DA:160,6
DA:163,1
DA:166,5
DA:168,0
DA:169,0
DA:172,3
DA:173,3
DA:184,1
DA:187,4
DA:189,2
DA:191,5
DA:192,1
DA:193,7
DA:194,3
DA:195,1
LF:75
LH:71
end_of_record
SF:lib/src/plugins.dart
DA:16,6
DA:18,12
DA:19,12
DA:20,6
DA:21,6
DA:25,1
DA:33,1
DA:38,1
DA:39,1
DA:40,1
DA:42,1
DA:58,3
DA:59,12
DA:60,6
DA:62,12
DA:65,3
DA:66,3
DA:68,3
DA:69,2
DA:70,2
DA:73,6
DA:74,6
DA:77,36
DA:78,12
DA:79,0
DA:80,0
DA:83,9
DA:84,3
DA:85,3
DA:87,1
DA:93,5
DA:94,5
DA:95,5
DA:97,15
DA:98,5
DA:99,2
DA:101,5
DA:102,0
DA:104,5
DA:105,5
DA:110,5
DA:111,10
DA:112,2
DA:147,6
DA:149,9
DA:150,8
DA:151,1
DA:152,1
DA:153,1
DA:155,6
DA:156,6
DA:160,18
DA:161,18
DA:166,18
DA:173,6
DA:238,6
DA:240,8
DA:241,8
DA:242,1
DA:243,1
DA:244,1
DA:245,6
DA:246,6
DA:250,18
DA:251,6
DA:252,6
DA:253,2
DA:256,6
DA:258,2
DA:261,6
DA:263,2
DA:266,6
DA:269,6
DA:272,18
DA:274,6
DA:277,18
DA:286,5
DA:287,5
DA:288,5
DA:290,3
DA:296,6
DA:297,6
DA:298,12
DA:299,12
DA:300,24
DA:301,6
DA:302,6
DA:303,6
DA:304,2
DA:308,12
DA:309,1
DA:317,2
DA:318,2
LF:93
LH:90
end_of_record
SF:lib/src/project.dart
DA:34,20
DA:36,0
DA:37,0
DA:38,0
DA:42,20
DA:43,1
DA:44,40
DA:45,40
DA:47,40
DA:48,60
DA:50,20
DA:55,48
DA:59,44
DA:73,7
DA:74,7
DA:75,14
DA:76,14
DA:77,14
DA:78,21
DA:79,21
DA:81,7
DA:82,14
DA:83,14
DA:86,7
DA:87,4
DA:88,4
DA:94,20
DA:97,22
DA:100,0
DA:103,2
DA:106,2
DA:109,2
DA:112,9
DA:115,3
DA:118,15
DA:121,3
DA:124,0
DA:125,0
DA:126,0
DA:127,0
DA:128,0
DA:129,0
DA:132,14
DA:133,14
DA:134,7
DA:135,7
DA:139,36
DA:142,32
DA:145,40
DA:152,20
DA:153,40
DA:155,2
DA:161,5
DA:162,15
DA:164,5
DA:165,15
DA:166,15
DA:167,5
DA:168,0
DA:170,10
DA:174,1
DA:175,2
DA:178,0
DA:179,0
DA:183,1
DA:184,1
DA:185,0
DA:194,10
DA:199,21
DA:203,8
DA:204,40
DA:207,9
DA:208,13
DA:209,9
DA:210,2
DA:219,23
DA:222,0
DA:225,30
DA:228,10
DA:231,18
DA:234,3
DA:237,8
DA:240,28
DA:243,32
DA:246,21
DA:249,0
DA:252,0
DA:255,0
DA:259,7
DA:260,14
DA:261,14
DA:264,2
DA:268,23
DA:269,2
DA:273,2
DA:275,2
DA:281,0
DA:286,1
DA:287,2
DA:289,4
DA:292,5
DA:293,5
DA:294,10
DA:296,8
DA:299,4
DA:300,12
DA:301,8
DA:302,4
DA:309,5
DA:310,5
DA:312,8
DA:313,6
DA:316,4
DA:317,10
DA:319,4
DA:320,10
DA:321,4
DA:322,5
DA:327,0
DA:328,0
DA:329,0
DA:330,0
DA:331,0
DA:332,0
DA:333,0
DA:334,0
DA:335,0
DA:336,0
DA:337,0
DA:340,20
DA:342,6
DA:343,6
DA:344,6
DA:345,12
DA:348,2
DA:349,2
DA:350,2
DA:352,2
DA:353,6
DA:354,6
DA:367,11
DA:372,21
DA:373,21
DA:378,9
DA:379,13
DA:380,9
DA:381,2
DA:387,32
DA:389,8
DA:390,44
DA:393,33
DA:395,1
DA:396,1
DA:397,0
DA:398,2
DA:401,0
DA:403,0
DA:404,0
DA:407,0
DA:408,0
DA:411,1
DA:412,3
DA:415,7
DA:416,21
DA:417,16
DA:420,7
DA:421,14
DA:422,15
DA:425,5
DA:426,7
DA:427,2
DA:429,4
DA:430,10
DA:431,10
DA:434,10
DA:437,8
DA:440,2
DA:441,8
DA:442,0
DA:445,1
DA:446,1
DA:447,2
DA:448,1
DA:449,1
DA:450,5
DA:451,5
DA:452,5
DA:453,2
DA:454,3
DA:455,3
DA:458,24
DA:460,24
DA:462,2
DA:463,4
DA:464,10
DA:465,10
DA:466,4
DA:469,2
DA:470,2
DA:471,2
DA:473,2
DA:474,6
DA:475,6
DA:485,0
DA:489,0
DA:492,0
DA:493,0
DA:494,0
DA:496,0
DA:497,0
DA:499,0
DA:500,0
DA:509,2
DA:510,2
DA:511,1
DA:518,7
DA:519,7
DA:522,4
DA:523,2
DA:533,1
DA:537,5
DA:540,5
DA:545,1
DA:549,5
DA:552,5
DA:557,1
DA:561,5
DA:564,5
LF:228
LH:182
end_of_record
SF:lib/src/services.dart
DA:18,0
DA:19,0
DA:20,0
DA:22,0
DA:23,0
DA:28,0
DA:34,0
DA:35,0
DA:36,0
DA:42,0
DA:43,0
DA:45,0
DA:46,0
DA:49,0
DA:50,0
DA:54,0
DA:55,0
DA:56,0
DA:58,0
DA:62,0
DA:63,0
DA:65,0
DA:66,0
DA:67,0
DA:71,0
DA:72,0
DA:73,0
DA:78,0
DA:79,0
DA:81,0
DA:82,0
DA:84,0
DA:87,0
DA:98,0
DA:103,0
DA:104,0
DA:105,0
DA:106,0
DA:108,0
DA:109,0
DA:110,0
LF:41
LH:0
end_of_record
SF:lib/src/ios/code_signing.dart
DA:19,1
DA:38,106
DA:56,105
DA:81,2
DA:82,1
DA:83,3
DA:84,3
DA:95,1
DA:99,2
DA:105,2
DA:106,1
DA:108,1
DA:113,2
DA:118,2
DA:123,1
DA:124,1
DA:125,2
DA:126,1
DA:127,1
DA:128,1
DA:130,1
DA:131,1
DA:132,1
DA:134,2
DA:140,2
DA:143,1
DA:144,1
DA:145,1
DA:151,1
DA:152,1
DA:155,2
DA:156,4
DA:158,4
DA:161,3
DA:163,3
DA:166,1
DA:167,1
DA:168,1
DA:169,1
DA:173,1
DA:175,1
DA:176,1
DA:177,1
DA:180,2
DA:181,1
DA:183,2
DA:184,2
DA:187,1
DA:188,2
DA:191,2
DA:198,1
DA:200,1
DA:201,1
DA:205,2
DA:206,4
DA:208,1
DA:210,4
DA:211,3
DA:212,1
DA:218,1
DA:219,0
DA:221,3
DA:222,2
DA:223,2
LF:64
LH:63
end_of_record
SF:lib/src/ios/xcodeproj.dart
DA:22,0
DA:23,3
DA:25,5
DA:26,40
DA:34,5
DA:39,5
DA:41,5
DA:43,15
DA:44,10
DA:47,35
DA:51,8
DA:54,15
DA:56,15
DA:58,5
DA:63,20
DA:66,20
DA:68,8
DA:71,20
DA:73,8
DA:76,10
DA:77,1
DA:78,1
DA:79,8
DA:80,5
DA:88,1
DA:89,2
DA:92,5
DA:93,1
DA:96,10
DA:97,5
DA:98,10
DA:101,30
DA:106,3
DA:108,1
DA:109,5
DA:113,3
DA:114,2
DA:117,4
DA:118,3
DA:121,1
DA:122,1
DA:123,3
DA:124,5
DA:125,1
DA:130,2
DA:133,1
DA:134,1
DA:135,1
DA:136,1
DA:140,1
DA:141,1
DA:142,1
DA:143,1
DA:147,1
DA:148,1
DA:149,1
DA:150,1
DA:153,0
DA:154,0
DA:157,0
DA:162,0
DA:165,0
DA:166,0
DA:169,0
DA:173,0
DA:174,0
DA:175,0
DA:177,0
DA:185,1
DA:186,2
DA:187,1
DA:190,5
DA:197,1
DA:199,1
DA:200,1
DA:201,1
DA:202,1
DA:204,1
DA:205,1
DA:208,1
DA:211,1
DA:214,1
DA:218,2
DA:220,1
DA:221,0
DA:222,1
DA:229,0
DA:230,0
DA:231,0
DA:232,0
DA:233,0
DA:234,0
DA:238,1
DA:239,2
DA:243,1
DA:244,1
DA:245,1
DA:248,2
DA:253,1
DA:254,1
DA:255,2
DA:256,2
DA:264,1
DA:265,1
DA:266,2
DA:268,3
DA:269,3
DA:275,1
DA:276,1
DA:277,1
DA:279,1
DA:280,3
DA:281,1
DA:282,1
DA:283,0
DA:285,4
DA:289,1
DA:290,1
DA:292,1
DA:297,1
DA:298,2
DA:299,2
DA:300,1
DA:305,0
DA:307,0
LF:125
LH:103
end_of_record
SF:lib/src/android/gradle.dart
DA:31,3
DA:36,214
DA:37,107
DA:38,107
DA:39,107
DA:40,107
DA:48,3
DA:63,3
DA:65,3
DA:70,0
DA:71,0
DA:72,0
DA:73,0
DA:74,0
DA:75,0
DA:80,0
DA:81,0
DA:82,0
DA:83,0
DA:84,0
DA:87,0
DA:96,0
DA:97,0
DA:98,0
DA:100,0
DA:101,0
DA:102,0
DA:104,0
DA:105,0
DA:110,0
DA:111,0
DA:117,1
DA:118,4
DA:119,2
DA:120,2
DA:121,2
DA:122,1
DA:123,3
DA:124,1
DA:126,2
DA:127,1
DA:132,0
DA:133,0
DA:134,0
DA:135,0
DA:136,0
DA:139,0
DA:140,0
DA:141,0
DA:142,0
DA:144,0
DA:145,0
DA:146,0
DA:147,0
DA:149,0
DA:151,0
DA:152,0
DA:154,0
DA:157,0
DA:158,0
DA:161,0
DA:162,0
DA:163,0
DA:164,0
DA:167,0
DA:171,0
DA:178,0
DA:179,0
DA:181,0
DA:188,0
DA:192,3
DA:193,3
DA:194,6
DA:197,3
DA:198,6
DA:199,6
DA:205,1
DA:206,2
DA:212,1
DA:213,2
DA:214,4
DA:215,1
DA:217,0
DA:218,0
DA:221,0
DA:222,2
DA:225,4
DA:226,1
DA:231,2
DA:232,6
DA:233,2
DA:234,8
DA:235,2
DA:236,2
DA:242,2
DA:252,8
DA:258,1
DA:261,16
DA:265,8
DA:266,5
DA:268,8
DA:272,8
DA:273,24
DA:275,2
DA:277,16
DA:283,8
DA:285,8
DA:286,24
DA:288,16
DA:291,2
DA:292,3
DA:293,1
DA:294,3
DA:295,2
DA:299,8
DA:305,1
DA:306,1
DA:307,1
DA:308,0
DA:310,1
DA:314,1
DA:315,1
DA:316,1
DA:320,0
DA:334,0
DA:336,0
DA:338,0
DA:339,0
DA:341,0
DA:342,0
DA:343,0
DA:345,0
DA:346,0
DA:350,0
DA:352,0
DA:354,0
DA:357,0
DA:358,0
DA:359,0
DA:361,0
DA:363,0
DA:365,0
DA:366,0
DA:368,0
DA:371,0
DA:378,0
DA:383,0
DA:385,0
DA:389,0
DA:390,0
DA:391,0
DA:392,0
DA:394,0
DA:395,0
DA:396,0
DA:398,0
DA:399,0
DA:401,0
DA:404,0
DA:405,0
DA:406,0
DA:409,0
DA:410,0
DA:411,0
DA:412,0
DA:414,0
DA:416,0
DA:417,0
DA:418,0
DA:419,0
DA:422,0
DA:424,0
DA:425,0
DA:426,0
DA:427,0
DA:428,0
DA:429,0
DA:430,0
DA:431,0
DA:432,0
DA:433,0
DA:434,0
DA:435,0
DA:436,0
DA:437,0
DA:438,0
DA:439,0
DA:441,0
DA:442,0
DA:444,0
DA:446,0
DA:448,0
DA:450,0
DA:454,0
DA:455,0
DA:456,0
DA:460,0
DA:462,0
DA:469,0
DA:471,0
DA:473,0
DA:474,0
DA:475,0
DA:476,0
DA:478,0
DA:482,0
DA:484,0
DA:486,0
DA:488,0
DA:489,0
DA:490,0
DA:493,0
DA:496,0
DA:498,0
DA:500,0
DA:502,0
DA:503,0
DA:504,0
DA:505,0
DA:506,0
DA:507,0
DA:510,0
DA:511,0
DA:512,0
DA:513,0
DA:514,0
DA:515,0
DA:517,0
DA:518,0
DA:519,0
DA:520,0
DA:522,0
DA:523,0
DA:524,0
DA:528,0
DA:531,0
DA:532,0
DA:536,0
DA:537,0
DA:538,0
DA:540,0
DA:541,0
DA:542,0
DA:543,0
DA:544,0
DA:545,0
DA:547,0
DA:552,0
DA:553,0
DA:554,0
DA:556,0
DA:557,0
DA:560,0
DA:561,0
DA:564,0
DA:571,0
DA:572,0
DA:574,0
DA:576,0
DA:577,0
DA:579,0
DA:581,0
DA:584,0
DA:585,0
DA:586,0
DA:591,0
DA:592,0
DA:594,0
DA:595,0
DA:596,0
DA:597,0
DA:600,0
DA:602,0
DA:604,0
DA:605,0
DA:606,0
DA:608,0
DA:609,0
DA:610,0
DA:613,0
DA:616,0
DA:618,0
DA:622,0
DA:623,0
DA:626,0
DA:627,0
DA:629,0
DA:630,0
DA:631,0
DA:633,0
DA:635,0
DA:636,0
DA:642,0
DA:643,0
DA:647,0
DA:648,0
DA:651,0
DA:652,0
DA:653,0
DA:655,0
DA:657,0
DA:658,0
DA:664,1
DA:665,3
DA:666,1
DA:668,0
DA:674,1
DA:676,1
DA:679,1
DA:680,3
DA:681,2
DA:682,1
DA:686,2
DA:687,2
DA:689,2
DA:690,1
DA:691,1
DA:696,2
DA:697,2
DA:698,2
DA:699,2
DA:700,1
DA:701,1
DA:702,1
DA:707,1
DA:708,1
DA:709,1
DA:710,1
DA:711,1
DA:712,5
DA:713,5
DA:722,1
DA:723,2
DA:724,3
DA:729,1
DA:730,1
DA:731,2
DA:732,3
DA:733,1
DA:738,1
DA:739,1
DA:740,1
DA:743,3
DA:746,1
DA:747,1
DA:748,1
DA:751,2
DA:752,1
DA:755,1
DA:756,1
DA:757,1
DA:760,3
DA:763,1
LF:353
LH:118
end_of_record
SF:lib/src/flutter_manifest.dart
DA:19,27
DA:22,7
DA:23,7
DA:24,7
DA:25,7
DA:30,26
DA:31,52
DA:32,22
DA:33,88
DA:34,22
DA:39,23
DA:40,46
DA:43,27
DA:44,27
DA:45,42
DA:50,42
DA:52,46
DA:55,54
DA:57,26
DA:59,52
DA:72,27
DA:75,24
DA:82,7
DA:83,20
DA:90,6
DA:91,0
DA:92,0
DA:93,0
DA:94,0
DA:97,6
DA:102,7
DA:103,19
DA:104,18
DA:106,6
DA:111,7
DA:112,19
DA:113,18
DA:120,7
DA:121,14
DA:131,39
DA:141,3
DA:146,3
DA:147,3
DA:148,9
DA:149,1
DA:150,3
DA:156,2
DA:157,2
DA:158,6
DA:162,7
DA:163,25
DA:166,3
DA:167,6
DA:170,6
DA:173,7
DA:174,14
DA:179,4
DA:180,4
DA:181,4
DA:182,4
DA:187,7
DA:188,14
DA:189,7
DA:192,7
DA:193,14
DA:194,7
DA:196,3
DA:197,3
DA:198,3
DA:199,3
DA:201,1
DA:205,2
DA:209,3
DA:210,3
DA:211,3
DA:213,2
DA:217,6
DA:218,3
DA:219,3
DA:220,3
DA:223,3
DA:224,9
DA:231,3
DA:232,0
DA:233,0
DA:234,3
DA:239,3
DA:240,3
DA:241,3
DA:242,15
DA:246,0
DA:247,0
DA:251,3
DA:252,0
DA:258,3
DA:259,3
DA:260,3
DA:261,4
DA:263,3
DA:264,4
DA:266,9
DA:270,0
DA:271,0
DA:274,6
DA:276,12
DA:277,12
DA:281,6
DA:283,12
DA:284,6
DA:292,21
DA:293,21
DA:294,21
DA:295,42
DA:296,0
DA:299,21
DA:300,21
DA:301,42
DA:302,0
DA:305,21
DA:306,15
DA:309,26
DA:310,0
DA:312,26
DA:320,21
DA:321,2
DA:322,4
DA:329,13
DA:330,13
DA:333,13
DA:334,26
DA:335,0
DA:338,13
DA:339,13
DA:340,16
DA:341,0
DA:344,8
DA:345,5
DA:346,20
DA:347,6
DA:350,5
DA:351,15
DA:352,0
DA:354,6
DA:356,3
DA:357,6
DA:358,0
DA:361,15
DA:362,0
DA:364,9
DA:365,0
DA:368,3
DA:369,6
DA:370,0
DA:372,15
DA:373,0
DA:375,9
DA:376,0
DA:378,12
DA:379,0
DA:383,3
DA:389,3
DA:396,3
DA:397,15
DA:398,0
DA:400,9
DA:401,0
DA:403,9
DA:404,0
DA:406,3
DA:409,6
DA:410,6
DA:411,6
DA:412,0
DA:414,3
DA:415,3
DA:416,6
DA:417,0
DA:420,2
DA:421,4
DA:422,0
DA:425,2
DA:426,8
DA:427,0
DA:431,0
LF:184
LH:152
end_of_record
SF:lib/src/template.dart
DA:26,8
DA:27,16
DA:29,8
DA:33,8
DA:35,8
DA:36,8
DA:41,32
DA:42,16
DA:44,8
DA:48,48
DA:53,7
DA:55,7
DA:56,7
DA:65,8
DA:71,8
DA:79,8
DA:80,16
DA:82,6
DA:83,12
DA:84,12
DA:86,12
DA:88,8
DA:89,8
DA:90,8
DA:91,16
DA:92,24
DA:93,16
DA:94,8
DA:95,8
DA:96,8
DA:100,14
DA:103,7
DA:105,6
DA:109,24
DA:110,8
DA:111,7
DA:114,8
DA:117,16
DA:118,32
DA:122,8
DA:124,3
DA:126,2
DA:130,14
DA:135,14
DA:138,8
DA:140,8
DA:141,16
DA:146,16
DA:147,6
DA:155,14
DA:156,7
DA:157,14
DA:159,7
DA:167,14
DA:174,7
DA:175,21
DA:177,35
LF:57
LH:57
end_of_record
SF:lib/src/web/compile.dart
DA:18,3
DA:22,60
DA:28,1
DA:29,2
DA:30,2
DA:31,2
DA:32,3
DA:33,3
DA:34,1
DA:35,0
DA:37,4
DA:38,2
DA:39,0
DA:42,1
DA:47,1
DA:48,1
DA:51,1
DA:54,0
DA:56,2
DA:57,3
DA:59,1
DA:60,3
DA:61,1
DA:62,1
DA:64,1
DA:65,3
DA:66,1
DA:67,1
DA:68,1
LF:29
LH:26
end_of_record
SF:lib/src/android/android_sdk.dart
DA:20,54
DA:39,39
DA:40,3
DA:49,3
DA:50,2
DA:51,2
DA:53,2
DA:55,2
DA:56,0
DA:58,2
DA:66,2
DA:67,2
DA:68,0
DA:72,1
DA:74,1
DA:75,3
DA:78,3
DA:79,7
DA:81,2
DA:82,0
DA:83,0
DA:88,0
DA:89,0
DA:93,3
DA:94,4
DA:95,0
DA:103,1
DA:104,1
DA:105,0
DA:109,14
DA:116,1
DA:128,14
DA:130,1
DA:133,13
DA:134,39
DA:135,26
DA:136,26
DA:142,1
DA:144,2
DA:146,2
DA:149,0
DA:152,3
DA:155,3
DA:157,2
DA:158,0
DA:161,1
DA:164,1
DA:168,1
DA:169,1
DA:173,6
DA:177,4
DA:180,1
DA:184,3
DA:187,3
DA:188,1
DA:189,1
DA:190,1
DA:191,1
DA:192,2
DA:193,1
DA:194,1
DA:197,3
DA:199,0
DA:202,3
DA:203,1
DA:204,1
DA:207,1
DA:208,3
DA:209,2
DA:210,0
DA:214,2
DA:215,1
DA:216,1
DA:217,3
DA:218,3
DA:219,1
DA:220,2
DA:221,1
DA:222,2
DA:223,3
DA:225,0
DA:229,1
DA:230,0
DA:234,4
DA:237,13
DA:238,1
DA:239,1
DA:240,1
DA:241,1
DA:242,1
DA:243,1
DA:248,3
DA:249,2
DA:250,0
DA:252,2
DA:254,1
DA:259,2
DA:261,2
DA:263,2
DA:264,2
DA:270,13
DA:271,13
DA:292,56
DA:301,56
DA:303,15
DA:304,15
DA:306,30
DA:307,4
DA:308,42
DA:309,42
DA:310,3
DA:311,0
DA:312,2
DA:313,1
DA:314,0
DA:315,0
DA:316,0
DA:317,0
DA:318,0
DA:319,0
DA:320,0
DA:324,15
DA:326,8
DA:327,0
DA:331,6
DA:332,3
DA:334,0
DA:335,0
DA:336,0
DA:341,6
DA:342,3
DA:344,0
DA:345,0
DA:346,0
DA:353,15
DA:356,3
DA:363,13
DA:364,13
DA:369,13
DA:372,15
DA:373,17
DA:376,2
DA:377,10
DA:380,15
DA:381,75
DA:384,16
DA:386,20
DA:388,44
DA:390,4
DA:392,0
DA:394,91
DA:396,13
DA:397,13
DA:398,26
DA:399,13
DA:400,13
DA:401,13
DA:408,8
DA:409,32
DA:410,0
DA:412,23
DA:413,4
DA:414,2
DA:415,0
DA:417,1
DA:418,2
DA:419,4
DA:420,1
DA:422,2
DA:425,14
DA:428,11
DA:429,44
DA:430,33
DA:435,2
DA:436,4
DA:439,2
DA:440,4
DA:441,8
DA:442,6
DA:448,0
DA:449,0
DA:450,0
DA:451,0
DA:460,13
DA:461,13
DA:463,78
DA:464,13
DA:466,13
DA:467,26
DA:469,26
DA:474,26
DA:475,13
DA:479,52
DA:480,13
DA:484,26
DA:486,26
DA:488,2
DA:490,1
DA:491,3
DA:492,2
DA:493,1
DA:494,1
DA:500,39
DA:501,26
DA:502,13
DA:504,13
DA:509,13
DA:515,39
DA:517,26
DA:519,65
DA:523,8
DA:524,32
DA:528,9
DA:530,9
DA:531,28
DA:533,6
DA:536,0
DA:541,4
DA:543,2
DA:545,0
DA:546,0
DA:547,0
DA:548,0
DA:555,4
DA:561,8
DA:562,8
DA:564,16
DA:565,8
DA:567,14
DA:568,70
DA:571,8
DA:575,1
DA:576,3
DA:577,1
DA:578,5
DA:579,2
DA:580,5
DA:583,2
DA:586,0
DA:587,0
DA:591,13
DA:596,0
DA:597,0
DA:598,0
DA:605,21
DA:607,14
DA:609,14
DA:611,7
DA:612,14
DA:613,0
DA:615,14
DA:616,0
DA:618,7
DA:621,7
DA:622,42
DA:625,7
DA:626,42
DA:629,13
DA:630,39
DA:632,0
DA:633,0
DA:635,7
DA:636,14
DA:637,0
DA:641,7
DA:642,14
DA:643,0
LF:267
LH:214
end_of_record
SF:lib/src/macos/application_package.dart
DA:13,0
DA:14,0
DA:17,0
DA:26,0
DA:27,0
DA:28,0
DA:29,0
DA:33,0
DA:34,0
DA:35,0
DA:36,0
DA:39,0
DA:41,0
DA:44,0
DA:45,0
DA:46,0
DA:49,0
DA:50,0
DA:52,0
DA:55,0
DA:56,0
DA:57,0
DA:60,0
DA:62,0
DA:68,0
DA:69,0
DA:75,0
DA:80,0
DA:89,0
DA:90,0
LF:30
LH:0
end_of_record
SF:lib/src/android/android_studio.dart
DA:16,33
DA:27,2
DA:28,1
DA:30,27
DA:33,8
DA:39,1
DA:40,8
DA:43,8
DA:44,24
DA:45,24
DA:46,16
DA:50,8
DA:51,8
DA:54,8
DA:56,3
DA:57,3
DA:58,2
DA:64,16
DA:71,7
DA:73,8
DA:76,40
DA:77,8
DA:80,1
DA:82,3
DA:83,2
DA:86,2
DA:87,1
DA:93,1
DA:94,5
DA:95,1
DA:99,2
DA:100,1
DA:119,14
DA:121,14
DA:123,8
DA:124,8
DA:125,8
DA:127,2
DA:128,2
DA:129,2
DA:130,0
DA:131,0
DA:134,0
DA:136,4
DA:137,2
DA:143,14
DA:145,0
DA:147,0
DA:148,0
DA:149,0
DA:154,10
DA:155,20
DA:158,0
DA:159,0
DA:160,0
DA:165,10
DA:166,10
DA:169,7
DA:170,21
DA:171,0
DA:174,10
DA:175,30
DA:177,9
DA:178,9
DA:180,9
DA:181,18
DA:184,7
DA:185,7
DA:186,7
DA:187,7
DA:188,14
DA:189,7
DA:191,14
DA:192,7
DA:193,14
DA:194,14
DA:198,0
DA:202,9
DA:203,45
DA:205,18
DA:207,0
DA:208,0
DA:209,0
DA:212,0
DA:213,0
DA:218,30
DA:219,16
DA:220,9
DA:223,1
DA:224,1
DA:226,0
DA:227,0
DA:228,0
DA:231,0
DA:239,4
DA:240,4
DA:241,0
DA:242,0
DA:243,0
DA:244,0
DA:245,0
DA:251,2
DA:252,0
DA:253,0
DA:257,2
DA:258,0
DA:259,0
DA:260,0
DA:265,0
DA:266,0
DA:271,8
DA:275,40
DA:278,8
DA:279,8
DA:280,16
DA:282,8
DA:283,0
DA:286,24
DA:287,0
DA:291,16
DA:292,32
DA:293,4
DA:294,24
DA:295,16
DA:296,2
DA:298,21
DA:299,14
DA:300,14
DA:301,21
DA:302,21
DA:303,7
DA:304,7
DA:306,0
DA:311,0
DA:312,0
LF:135
LH:97
end_of_record
SF:lib/src/asset.dart
DA:21,107
DA:26,27
DA:28,9
DA:52,16
DA:54,9
DA:55,9
DA:61,9
[...]
DA:102,0
DA:103,0
DA:104,0
DA:110,0
DA:111,0
DA:113,0
DA:114,0
DA:115,0
DA:117,0
DA:119,0
DA:120,0
DA:121,0
DA:127,0
DA:128,0
DA:129,0
DA:135,0
DA:138,0
DA:139,0
DA:140,0
DA:141,0
DA:142,0
DA:143,0
DA:144,0
DA:151,0
DA:152,0
DA:153,0
DA:157,0
DA:159,0
DA:166,0
DA:169,0
DA:172,0
DA:173,0
DA:174,0
DA:175,0
DA:176,0
DA:179,0
DA:180,0
DA:185,0
DA:193,0
DA:195,0
DA:196,0
DA:202,0
DA:203,0
DA:204,0
DA:207,0
DA:208,0
DA:213,0
DA:214,0
DA:215,0
DA:216,0
DA:217,0
LF:71
LH:17
end_of_record
SF:lib/src/commands/trace.dart
DA:17,2
DA:18,2
DA:19,4
DA:22,4
DA:23,4
DA:24,4
DA:30,4
DA:47,1
DA:49,2
DA:50,0
DA:53,1
DA:56,0
DA:57,0
DA:62,0
DA:65,0
DA:67,0
DA:68,0
DA:69,0
DA:77,0
DA:82,0
DA:84,0
DA:87,0
DA:90,0
DA:91,0
DA:93,0
DA:98,0
DA:99,0
DA:102,0
DA:103,0
DA:105,0
DA:108,0
DA:110,0
LF:32
LH:10
end_of_record
SF:lib/src/commands/train.dart
DA:10,0
DA:13,1
DA:16,0
DA:19,0
DA:23,0
LF:5
LH:1
end_of_record
SF:lib/src/commands/update_packages.dart
DA:23,1
DA:29,1
DA:30,1
DA:31,1
DA:38,1
DA:45,1
DA:50,1
DA:55,1
DA:62,1
DA:70,1
DA:88,0
DA:92,0
DA:93,0
DA:95,0
DA:97,0
DA:98,0
DA:99,0
DA:100,0
DA:101,0
DA:102,0
DA:103,0
DA:104,0
DA:105,0
DA:106,0
DA:110,0
DA:111,0
DA:113,0
DA:114,0
DA:115,0
DA:116,0
DA:117,0
DA:122,0
DA:129,0
DA:130,0
DA:131,0
DA:139,0
DA:141,0
DA:142,0
DA:143,0
DA:144,0
DA:149,0
DA:150,0
DA:153,0
DA:154,0
DA:155,0
DA:157,0
DA:158,0
DA:161,0
DA:162,0
DA:168,0
DA:169,0
DA:170,0
DA:171,0
DA:173,0
DA:174,0
DA:177,0
DA:178,0
DA:184,0
DA:188,0
DA:194,0
DA:199,0
DA:206,0
DA:207,0
DA:209,0
DA:210,0
DA:213,0
DA:214,0
DA:215,0
DA:217,0
DA:218,0
DA:219,0
DA:230,0
DA:231,0
DA:232,0
DA:233,0
DA:234,0
DA:235,0
DA:240,0
DA:245,0
DA:246,0
DA:254,0
DA:255,0
DA:257,0
DA:258,0
DA:259,0
DA:261,0
DA:267,0
DA:268,0
DA:269,0
DA:270,0
DA:271,0
DA:275,0
DA:281,0
DA:282,0
DA:283,0
DA:284,0
DA:285,0
DA:286,0
DA:287,0
DA:288,0
DA:294,0
DA:295,0
DA:301,0
DA:313,0
DA:314,0
DA:322,0
DA:325,0
DA:326,0
DA:327,0
DA:330,0
DA:332,0
DA:333,0
DA:338,0
DA:343,0
DA:344,0
DA:345,0
DA:346,0
DA:348,0
DA:350,0
DA:352,0
DA:353,0
DA:354,0
DA:355,0
DA:356,0
DA:357,0
DA:358,0
DA:359,0
DA:360,0
DA:361,0
DA:366,0
DA:367,0
DA:369,0
DA:370,0
DA:372,0
DA:374,0
DA:377,0
DA:378,0
DA:384,0
DA:392,0
DA:393,0
DA:402,8
DA:405,2
DA:408,1
DA:411,1
DA:414,1
DA:417,1
DA:421,1
DA:438,0
DA:439,0
DA:440,0
DA:443,0
DA:466,0
DA:467,0
DA:471,0
DA:479,0
DA:485,0
DA:489,0
DA:491,0
DA:492,0
DA:493,0
DA:494,0
DA:495,0
DA:496,0
DA:497,0
DA:501,0
DA:508,0
DA:512,0
DA:515,0
DA:516,0
DA:520,0
DA:521,0
DA:522,0
DA:525,0
DA:529,0
DA:533,0
DA:536,0
DA:537,0
DA:538,0
DA:544,0
DA:551,0
DA:552,0
DA:553,0
DA:560,0
DA:562,0
DA:565,0
DA:570,0
DA:585,0
DA:593,0
DA:594,0
DA:595,0
DA:602,0
DA:606,0
DA:612,0
DA:613,0
DA:619,0
DA:620,0
DA:621,0
DA:630,0
DA:631,0
DA:632,0
DA:648,0
DA:649,0
DA:655,0
DA:656,0
DA:657,0
DA:658,0
DA:659,0
DA:660,0
DA:661,0
DA:665,0
DA:666,0
DA:670,0
DA:672,0
DA:673,0
DA:680,0
DA:681,0
DA:686,0
DA:687,0
DA:688,0
DA:692,0
DA:693,0
DA:695,0
DA:702,0
DA:703,0
DA:705,0
DA:709,0
DA:710,0
DA:711,0
DA:716,0
DA:722,0
DA:723,0
DA:727,0
DA:728,0
DA:737,0
DA:738,0
DA:739,0
DA:744,0
DA:745,0
DA:746,0
DA:747,0
DA:750,0
DA:751,0
DA:754,0
DA:755,0
DA:756,0
DA:757,0
DA:761,0
DA:762,0
DA:763,0
DA:764,0
DA:765,0
DA:769,0
DA:770,0
DA:772,0
DA:773,0
DA:776,0
DA:782,0
DA:783,0
DA:784,0
DA:785,0
DA:788,0
DA:789,0
DA:793,0
DA:795,0
DA:796,0
DA:797,0
DA:799,0
DA:802,0
DA:806,0
DA:813,0
DA:822,0
DA:834,0
DA:835,0
DA:836,0
DA:837,0
DA:838,0
DA:844,0
DA:873,0
DA:880,0
DA:882,0
DA:883,0
DA:885,0
DA:886,0
DA:887,0
DA:889,0
DA:890,0
DA:891,0
DA:892,0
DA:893,0
DA:894,0
DA:895,0
DA:896,0
DA:897,0
DA:898,0
DA:899,0
DA:901,0
DA:907,0
DA:908,0
DA:909,0
DA:910,0
DA:911,0
DA:917,0
DA:926,0
DA:928,0
DA:946,0
DA:948,0
DA:949,0
DA:950,0
DA:952,0
DA:954,0
DA:955,0
DA:956,0
DA:961,0
DA:962,0
DA:963,0
DA:964,0
DA:965,0
DA:966,0
DA:967,0
DA:969,0
DA:971,0
DA:972,0
DA:974,0
DA:984,0
DA:988,0
DA:993,0
DA:1000,0
DA:1014,0
DA:1015,0
DA:1018,0
DA:1019,0
DA:1020,0
DA:1030,0
DA:1031,0
DA:1032,0
DA:1033,0
DA:1035,0
DA:1036,0
DA:1038,0
DA:1039,0
DA:1041,0
DA:1042,0
DA:1043,0
DA:1047,0
DA:1049,0
DA:1050,0
DA:1054,0
DA:1060,0
DA:1061,0
DA:1062,0
DA:1063,0
DA:1068,0
DA:1069,0
DA:1070,0
DA:1071,0
DA:1072,0
DA:1074,0
DA:1075,0
DA:1076,0
DA:1078,0
DA:1079,0
DA:1080,0
DA:1081,0
DA:1082,0
DA:1084,0
DA:1085,0
DA:1088,0
DA:1089,0
DA:1090,0
DA:1091,0
DA:1092,0
DA:1094,0
DA:1095,0
DA:1103,0
DA:1104,0
DA:1109,0
DA:1110,0
DA:1111,0
DA:1112,0
DA:1113,0
DA:1114,0
DA:1115,0
DA:1116,0
DA:1117,0
DA:1118,0
DA:1119,0
DA:1120,0
DA:1123,0
DA:1124,0
DA:1125,0
DA:1126,0
DA:1127,0
DA:1168,0
DA:1169,0
DA:1170,0
DA:1171,0
DA:1172,0
DA:1173,0
DA:1174,0
DA:1175,0
DA:1178,0
DA:1180,0
DA:1181,0
DA:1182,0
DA:1183,0
DA:1184,0
DA:1188,0
DA:1189,0
DA:1196,0
DA:1197,0
DA:1202,0
DA:1207,0
DA:1208,0
DA:1209,0
DA:1214,0
DA:1215,0
DA:1216,0
DA:1218,0
DA:1219,0
DA:1225,0
DA:1226,0
DA:1232,0
DA:1235,0
DA:1236,0
DA:1237,0
DA:1238,0
DA:1241,0
DA:1243,0
DA:1244,0
DA:1245,0
DA:1246,0
DA:1247,0
DA:1248,0
DA:1249,0
DA:1252,0
LF:435
LH:17
end_of_record
SF:lib/src/commands/upgrade.dart
DA:21,1
DA:22,2
DA:36,0
DA:40,0
DA:45,0
DA:46,0
DA:47,0
DA:55,1
DA:56,2
DA:57,1
DA:60,4
DA:61,1
DA:68,0
DA:77,2
DA:78,1
DA:86,2
DA:87,2
DA:88,2
DA:89,2
DA:90,2
DA:91,2
DA:95,0
DA:97,0
DA:100,0
DA:102,0
DA:110,1
DA:112,3
DA:116,0
DA:127,0
DA:130,0
DA:133,0
DA:135,0
DA:138,0
DA:139,0
DA:147,0
DA:148,0
DA:149,0
DA:156,0
DA:157,0
DA:158,0
DA:160,0
DA:162,0
DA:163,0
DA:172,0
DA:173,0
DA:174,0
DA:175,0
DA:176,0
DA:177,0
DA:182,0
DA:183,0
DA:188,0
DA:189,0
DA:190,0
DA:191,0
DA:193,0
DA:194,0
DA:199,0
DA:200,0
DA:201,0
DA:202,0
DA:203,0
DA:204,0
DA:212,3
DA:217,3
DA:219,1
DA:220,2
DA:221,2
DA:222,1
LF:69
LH:23
end_of_record
SF:lib/src/commands/version.dart
DA:19,4
DA:20,4
DA:36,1
DA:37,2
DA:38,1
DA:41,2
DA:45,1
DA:46,2
DA:47,3
DA:48,1
DA:51,4
DA:52,2
DA:53,2
DA:57,1
DA:59,2
DA:60,2
DA:61,1
DA:62,1
DA:63,1
DA:72,2
DA:73,2
DA:77,0
DA:80,1
DA:82,3
DA:88,1
DA:89,1
DA:90,3
DA:91,3
DA:96,1
DA:97,0
DA:100,1
DA:101,2
DA:103,1
DA:105,1
DA:106,2
DA:107,1
DA:115,1
DA:116,1
DA:117,2
DA:118,1
DA:119,3
DA:126,1
DA:127,0
LF:43
LH:40
end_of_record
SF:lib/src/test/coverage_collector.dart
DA:24,0
DA:31,0
DA:32,0
DA:33,0
DA:36,0
DA:37,0
DA:38,0
DA:40,0
DA:50,0
DA:51,0
DA:52,0
DA:53,0
DA:54,0
DA:57,0
DA:58,0
DA:59,0
DA:61,0
DA:64,0
DA:67,0
DA:70,0
DA:72,0
DA:74,0
DA:77,0
DA:78,0
DA:80,0
DA:81,0
DA:82,0
DA:90,0
DA:94,0
DA:95,0
DA:99,0
DA:100,0
DA:102,0
DA:103,0
DA:104,0
DA:106,0
DA:107,0
DA:111,0
DA:112,0
DA:113,0
DA:116,0
DA:117,0
DA:121,0
DA:122,0
DA:123,0
DA:124,0
DA:128,0
DA:129,0
DA:133,0
DA:135,0
DA:137,0
DA:139,0
DA:143,0
DA:145,0
DA:146,0
DA:149,0
DA:150,0
DA:152,0
DA:155,0
DA:162,0
DA:163,0
DA:164,0
DA:165,0
DA:169,0
DA:170,0
DA:171,0
DA:172,0
DA:173,0
DA:174,0
DA:175,0
DA:177,0
DA:178,0
DA:181,0
DA:182,0
DA:185,0
DA:186,0
DA:187,0
DA:190,0
DA:191,0
DA:193,0
DA:194,0
DA:197,0
DA:198,0
DA:199,0
DA:202,0
DA:203,0
DA:207,0
DA:208,0
DA:210,0
DA:214,0
DA:219,0
DA:220,0
DA:221,0
DA:222,0
DA:223,0
DA:228,0
DA:229,0
DA:231,0
DA:232,0
DA:233,0
DA:234,0
DA:235,0
DA:241,0
DA:242,0
DA:243,0
DA:244,0
DA:248,0
DA:249,0
DA:250,0
DA:255,0
DA:256,0
DA:263,0
DA:265,0
DA:266,0
DA:267,0
DA:268,0
DA:269,0
DA:272,0
DA:273,0
DA:274,0
DA:277,0
DA:280,0
DA:284,0
DA:285,0
DA:286,0
DA:287,0
DA:288,0
DA:289,0
DA:291,0
DA:292,0
DA:295,0
DA:299,0
LF:132
LH:0
end_of_record
SF:lib/src/test/event_printer.dart
DA:11,0
DA:15,0
DA:17,0
DA:18,0
DA:21,0
DA:22,0
DA:24,0
DA:26,0
DA:29,0
DA:30,0
DA:31,0
DA:34,0
DA:35,0
DA:36,0
LF:14
LH:0
end_of_record
SF:lib/src/test/runner.dart
DA:23,0
DA:43,0
DA:44,0
DA:45,0
DA:49,0
DA:51,0
DA:54,0
DA:56,0
DA:57,0
DA:60,0
DA:61,0
DA:64,0
DA:65,0
DA:68,0
DA:69,0
DA:70,0
DA:75,0
DA:86,0
DA:93,0
DA:94,0
DA:97,0
DA:100,0
DA:101,0
DA:104,0
DA:105,0
DA:108,0
DA:110,0
DA:112,0
LF:28
LH:0
end_of_record
SF:lib/src/test/watcher.dart
DA:14,0
DA:20,0
DA:23,0
DA:27,0
DA:32,0
LF:5
LH:0
end_of_record
SF:lib/src/test/flutter_platform.dart
DA:42,0
DA:49,0
DA:70,0
DA:80,0
DA:97,0
DA:98,0
DA:99,0
DA:100,0
DA:107,0
DA:135,0
DA:141,0
DA:142,0
DA:143,0
DA:145,0
DA:146,0
DA:147,0
DA:148,0
DA:150,0
DA:151,0
DA:163,0
DA:165,0
DA:166,0
DA:167,0
DA:169,0
DA:204,0
DA:206,0
DA:210,0
DA:214,0
DA:225,0
DA:228,5
DA:229,5
DA:233,0
DA:241,0
DA:245,0
DA:246,0
DA:248,0
DA:251,0
DA:256,0
DA:257,0
DA:258,0
DA:266,0
DA:269,0
DA:270,0
DA:274,0
DA:275,0
DA:276,0
DA:286,0
DA:287,0
DA:288,0
DA:296,0
DA:297,0
DA:298,0
DA:299,0
DA:304,0
DA:305,0
DA:306,0
DA:307,0
DA:309,0
DA:310,0
DA:314,0
DA:315,0
DA:316,0
DA:317,0
DA:319,0
DA:325,0
DA:326,0
DA:327,0
DA:329,0
DA:330,0
DA:331,0
DA:332,0
DA:336,0
DA:337,0
DA:339,0
DA:340,0
DA:341,0
DA:343,0
DA:345,0
DA:348,0
DA:349,0
DA:350,0
DA:358,0
DA:359,0
DA:360,0
DA:361,0
DA:364,0
DA:367,0
DA:368,0
DA:369,0
DA:373,0
DA:374,0
DA:375,0
DA:380,0
DA:396,0
DA:427,0
DA:438,0
DA:439,0
DA:441,0
DA:444,0
DA:445,0
DA:456,0
DA:458,0
DA:460,0
DA:461,0
DA:463,0
DA:464,0
DA:466,0
DA:467,0
DA:468,0
DA:469,0
DA:470,0
DA:471,0
DA:472,0
DA:473,0
DA:475,0
DA:476,0
DA:477,0
DA:479,0
DA:480,0
DA:483,0
DA:487,0
DA:496,0
DA:497,0
DA:500,0
DA:502,0
DA:503,0
DA:505,0
DA:508,0
DA:513,0
DA:519,0
DA:524,0
DA:529,0
DA:530,0
DA:531,0
DA:532,0
DA:534,0
DA:535,0
DA:536,0
DA:537,0
DA:538,0
DA:540,0
DA:542,0
DA:544,0
DA:545,0
DA:547,0
DA:553,0
DA:559,0
DA:560,0
DA:561,0
DA:562,0
DA:565,0
DA:567,0
DA:569,0
DA:570,0
DA:573,0
DA:578,0
DA:579,0
DA:581,0
DA:582,0
DA:583,0
DA:584,0
DA:585,0
DA:588,0
DA:590,0
DA:591,0
DA:592,0
DA:594,0
DA:598,0
DA:599,0
DA:601,0
DA:602,0
DA:607,0
DA:608,0
DA:609,0
DA:610,0
DA:616,0
DA:618,0
DA:619,0
DA:620,0
DA:621,0
DA:622,0
DA:623,0
DA:624,0
DA:625,0
DA:626,0
DA:628,0
DA:632,0
DA:633,0
DA:634,0
DA:635,0
DA:636,0
DA:639,0
DA:640,0
DA:641,0
DA:643,0
DA:645,0
DA:654,0
DA:656,0
DA:657,0
DA:658,0
DA:659,0
DA:660,0
DA:662,0
DA:663,0
DA:664,0
DA:665,0
DA:671,0
DA:672,0
DA:673,0
DA:675,0
DA:676,0
DA:679,0
DA:680,0
DA:682,0
DA:683,0
DA:684,0
DA:685,0
DA:687,0
DA:691,0
DA:692,0
DA:693,0
DA:695,0
DA:696,0
DA:697,0
DA:698,0
DA:699,0
DA:701,0
DA:702,0
DA:703,0
DA:705,0
DA:707,0
DA:708,0
DA:709,0
DA:711,0
DA:712,0
DA:714,0
DA:716,0
DA:717,0
DA:719,0
DA:725,0
DA:726,0
DA:727,0
DA:728,0
DA:729,0
DA:730,0
DA:732,0
DA:733,0
DA:735,0
DA:737,0
DA:738,0
DA:740,0
DA:746,0
DA:748,0
DA:749,0
DA:752,0
DA:755,0
DA:760,0
DA:761,0
DA:762,0
DA:766,0
DA:767,0
DA:768,0
DA:770,0
DA:771,0
DA:774,0
DA:775,0
DA:777,0
DA:778,0
DA:779,0
DA:781,0
DA:782,0
DA:783,0
DA:784,0
DA:786,0
DA:787,0
DA:789,0
DA:790,0
DA:796,0
DA:798,0
DA:800,0
DA:801,0
DA:804,0
DA:806,0
DA:808,0
DA:810,0
DA:812,0
DA:814,0
DA:815,0
DA:821,0
DA:822,0
DA:823,0
DA:826,0
DA:827,0
DA:829,0
DA:831,0
DA:836,0
DA:843,0
DA:844,0
DA:845,0
DA:846,0
DA:850,0
DA:851,0
DA:852,0
DA:853,0
DA:855,0
DA:858,0
DA:861,0
DA:863,0
DA:864,0
DA:865,0
DA:866,0
DA:867,0
DA:871,0
DA:872,0
DA:873,0
DA:876,0
DA:878,0
DA:881,0
DA:882,0
DA:889,0
DA:890,0
DA:891,0
DA:892,0
DA:894,0
DA:895,0
DA:896,0
DA:897,0
DA:903,0
DA:904,0
DA:905,0
DA:908,0
DA:909,0
DA:910,0
DA:911,0
DA:912,0
DA:914,0
DA:915,0
DA:916,0
DA:919,0
DA:920,0
DA:921,0
DA:922,0
DA:925,0
DA:934,0
DA:935,0
DA:936,0
DA:948,0
DA:950,0
DA:953,0
DA:955,0
DA:956,0
DA:959,0
DA:960,0
DA:963,0
DA:971,0
DA:974,0
DA:975,0
DA:977,0
DA:978,0
DA:980,0
DA:983,0
DA:989,0
DA:990,0
DA:991,0
DA:992,0
DA:994,0
DA:995,0
DA:996,0
DA:997,0
DA:998,0
DA:1000,0
DA:1002,0
DA:1003,0
DA:1004,0
DA:1005,0
DA:1006,0
DA:1008,0
DA:1010,0
DA:1013,0
DA:1016,0
DA:1019,0
DA:1020,0
DA:1027,0
DA:1028,0
DA:1031,0
DA:1033,0
DA:1034,0
DA:1035,0
DA:1036,0
DA:1037,0
DA:1038,0
DA:1039,0
DA:1040,0
DA:1041,0
DA:1042,0
DA:1043,0
DA:1044,0
DA:1046,0
DA:1065,0
DA:1070,0
DA:1071,0
DA:1074,0
DA:1076,0
DA:1077,0
DA:1078,0
DA:1079,0
DA:1080,0
DA:1081,0
DA:1082,0
DA:1083,0
DA:1084,0
DA:1086,0
DA:1087,0
DA:1090,0
DA:1092,0
DA:1095,0
DA:1096,0
DA:1097,0
DA:1098,0
DA:1099,0
DA:1100,0
DA:1105,0
LF:422
LH:2
end_of_record
SF:lib/src/commands/build_linux.dart
DA:21,5
DA:22,10
DA:26,10
DA:30,10
DA:46,1
DA:51,0
DA:55,1
DA:56,1
DA:57,1
DA:58,2
DA:59,2
DA:60,1
DA:62,2
DA:63,1
DA:65,4
DA:66,3
DA:68,1
DA:70,1
DA:71,3
DA:72,1
DA:73,1
DA:74,1
DA:75,3
DA:76,1
DA:77,1
DA:78,2
DA:79,1
DA:80,0
LF:28
LH:26
end_of_record
SF:lib/src/commands/build_macos.dart
DA:21,5
DA:22,10
DA:26,10
DA:30,10
DA:46,1
DA:51,0
DA:55,1
DA:56,1
DA:57,1
DA:58,2
DA:59,2
DA:60,1
DA:62,2
DA:63,1
DA:65,4
DA:66,3
DA:68,1
DA:70,1
DA:71,3
DA:72,1
DA:73,1
DA:74,1
DA:75,3
DA:76,1
DA:77,1
DA:78,2
DA:79,1
DA:80,0
LF:28
LH:26
end_of_record
SF:lib/src/commands/build_windows.dart
DA:21,5
DA:22,10
DA:26,10
DA:30,10
DA:46,1
DA:51,0
DA:55,1
DA:56,1
DA:57,2
DA:58,1
DA:59,2
DA:60,1
DA:62,2
DA:63,0
DA:65,4
DA:66,3
DA:68,1
DA:70,1
DA:71,3
DA:72,1
DA:73,1
DA:74,1
DA:75,3
DA:76,1
DA:77,1
DA:78,2
DA:79,1
DA:80,0
LF:28
LH:25
end_of_record
SF:lib/src/commands/build_aot.dart
DA:20,5
DA:21,5
DA:22,5
DA:23,5
DA:24,5
DA:25,10
DA:26,5
DA:28,5
DA:30,5
DA:31,5
DA:36,5
DA:41,5
DA:43,5
DA:44,5
DA:47,5
DA:51,5
DA:64,0
DA:65,0
DA:66,0
DA:68,0
DA:70,0
DA:73,0
DA:74,0
DA:75,0
DA:76,0
DA:77,0
DA:80,0
DA:81,0
DA:83,0
DA:84,0
DA:87,0
DA:91,0
DA:94,0
DA:97,0
DA:102,0
DA:104,0
DA:105,0
DA:106,0
DA:107,0
DA:110,0
DA:111,0
DA:112,0
DA:117,0
DA:120,0
DA:121,0
DA:127,0
DA:128,0
DA:129,0
DA:130,0
DA:131,0
DA:132,0
DA:135,0
DA:136,0
DA:137,0
DA:138,0
DA:143,0
DA:147,0
DA:149,0
DA:150,0
DA:152,0
DA:153,0
DA:154,0
DA:157,0
DA:159,0
DA:160,0
DA:163,0
DA:166,0
DA:168,0
DA:169,0
DA:170,0
DA:172,0
LF:71
LH:16
end_of_record
SF:lib/src/commands/build_apk.dart
DA:13,5
DA:14,5
DA:15,5
DA:16,5
DA:17,5
DA:18,5
DA:19,5
DA:20,5
DA:21,5
DA:23,5
DA:24,5
DA:25,5
DA:29,5
DA:31,5
DA:38,0
DA:50,0
DA:51,0
DA:52,0
DA:53,0
DA:54,0
LF:20
LH:14
end_of_record
SF:lib/src/commands/build_appbundle.dart
DA:13,5
DA:14,5
DA:15,5
DA:16,5
DA:17,5
DA:18,5
DA:19,5
DA:21,5
DA:22,5
DA:23,5
DA:27,5
DA:29,5
DA:42,0
DA:43,0
DA:44,0
DA:45,0
DA:46,0
LF:17
LH:12
end_of_record
SF:lib/src/commands/build_bundle.dart
DA:14,5
DA:15,5
DA:16,5
DA:17,5
DA:18,5
DA:19,5
DA:20,5
DA:21,5
DA:22,5
DA:25,5
DA:26,5
DA:27,5
DA:28,10
DA:29,5
DA:31,5
DA:33,5
DA:37,5
DA:41,5
DA:45,10
DA:46,5
DA:50,5
DA:65,0
DA:66,0
DA:67,0
DA:69,0
DA:71,0
DA:73,0
DA:75,0
DA:78,0
DA:79,0
DA:80,0
DA:81,0
DA:82,0
DA:83,0
DA:84,0
DA:85,0
DA:86,0
DA:87,0
DA:89,0
DA:90,0
DA:91,0
DA:92,0
DA:93,0
LF:43
LH:21
end_of_record
SF:lib/src/commands/build_flx.dart
DA:22,0
DA:23,0
LF:2
LH:0
end_of_record
SF:lib/src/commands/build_ios.dart
DA:17,5
DA:18,5
DA:19,5
DA:20,5
DA:21,5
DA:22,5
DA:23,5
DA:24,5
DA:28,5
DA:32,5
DA:36,5
DA:39,5
DA:52,0
DA:58,0
DA:59,0
DA:60,0
DA:62,0
DA:63,0
DA:65,0
DA:68,0
DA:70,0
DA:73,0
DA:76,0
DA:77,0
DA:78,0
DA:82,0
DA:83,0
DA:84,0
DA:87,0
DA:92,0
DA:93,0
DA:94,0
DA:97,0
DA:98,0
LF:34
LH:12
end_of_record
SF:lib/src/commands/build_web.dart
DA:16,5
DA:17,5
DA:18,5
DA:19,5
DA:23,0
DA:31,0
DA:34,0
DA:41,0
DA:42,0
DA:43,0
DA:44,0
DA:45,0
DA:46,0
DA:47,0
LF:14
LH:4
end_of_record
SF:lib/src/android/app_bundle.dart
DA:17,0
DA:22,0
DA:23,0
DA:32,0
DA:33,0
DA:35,0
DA:36,0
DA:37,0
DA:38,0
DA:40,0
DA:43,0
LF:11
LH:0
end_of_record
SF:lib/src/commands/analyze_continuously.dart
DA:22,0
DA:36,0
DA:39,0
DA:40,0
DA:41,0
DA:43,0
DA:44,0
DA:46,0
DA:47,0
DA:48,0
DA:51,0
DA:52,0
DA:55,0
DA:57,0
DA:58,0
DA:59,0
DA:61,0
DA:63,0
DA:64,0
DA:66,0
DA:67,0
DA:68,0
DA:69,0
DA:71,0
DA:72,0
DA:75,0
DA:77,0
DA:78,0
DA:79,0
DA:80,0
DA:81,0
DA:82,0
DA:84,0
DA:85,0
DA:86,0
DA:88,0
DA:91,0
DA:92,0
DA:93,0
DA:94,0
DA:96,0
DA:100,0
DA:103,0
DA:104,0
DA:105,0
DA:106,0
DA:107,0
DA:108,0
DA:111,0
DA:113,0
DA:114,0
DA:115,0
DA:116,0
DA:119,0
DA:123,0
DA:124,0
DA:126,0
DA:127,0
DA:128,0
DA:129,0
DA:130,0
DA:131,0
DA:132,0
DA:133,0
DA:138,0
DA:141,0
DA:144,0
DA:145,0
DA:146,0
DA:147,0
DA:149,0
DA:152,0
DA:153,0
DA:154,0
DA:157,0
DA:161,0
DA:162,0
DA:164,0
DA:165,0
LF:79
LH:0
end_of_record
SF:lib/src/commands/analyze_once.dart
DA:22,1
DA:27,1
DA:36,1
DA:38,4
DA:41,3
DA:42,5
DA:43,1
DA:44,2
DA:45,2
DA:47,1
DA:48,0
DA:49,1
DA:50,2
DA:55,2
DA:57,0
DA:58,0
DA:59,0
DA:60,0
DA:61,0
DA:63,2
DA:64,1
DA:67,1
DA:68,0
DA:71,1
DA:72,1
DA:74,3
DA:76,1
DA:78,1
DA:82,3
DA:84,1
DA:85,1
DA:89,3
DA:91,6
DA:94,2
DA:96,3
DA:97,0
DA:98,0
DA:102,1
DA:105,2
DA:106,2
DA:107,0
DA:108,4
DA:109,2
DA:110,5
DA:113,2
DA:114,1
DA:115,1
DA:118,2
DA:119,2
DA:120,1
DA:121,2
DA:122,4
DA:125,1
DA:126,0
DA:129,2
DA:132,3
DA:133,1
DA:134,1
DA:135,1
DA:136,2
DA:138,3
DA:141,1
DA:144,1
DA:148,1
DA:149,1
DA:150,1
DA:151,1
DA:152,0
DA:154,3
DA:158,1
DA:159,0
DA:162,2
DA:163,1
DA:164,0
DA:166,2
LF:75
LH:61
end_of_record
SF:lib/src/dart/analysis.dart
DA:20,2
DA:34,2
DA:36,8
DA:37,2
DA:38,8
DA:41,2
DA:44,8
DA:45,8
DA:47,10
DA:50,12
DA:51,2
DA:54,12
DA:55,4
DA:57,4
DA:58,2
DA:61,2
DA:62,6
DA:65,2
DA:66,6
DA:67,6
DA:69,3
DA:71,2
DA:72,4
DA:73,6
DA:77,6
DA:78,4
DA:81,2
DA:82,4
DA:84,2
DA:86,2
DA:87,2
DA:88,2
DA:89,2
DA:91,2
DA:92,2
DA:93,4
DA:94,2
DA:95,4
DA:96,2
DA:97,0
DA:99,2
DA:101,0
DA:102,0
DA:103,0
DA:104,0
DA:105,0
DA:111,2
DA:113,6
DA:114,4
DA:115,4
DA:119,0
DA:121,0
DA:122,0
DA:123,0
DA:125,0
DA:128,2
DA:130,2
DA:131,2
DA:133,2
DA:134,6
DA:135,2
DA:136,4
DA:137,6
DA:140,1
DA:141,3
DA:142,3
DA:143,2
DA:147,6
DA:148,3
DA:149,3
DA:150,3
DA:151,3
DA:155,2
DA:157,3
DA:163,4
DA:170,3
DA:171,1
DA:172,1
DA:173,1
DA:174,0
DA:175,1
DA:176,3
DA:177,1
DA:178,0
DA:179,1
DA:183,4
DA:184,3
DA:185,3
DA:186,3
DA:188,4
DA:189,4
DA:190,4
DA:191,4
DA:193,1
DA:194,2
DA:195,5
DA:197,0
DA:201,1
DA:204,3
DA:205,0
DA:207,3
DA:208,3
DA:210,0
DA:211,0
DA:214,0
DA:217,1
DA:221,7
DA:222,3
DA:223,2
DA:224,7
DA:225,1
DA:228,0
DA:229,0
DA:234,2
LF:114
LH:94
end_of_record
SF:lib/src/commands/analyze_base.dart
DA:18,1
DA:26,1
DA:27,2
DA:29,0
DA:31,0
DA:32,0
DA:34,0
DA:37,0
DA:42,0
DA:44,0
DA:45,0
DA:49,0
DA:50,0
DA:53,3
DA:58,1
DA:59,1
DA:60,4
DA:61,6
DA:62,4
DA:63,2
DA:64,6
DA:65,2
DA:76,0
DA:77,0
DA:78,0
DA:79,0
DA:81,0
DA:82,0
DA:84,0
DA:85,0
DA:86,0
DA:87,0
DA:88,0
DA:89,0
DA:90,0
DA:96,0
DA:97,0
DA:98,0
DA:99,0
DA:100,0
DA:101,0
DA:102,0
DA:104,0
DA:105,0
DA:106,0
DA:110,0
DA:114,0
DA:119,0
DA:125,0
DA:126,0
DA:130,0
DA:131,0
DA:132,0
DA:133,0
DA:136,0
DA:137,0
DA:138,0
DA:139,0
DA:140,0
DA:141,0
DA:142,0
DA:143,0
DA:147,0
DA:148,0
DA:154,0
DA:155,0
DA:158,0
DA:159,0
DA:162,0
DA:163,0
DA:164,0
DA:165,0
DA:166,0
DA:170,0
DA:171,0
DA:172,0
DA:173,0
DA:175,0
DA:179,0
DA:180,0
DA:181,0
DA:182,0
DA:183,0
DA:184,0
DA:190,0
DA:194,0
DA:198,0
DA:199,0
DA:202,0
DA:203,0
DA:206,0
DA:207,0
DA:208,0
DA:209,0
DA:210,0
DA:211,0
DA:213,0
DA:216,0
DA:217,0
DA:218,0
DA:219,0
LF:101
LH:12
end_of_record
SF:lib/src/build_runner/build_script_generator.dart
DA:19,1
DA:22,0
DA:23,0
DA:29,0
DA:37,0
DA:38,0
DA:39,0
DA:40,0
DA:41,0
DA:42,0
DA:43,0
DA:45,0
DA:47,0
DA:48,0
DA:50,0
DA:51,0
DA:52,0
DA:53,0
DA:54,0
DA:55,0
DA:65,0
DA:66,0
DA:67,0
DA:68,0
DA:69,0
DA:70,0
DA:71,0
DA:72,0
DA:73,0
DA:75,0
DA:76,0
DA:78,0
DA:82,0
DA:84,0
DA:85,0
DA:86,0
DA:89,0
DA:91,0
DA:93,0
DA:94,0
DA:97,0
DA:98,0
DA:99,0
DA:102,0
DA:104,0
DA:105,0
DA:111,0
DA:112,0
DA:113,0
DA:114,0
DA:115,0
DA:116,0
DA:117,0
DA:118,0
DA:119,0
DA:120,0
DA:121,0
DA:122,0
DA:123,0
DA:124,0
DA:125,0
DA:126,0
DA:127,0
DA:128,0
DA:129,0
DA:130,0
DA:131,0
DA:136,0
DA:137,0
DA:138,0
DA:139,0
DA:141,0
DA:142,0
DA:144,0
DA:146,0
DA:147,0
DA:148,0
DA:149,0
DA:151,0
DA:152,0
DA:154,0
DA:155,0
DA:156,0
DA:158,0
DA:159,0
DA:161,0
DA:162,0
DA:164,0
DA:165,0
DA:167,0
DA:168,0
DA:170,0
DA:171,0
DA:172,0
DA:173,0
DA:174,0
DA:175,0
DA:176,0
DA:182,0
DA:183,0
DA:184,0
DA:185,0
DA:186,0
DA:187,0
DA:189,0
DA:190,0
DA:192,0
DA:193,0
DA:195,0
DA:196,0
DA:198,0
DA:199,0
DA:201,0
DA:203,0
DA:204,0
DA:205,0
DA:206,0
DA:207,0
DA:213,0
DA:214,0
DA:217,0
DA:221,0
DA:222,0
DA:223,0
DA:224,0
DA:226,0
DA:232,0
DA:233,0
DA:235,0
DA:236,0
DA:237,0
DA:238,0
DA:239,0
DA:241,0
DA:245,0
DA:246,0
DA:255,0
DA:256,0
DA:257,0
DA:259,0
DA:262,0
DA:263,0
DA:265,0
DA:266,0
DA:267,0
DA:269,0
DA:270,0
DA:275,0
DA:276,0
DA:277,0
DA:281,0
LF:151
LH:1
end_of_record
SF:lib/src/crash_reporting.dart
DA:51,1
DA:55,1
DA:58,1
DA:60,1
DA:66,1
DA:67,3
DA:70,1
DA:72,1
DA:83,1
DA:89,2
DA:92,1
DA:94,1
DA:95,2
DA:96,1
DA:102,1
DA:103,4
DA:104,2
DA:105,2
DA:106,4
DA:107,4
DA:108,2
DA:109,4
DA:110,3
DA:112,4
DA:113,3
DA:119,3
DA:121,2
DA:122,3
DA:123,1
DA:124,2
DA:126,0
DA:129,0
DA:130,0
DA:133,0
LF:34
LH:30
end_of_record
