### ISSUE TITLE
[macOS] App crashes when debugging and resuming focus on idle app.

### ISSUE THREAD

**Issue by CEOSiyris** [flutter/flutter#103268]
App crashes with `../../third_party/dart/runtime/vm/deferred_objects.cc: 113: error: Can't locate continuation PC` when debugging and resuming focus on idle app.

## Steps to Reproduce

1. Create a desktop app for macOS using the skeleton template
2. Wrap the main method in a Focus widget to listen to `onKey` events.
3. Start debugging the app.
4. While still debugging put your computer on standby
5. Resume and try to use a shortcut

**Expected results:** 

I expect it to not crash and resume working as normal. I'm honestly not sure if it has anything to do with using the Focus widget and Keyboard Shortcuts but that is one of the last big changes I made to my app before noticing this. I believe it happened once as well, again after being on standby, with just simply clicking on the app in the dock to bring it back into focus.

Similar to #87460 which was fixed by https://github.com/dart-lang/sdk/commit/d0ad146d99ed3b33e0fd188098229c3fdc176b85

Perhaps something similar is happening here.

**Actual results:**

App crashes.

<details>
<summary>Code sample</summary>

```
flutter create -t skeleton new_flutter_template 
```

</details>

<details>
  <summary>Logs</summary>

Stacktrace:
```
../../third_party/dart/runtime/vm/deferred_objects.cc: 113: error: Can't locate continuation PC for deoptid 6 within package:flutter/src/widgets/framework.dart_StatefulElement_get__state@66042623
version=2.16.2 (stable) (Tue Mar 22 13:15:13 2022 +0100) on "macos_x64"
pid=37737, thread=36875, isolate_group=main(0x7fa90b98e000), isolate=main(0x7fa90b830400)
isolate_instructions=11035ffa0, vm_instructions=11035ffa0
  pc 0x00000001104b7fb5 fp 0x000070000a823db0 dart::Profiler::DumpStackTrace(void*)+0x85
  pc 0x00000001103601b4 fp 0x000070000a823e90 dart::Assert::Fail(char const*, ...) const+0x84
  pc 0x00000001103c0eef fp 0x000070000a823ef0 dart::DeferredRetAddr::Materialize(dart::DeoptContext*)+0x1df
  pc 0x00000001103c3630 fp 0x000070000a824040 dart::DeoptContext::MaterializeDeferredObjects()+0x50
  pc 0x000000011050edcd fp 0x000070000a8240e0 dart::DRT_DeoptimizeMaterialize(dart::NativeArguments)+0x10d
  pc 0x0000000119102573 fp 0x000070000a824120 Unknown symbol
  pc 0x0000000119102e0f fp 0x000070000a824148 Unknown symbol
  pc 0x0000000000000000 fp 0x000070000a8241a0 Unknown symbol
  pc 0x0000000000000000 fp 0x000070000a8241d8 Unknown symbol
  pc 0x0000000000000000 fp 0x000070000a824208 Unknown symbol
  pc 0x00000001227d7619 fp 0x000070000a824250 Unknown symbol
  pc 0x0000000128704e06 fp 0x000070000a824290 Unknown symbol
  pc 0x0000000128729d1e fp 0x000070000a8242e0 Unknown symbol
  pc 0x000000012870500a fp 0x000070000a824330 Unknown symbol
  pc 0x00000001227d151f fp 0x000070000a824380 Unknown symbol
  pc 0x00000001227d5387 fp 0x000070000a824418 Unknown symbol
  pc 0x000000012a3244f4 fp 0x000070000a824448 Unknown symbol
  pc 0x000000012873a172 fp 0x000070000a824480 Unknown symbol
  pc 0x00000001227d9626 fp 0x000070000a8244d0 Unknown symbol
  pc 0x0000000128710cf2 fp 0x000070000a824500 Unknown symbol
  pc 0x0000000128704f55 fp 0x000070000a824550 Unknown symbol
  pc 0x00000001227d151f fp 0x000070000a8245a0 Unknown symbol
  pc 0x00000001227d5387 fp 0x000070000a824638 Unknown symbol
  pc 0x000000012873a153 fp 0x000070000a824670 Unknown symbol
  pc 0x0000000128710d0e fp 0x000070000a8246a0 Unknown symbol
  pc 0x00000001287479b5 fp 0x000070000a824730 Unknown symbol
  pc 0x000000012870502d fp 0x000070000a824780 Unknown symbol
  pc 0x00000001227d151f fp 0x000070000a8247d0 Unknown symbol
  pc 0x00000001227d5387 fp 0x000070000a824868 Unknown symbol
  pc 0x000000012873a153 fp 0x000070000a8248a0 Unknown symbol
  pc 0x0000000128710d0e fp 0x000070000a8248d0 Unknown symbol
  pc 0x0000000128704f78 fp 0x000070000a824920 Unknown symbol
  pc 0x0000000128729d1e fp 0x000070000a824970 Unknown symbol
  pc 0x0000000128747992 fp 0x000070000a824a00 Unknown symbol
  pc 0x000000012870502d fp 0x000070000a824a50 Unknown symbol
  pc 0x0000000128729d1e fp 0x000070000a824aa0 Unknown symbol
  pc 0x000000012870500a fp 0x000070000a824af0 Unknown symbol
  pc 0x0000000128729d1e fp 0x000070000a824b40 Unknown symbol
  pc 0x000000012870500a fp 0x000070000a824b90 Unknown symbol
  pc 0x0000000128729d1e fp 0x000070000a824be0 Unknown symbol
  pc 0x000000012870500a fp 0x000070000a824c30 Unknown symbol
  pc 0x00000001227d151f fp 0x000070000a824c80 Unknown symbol
  pc 0x00000001227d5387 fp 0x000070000a824d18 Unknown symbol
  pc 0x000000012a3244f4 fp 0x000070000a824d48 Unknown symbol
  pc 0x000000012873a172 fp 0x000070000a824d80 Unknown symbol
  pc 0x00000001227d9626 fp 0x000070000a824dd0 Unknown symbol
  pc 0x0000000128710cf2 fp 0x000070000a824e00 Unknown symbol
  pc 0x0000000128704f55 fp 0x000070000a824e50 Unknown symbol
  pc 0x00000001227d151f fp 0x000070000a824ea0 Unknown symbol
  pc 0x00000001227d5387 fp 0x000070000a824f38 Unknown symbol
  pc 0x000000012873a153 fp 0x000070000a824f70 Unknown symbol
  pc 0x0000000128710d0e fp 0x000070000a824fa0 Unknown symbol
  pc 0x0000000128704f78 fp 0x000070000a824ff0 Unknown symbol
  pc 0x0000000128729d1e fp 0x000070000a825040 Unknown symbol
  pc 0x000000012870500a fp 0x000070000a825090 Unknown symbol
  pc 0x00000001227d151f fp 0x000070000a8250e0 Unknown symbol
  pc 0x00000001227d5387 fp 0x000070000a825178 Unknown symbol
  pc 0x000000012a3244f4 fp 0x000070000a8251a8 Unknown symbol
  pc 0x000000012873a172 fp 0x000070000a8251e0 Unknown symbol
  pc 0x00000001227d9626 fp 0x000070000a825230 Unknown symbol
  pc 0x0000000128710cf2 fp 0x000070000a825260 Unknown symbol
  pc 0x0000000128704f55 fp 0x000070000a8252b0 Unknown symbol
  pc 0x00000001227d10df fp 0x000070000a825300 Unknown symbol
  pc 0x00000001227d5387 fp 0x000070000a825398 Unknown symbol
  pc 0x000000012a3244f4 fp 0x000070000a8253c8 Unknown symbol
  pc 0x000000012cadfbf7 fp 0x000070000a825560 Unknown symbol
  pc 0x000000012a31b7b3 fp 0x000070000a8255d8 Unknown symbol
  pc 0x000000012a311095 fp 0x000070000a825610 Unknown symbol
  pc 0x000000012cafb23e fp 0x000070000a8256e0 Unknown symbol
  pc 0x000000012a33bc72 fp 0x000070000a825820 Unknown symbol
  pc 0x000000012a3118fd fp 0x000070000a825860 Unknown symbol
  pc 0x000000012a3318b6 fp 0x000070000a8258e8 Unknown symbol
  pc 0x000000012a32ae0b fp 0x000070000a825938 Unknown symbol
  pc 0x000000012a331cd7 fp 0x000070000a8259e8 Unknown symbol
  pc 0x000000012a3117c7 fp 0x000070000a825a38 Unknown symbol
  pc 0x00000001191029bf fp 0x000070000a825aa8 Unknown symbol
  pc 0x00000001103ae3fc fp 0x000070000a825b50 dart::DartEntry::InvokeCode(dart::Code const&, unsigned long, dart::Array const&, dart::Array const&, dart::Thread*)+0x13c
  pc 0x00000001103ae207 fp 0x000070000a825bc0 dart::DartEntry::InvokeFunction(dart::Function const&, dart::Array const&, dart::Array const&, unsigned long)+0x137
  pc 0x00000001103aebd1 fp 0x000070000a825c10 dart::DartEntry::InvokeCallable(dart::Thread*, dart::Function const&, dart::Array const&, dart::Array const&)+0x171
  pc 0x00000001107a5747 fp 0x000070000a825cf0 Dart_InvokeClosure+0x417
  pc 0x00000001101b7e6d fp 0x000070000a825d10 tonic::DartInvokeVoid(_Dart_Handle*)+0x1d
  pc 0x00000001102e80db fp 0x000070000a825da0 flutter::PlatformConfiguration::BeginFrame(fml::TimePoint, unsigned long long)+0x12b
  pc 0x00000001103295fb fp 0x000070000a825de0 flutter::RuntimeController::BeginFrame(fml::TimePoint, unsigned long long)+0x7b
  pc 0x00000001101807ce fp 0x000070000a825e20 flutter::Engine::BeginFrame(fml::TimePoint, unsigned long long)+0x4e
  pc 0x0000000110179027 fp 0x000070000a825eb0 flutter::Animator::BeginFrame(std::__1::unique_ptr<flutter::FrameTimingsRecorder, std::__1::default_delete<flutter::FrameTimingsRecorder> >)+0x2a7
  pc 0x000000011017d65d fp 0x000070000a825f00 std::__1::__function::__func<flutter::Animator::AwaitVSync()::$_3, std::__1::allocator<flutter::Animator::AwaitVSync()::$_3>, void (std::__1::unique_ptr<flutter::FrameTimingsRecorder, std::__1::default_delete<flutter::FrameTimingsRecorder> >)>::operator()(std::__1::unique_ptr<flutter::FrameTimingsRecorder, std::__1::default_delete<flutter::FrameTimingsRecorder> >&&)+0xcd
  pc 0x00000001101b0b95 fp 0x000070000a825f40 std::__1::__function::__func<flutter::VsyncWaiter::FireCallback(fml::TimePoint, fml::TimePoint, bool)::$_0, std::__1::allocator<flutter::VsyncWaiter::FireCallback(fml::TimePoint, fml::TimePoint, bool)::$_0>, void ()>::operator()()+0x85
  pc 0x000000010fb2aa30 fp 0x000070000a825ff0 fml::MessageLoopImpl::FlushTasks(fml::FlushType)+0x110
  pc 0x000000010fb3423c fp 0x000070000a826020 fml::MessageLoopDarwin::OnTimerFire(__CFRunLoopTimer*, fml::MessageLoopDarwin*)+0x2c
  pc 0x00007ff80429489f fp 0x000070000a826030 __CFRUNLOOP_IS_CALLING_OUT_TO_A_TIMER_CALLBACK_FUNCTION__+0x14
  pc 0x00007ff80429438e fp 0x000070000a8270e0 __CFRunLoopDoTimer+0x39f
  pc 0x00007ff804293eed fp 0x000070000a827130 __CFRunLoopDoTimers+0x133
  pc 0x00007ff80427a4af fp 0x000070000a827e70 __CFRunLoopRun+0x7c1
  pc 0x00007ff80427962d fp 0x000070000a827f10 CFRunLoopRunSpecific+0x233
  pc 0x000000010fb344ae fp 0x000070000a827f50 fml::MessageLoopDarwin::Run()+0x8e
  pc 0x000000010fb2a844 fp 0x000070000a827f70 fml::MessageLoopImpl::DoRun()+0x24
  pc 0x000000010fb3219a fp 0x000070000a827fb0 void* std::__1::__thread_proxy<std::__1::tuple<std::__1::unique_ptr<std::__1::__thread_struct, std::__1::default_delete<std::__1::__thread_struct> >, fml::Thread::Thread(std::__1::basic_string<char, std::__1::char_traits<char>, std::__1::allocator<char> > const&)::$_0> >(void*)+0x10a
  pc 0x00007ff8041b4514 fp 0x000070000a827fd0 _pthread_start+0x7d
  pc 0x00007ff8041b002f fp 0x000070000a827ff0 thread_start+0xf
-- End of DumpStackTrace
  pc 0x0000000000000000 fp 0x000070000a824120 sp 0x0000000000000000 [Stub] CallToRuntime
  pc 0x0000000119102e0f fp 0x000070000a824148 sp 0x000070000a824130 [Stub] Deoptimize
  pc 0x0000000000000000 fp 0x000070000a8241a0 sp 0x000070000a824158 [Stub] FrameAwaitingMaterialization
  pc 0x0000000000000000 fp 0x000070000a8241d8 sp 0x000070000a8241b0 [Stub] FrameAwaitingMaterialization
  pc 0x0000000000000000 fp 0x000070000a824208 sp 0x000070000a8241e8 [Stub] FrameAwaitingMaterialization
  pc 0x00000001227d7619 fp 0x000070000a824250 sp 0x000070000a824218 [Unoptimized] StatefulWidget.createElement
  pc 0x0000000128704e06 fp 0x000070000a824290 sp 0x000070000a824260 [Optimized] Element.inflateWidget
  pc 0x0000000128729d1e fp 0x000070000a8242e0 sp 0x000070000a8242a0 [Optimized] SingleChildRenderObjectElement.mount
  pc 0x000000012870500a fp 0x000070000a824330 sp 0x000070000a8242f0 [Optimized] Element.inflateWidget
  pc 0x00000001227d151f fp 0x000070000a824380 sp 0x000070000a824340 [Unoptimized] Element.updateChild
  pc 0x00000001227d5387 fp 0x000070000a824418 sp 0x000070000a824390 [Unoptimized] ComponentElement.performRebuild
  pc 0x000000012a3244f4 fp 0x000070000a824448 sp 0x000070000a824428 [Optimized] StatefulElement.performRebuild
  pc 0x000000012873a172 fp 0x000070000a824480 sp 0x000070000a824458 [Optimized] ComponentElement._firstBuild@66042623
  pc 0x00000001227d9626 fp 0x000070000a8244d0 sp 0x000070000a824490 [Unoptimized] StatefulElement._firstBuild@66042623
  pc 0x0000000128710cf2 fp 0x000070000a824500 sp 0x000070000a8244e0 [Optimized] ComponentElement.mount
  pc 0x0000000128704f55 fp 0x000070000a824550 sp 0x000070000a824510 [Optimized] Element.inflateWidget
  pc 0x00000001227d151f fp 0x000070000a8245a0 sp 0x000070000a824560 [Unoptimized] Element.updateChild
  pc 0x00000001227d5387 fp 0x000070000a824638 sp 0x000070000a8245b0 [Unoptimized] ComponentElement.performRebuild
  pc 0x000000012873a153 fp 0x000070000a824670 sp 0x000070000a824648 [Optimized] ComponentElement._firstBuild@66042623
  pc 0x0000000128710d0e fp 0x000070000a8246a0 sp 0x000070000a824680 [Optimized] ComponentElement.mount
  pc 0x00000001287479b5 fp 0x000070000a824730 sp 0x000070000a8246b0 [Optimized] MultiChildRenderObjectElement.mount
  pc 0x000000012870502d fp 0x000070000a824780 sp 0x000070000a824740 [Optimized] Element.inflateWidget
  pc 0x00000001227d151f fp 0x000070000a8247d0 sp 0x000070000a824790 [Unoptimized] Element.updateChild
  pc 0x00000001227d5387 fp 0x000070000a824868 sp 0x000070000a8247e0 [Unoptimized] ComponentElement.performRebuild
  pc 0x000000012873a153 fp 0x000070000a8248a0 sp 0x000070000a824878 [Optimized] ComponentElement._firstBuild@66042623
  pc 0x0000000128710d0e fp 0x000070000a8248d0 sp 0x000070000a8248b0 [Optimized] ComponentElement.mount
  pc 0x0000000128704f78 fp 0x000070000a824920 sp 0x000070000a8248e0 [Optimized] Element.inflateWidget
  pc 0x0000000128729d1e fp 0x000070000a824970 sp 0x000070000a824930 [Optimized] SingleChildRenderObjectElement.mount
  pc 0x0000000128747992 fp 0x000070000a824a00 sp 0x000070000a824980 [Optimized] MultiChildRenderObjectElement.mount
  pc 0x000000012870502d fp 0x000070000a824a50 sp 0x000070000a824a10 [Optimized] Element.inflateWidget
  pc 0x0000000128729d1e fp 0x000070000a824aa0 sp 0x000070000a824a60 [Optimized] SingleChildRenderObjectElement.mount
  pc 0x000000012870500a fp 0x000070000a824af0 sp 0x000070000a824ab0 [Optimized] Element.inflateWidget
  pc 0x0000000128729d1e fp 0x000070000a824b40 sp 0x000070000a824b00 [Optimized] SingleChildRenderObjectElement.mount
  pc 0x000000012870500a fp 0x000070000a824b90 sp 0x000070000a824b50 [Optimized] Element.inflateWidget
  pc 0x0000000128729d1e fp 0x000070000a824be0 sp 0x000070000a824ba0 [Optimized] SingleChildRenderObjectElement.mount
  pc 0x000000012870500a fp 0x000070000a824c30 sp 0x000070000a824bf0 [Optimized] Element.inflateWidget
  pc 0x00000001227d151f fp 0x000070000a824c80 sp 0x000070000a824c40 [Unoptimized] Element.updateChild
  pc 0x00000001227d5387 fp 0x000070000a824d18 sp 0x000070000a824c90 [Unoptimized] ComponentElement.performRebuild
  pc 0x000000012a3244f4 fp 0x000070000a824d48 sp 0x000070000a824d28 [Optimized] StatefulElement.performRebuild
  pc 0x000000012873a172 fp 0x000070000a824d80 sp 0x000070000a824d58 [Optimized] ComponentElement._firstBuild@66042623
  pc 0x00000001227d9626 fp 0x000070000a824dd0 sp 0x000070000a824d90 [Unoptimized] StatefulElement._firstBuild@66042623
  pc 0x0000000128710cf2 fp 0x000070000a824e00 sp 0x000070000a824de0 [Optimized] ComponentElement.mount
  pc 0x0000000128704f55 fp 0x000070000a824e50 sp 0x000070000a824e10 [Optimized] Element.inflateWidget
  pc 0x00000001227d151f fp 0x000070000a824ea0 sp 0x000070000a824e60 [Unoptimized] Element.updateChild
  pc 0x00000001227d5387 fp 0x000070000a824f38 sp 0x000070000a824eb0 [Unoptimized] ComponentElement.performRebuild
  pc 0x000000012873a153 fp 0x000070000a824f70 sp 0x000070000a824f48 [Optimized] ComponentElement._firstBuild@66042623
  pc 0x0000000128710d0e fp 0x000070000a824fa0 sp 0x000070000a824f80 [Optimized] ComponentElement.mount
  pc 0x0000000128704f78 fp 0x000070000a824ff0 sp 0x000070000a824fb0 [Optimized] Element.inflateWidget
  pc 0x0000000128729d1e fp 0x000070000a825040 sp 0x000070000a825000 [Optimized] SingleChildRenderObjectElement.mount
  pc 0x000000012870500a fp 0x000070000a825090 sp 0x000070000a825050 [Optimized] Element.inflateWidget
  pc 0x00000001227d151f fp 0x000070000a8250e0 sp 0x000070000a8250a0 [Unoptimized] Element.updateChild
  pc 0x00000001227d5387 fp 0x000070000a825178 sp 0x000070000a8250f0 [Unoptimized] ComponentElement.performRebuild
  pc 0x000000012a3244f4 fp 0x000070000a8251a8 sp 0x000070000a825188 [Optimized] StatefulElement.performRebuild
  pc 0x000000012873a172 fp 0x000070000a8251e0 sp 0x000070000a8251b8 [Optimized] ComponentElement._firstBuild@66042623
  pc 0x00000001227d9626 fp 0x000070000a825230 sp 0x000070000a8251f0 [Unoptimized] StatefulElement._firstBuild@66042623
  pc 0x0000000128710cf2 fp 0x000070000a825260 sp 0x000070000a825240 [Optimized] ComponentElement.mount
  pc 0x0000000128704f55 fp 0x000070000a8252b0 sp 0x000070000a825270 [Optimized] Element.inflateWidget
  pc 0x00000001227d10df fp 0x000070000a825300 sp 0x000070000a8252c0 [Unoptimized] Element.updateChild
  pc 0x00000001227d5387 fp 0x000070000a825398 sp 0x000070000a825310 [Unoptimized] ComponentElement.performRebuild
  pc 0x000000012a3244f4 fp 0x000070000a8253c8 sp 0x000070000a8253a8 [Optimized] StatefulElement.performRebuild
  pc 0x000000012cadfbf7 fp 0x000070000a825560 sp 0x000070000a8253d8 [Optimized] BuildOwner.buildScope
  pc 0x000000012a31b7b3 fp 0x000070000a8255d8 sp 0x000070000a825570 [Optimized] _WidgetsFlutterBinding&BindingBase&GestureBinding&SchedulerBinding&ServicesBinding&PaintingBinding&SemanticsBinding&RendererBinding&WidgetsBinding@364399801.drawFrame
  pc 0x000000012a311095 fp 0x000070000a825610 sp 0x000070000a8255e8 [Optimized] _WidgetsFlutterBinding&BindingBase&GestureBinding&SchedulerBinding&ServicesBinding&PaintingBinding&SemanticsBinding&RendererBinding@364399801._handlePersistentFrameCallback@947452173
  pc 0x000000012cafb23e fp 0x000070000a8256e0 sp 0x000070000a825620 [Optimized] _WidgetsFlutterBinding&BindingBase&GestureBinding&SchedulerBinding@364399801._invokeFrameCallback@983222615
  pc 0x000000012a33bc72 fp 0x000070000a825820 sp 0x000070000a8256f0 [Optimized] _WidgetsFlutterBinding&BindingBase&GestureBinding&SchedulerBinding@364399801.handleDrawFrame
  pc 0x000000012a3118fd fp 0x000070000a825860 sp 0x000070000a825830 [Optimized] _WidgetsFlutterBinding&BindingBase&GestureBinding&SchedulerBinding@364399801._handleDrawFrame@983222615
  pc 0x000000012a3318b6 fp 0x000070000a8258e8 sp 0x000070000a825870 [Optimized] _rootRun@4048458
  pc 0x000000012a32ae0b fp 0x000070000a825938 sp 0x000070000a8258f8 [Optimized] _rootRun@4048458
  pc 0x000000012a331cd7 fp 0x000070000a8259e8 sp 0x000070000a825948 [Optimized] _CustomZone@4048458.runGuarded
  pc 0x000000012a3117c7 fp 0x000070000a825a38 sp 0x000070000a8259f8 [Optimized] _drawFrame@15065589
  pc 0x00000001191029bf fp 0x000070000a825aa8 sp 0x000070000a825a48 [Stub] InvokeDartCode
Lost connection to device.
Exited (sigterm)
```
I also get this in my terminal tab which is running the same application on iOS. Not sure if it's related, the iOS app doesn't crash. It's running in a simulator.
```
[VERBOSE-2:profiler_metrics_ios.mm(203)] Error retrieving thread information: (os/kern) invalid argument
[VERBOSE-2:profiler_metrics_ios.mm(203)] Error retrieving thread information: (os/kern) object terminated
...repeated invalid argument after this
```

Flutter doctor: 
```
[✓] Flutter (Channel stable, 2.10.5, on macOS 12.0 21A5534d darwin-x64, locale en-US)
    • Flutter version 2.10.5 at /opt/flutter
    • Upstream repository https://github.com/flutter/flutter.git
    • Framework revision 5464c5bac7 (3 weeks ago), 2022-04-18 09:55:37 -0700
    • Engine revision 57d3bac3dd
    • Dart version 2.16.2
    • DevTools version 2.9.2

[✓] Android toolchain - develop for Android devices (Android SDK version 30.0.1)
    • Android SDK at /Users/siyris/Library/Android/sdk
    • Platform android-31, build-tools 30.0.1
    • Java binary at: /Applications/Android Studio.app/Contents/jre/jdk/Contents/Home/bin/java
    • Java version OpenJDK Runtime Environment (build 1.8.0_242-release-1644-b3-6222593)
    • All Android licenses accepted.

[✓] Xcode - develop for iOS and macOS (Xcode 13.3)
    • Xcode at /Applications/Xcode.app/Contents/Developer
    • CocoaPods version 1.11.3

[✓] Chrome - develop for the web
    • Chrome at /Applications/Google Chrome.app/Contents/MacOS/Google Chrome

[✓] Android Studio (version 4.0)
    • Android Studio at /Applications/Android Studio.app/Contents
    • Flutter plugin can be installed from:
      🔨 https://plugins.jetbrains.com/plugin/9212-flutter
    • Dart plugin can be installed from:
      🔨 https://plugins.jetbrains.com/plugin/6351-dart
    • Java version OpenJDK Runtime Environment (build 1.8.0_242-release-1644-b3-6222593)

[✓] VS Code (version 1.66.2)
    • VS Code at /Applications/Visual Studio Code.app/Contents
    • Flutter extension version 3.40.0

[✓] Connected device (3 available)
    • iPhone 13 Pro Max (mobile) • 4B41EAFC-4943-4B63-B111-0E7543E63CDD • ios            •
      com.apple.CoreSimulator.SimRuntime.iOS-15-4 (simulator)
    • macOS (desktop)            • macos                                • darwin-x64     •
      macOS 12.0 21A5534d darwin-x64
    • Chrome (web)               • chrome                               • web-javascript •
      Google Chrome 101.0.4951.54

[✓] HTTP Host Availability
    • All required HTTP hosts are available

• No issues found!
```

</details>

**Comment by darshankawar** [comment]
@CEOSiyris 
Thanks for report. I tried following the steps to replicate you shared, but would like to confirm the pattern that triggers the crash.

`flutter create -t skeleton new_flutter_template` shows me below in `main.dart`:

```
void main() async {
  // Set up the SettingsController, which will glue user settings to multiple
  // Flutter Widgets.
  final settingsController = SettingsController(SettingsService());

  // Load the user's preferred theme while the splash screen is displayed.
  // This prevents a sudden theme change when the app is first displayed.
  await settingsController.loadSettings();

  // Run the app and pass in the SettingsController. The app listens to the
  // SettingsController for changes, then passes it further down to the
  // SettingsView.
  runApp(MyApp(settingsController: settingsController));
}
```

And then I wrapper `MyApp()` with `Focus` and started debugging. Let the computer sleep for few minutes and then resuming and using keyboard short-cuts didn't give me any errors. Not sure if this is the correct interpretation of the issue. If not, please provide exact steps / code.

Is the crash consistent every time you try to follow the steps you mentioned ?

Also, /cc @mraleph for your insights on the crash reported from dart vm.

**Comment by CEOSiyris** [comment]
@darshankawar That is correct, and it is not consistent for me either. That was my best guess on how to replicate it based on what I had in my main project. I've been since messing with the sample app for shortcuts from the documentation `flutter create --sample=widgets.Shortcuts.2 mysample` and haven't run into the issue just yet. I'm adding back the things I was messing with to see what triggers it. Basically, that is a focusable TextField via shortcut and a Focus wrapped around the top of my widget tree to catch all the unhandled key sounds.

**Comment by darshankawar** [comment]
Thanks for the update. Can you also try the same on latest master and see if it replicates (at all) there too ?

`flutter channel master`
`flutter upgrade`

**Comment by mraleph** [comment]
This type of the issue can't really be easily reproduced, it's a bug in the interaction between speculative JIT and deoptimization engine. You usually need to exactly recreate the (non-deterministic) compilation decisions to reproduce it.

This error looks rather bizarre though, `get _state` is an implicit getter. I would not expect under normal circumstances that we ever need to deoptimise _into_ it. (Which is what we are trying to do according to the error). 

Looking at the IL for a simple reduction: 

```
*** BEGIN CFG
Unoptimized Compilation
==== file:///tmp/repro.dart_StatefulElement_get__state@18423557 (ImplicitGetter)
B0[graph]:0
B1[function entry]:2
    t0 <- LoadLocal(this @1)
    t0 <- LoadField(t0 . _state@18423557)
    Return:4(t0)
*** END CFG
Intrinsic graph before
==== file:///tmp/repro.dart_StatefulElement_get__state@18423557 (ImplicitGetter)
B0[graph]:6
B1[function entry]:8 {
      v0 <- Parameter(0)
}
    v1 <- LoadField(v0 . _state@18423557)
    Return:10(v1)
Intrinsic graph after
==== file:///tmp/repro.dart_StatefulElement_get__state@18423557 (ImplicitGetter)
  0: B0[graph]:6
  2: B1[function entry]:8 {
      v0 <- Parameter(0)
}
  3:     ParallelMove rcx <- S+1
  4:     v1 <- LoadField(v0 . _state@18423557)
  5:     ParallelMove rax <- rax
  6:     Return:10(v1)
```

`6` does not look like a deopt-id that should ever be deoptmized to under normal circumstances.

/cc @alexmarkov @mkustermann for ideas.

**Comment by CEOSiyris** [comment]
I haven't since been able to replicate it on any branch but I haven't had any issues specifically in my computer going to sleep and using shortcuts after waking it back up so I think that can be ruled out. I believe more specifically the issue happened when the app was minimized in the dock before going to sleep, then interacting with it after waking up my computer and reopening it.

**Comment by darshankawar** [comment]
Thanks for the update. I tried again on both channels but haven't been able to replicate it.
Based on the crash report and input from @mraleph , I am keeping this issue open for tracking.

**Comment by mkustermann** [comment]
> This error looks rather bizarre though, get _state is an implicit getter. I would not expect under normal circumstances that we 
> ever need to deoptimise into it. (Which is what we are trying to do according to the error).

@mraleph Wild guess: Do you think [dart-lang@a44d1ee](https://github.com/dart-lang/sdk/commit/a44d1eefe67fbe28e9c43e4dd7d8b679bc730ccf) could be relevant here? (If the implicit getter got inlined, we hoisted an instruction above it's body, that instruction then lazy deopts, we continue in unopt code to re-try the call ...)

**Comment by mraleph** [comment]
@mkustermann it's just unclear to me where we will get deopt id `6` from. It only occurs in the intrinsic graph, not in the normal graph of the function.

**Comment by gspencergoog** [comment]
cc @dkwingsmt

**Comment by stx** [comment]
Same problem on Android.

**Comment by anchaoLu** [comment]
Same problem on iPhone mini
```
../../third_party/dart/runtime/vm/deferred_objects.cc: 113: error: Can't locate continuation PC for deoptid 6 within package:flutter/src/widgets/framework.dart_StatefulElement_get__state@71042623
version=2.18.2 (stable) (Tue Sep 27 13:24:11 2022 +0200) on "ios_arm64"
pid=15916, thread=40963, isolate_group=main(0x108892a00), isolate=main(0x10885a000)
isolate_instructions=10cf09000, vm_instructions=10cf09000
  pc 0x000000010d86935c fp 0x000000016dde5a70 Dart_DumpNativeStackTrace+0x18
  pc 0x000000010d47e35c fp 0x000000016dde5a90 dart::Assert::Fail(char const*, ...) const+0x30
  pc 0x000000010d4e27ec fp 0x000000016dde5b50 dart::DeferredRetAddr::Materialize(dart::DeoptContext*)+0x35c
  pc 0x000000010d4e5bc0 fp 0x000000016dde5d20 dart::DeoptContext::MaterializeDeferredObjects()+0x5c
  pc 0x000000010d6278bc fp 0x000000016dde6280 dart::DRT_DeoptimizeMaterialize(dart::NativeArguments)+0x144
  pc 0x000000010f48295c fp 0x000000016dde62c0 Unknown symbol
  pc 0x000000010f48351c fp 0x000000016dde62e8 Unknown symbol
  pc 0x0000000000000000 fp 0x000000016dde6340 Unknown symbol
  pc 0x0000000000000000 fp 0x000000016dde6378 Unknown symbol
  pc 0x0000000000000000 fp 0x000000016dde63b8 Unknown symbol
  pc 0x0000000124815330 fp 0x000000016dde6430 Unknown symbol
  pc 0x0000000124a5e2a8 fp 0x000000016dde64a8 Unknown symbol
  pc 0x000000012568d3b8 fp 0x000000016dde6518 Unknown symbol
  pc 0x000000013ba48018 fp 0x000000016dde6568 Unknown symbol
  pc 0x000000013ba47dd8 fp 0x000000016dde65b8 Unknown symbol
  pc 0x000000013ba47b20 fp 0x000000016dde6600 Unknown symbol
  pc 0x0000000123859200 fp 0x000000016dde6650 Unknown symbol
  pc 0x00000001238582ec fp 0x000000016dde6688 Unknown symbol
  pc 0x0000000123854da0 fp 0x000000016dde6710 Unknown symbol
  pc 0x00000001256ca8ec fp 0x000000016dde6760 Unknown symbol
  pc 0x00000001256c69a8 fp 0x000000016dde67d0 Unknown symbol
  pc 0x0000000123854da0 fp 0x000000016dde6858 Unknown symbol
  pc 0x0000000123853e34 fp 0x000000016dde68b0 Unknown symbol
  pc 0x0000000124a711b0 fp 0x000000016dde6910 Unknown symbol
  pc 0x0000000123854da0 fp 0x000000016dde6998 Unknown symbol
  pc 0x000000017f7ba050 fp 0x000000016dde6a88 Unknown symbol
  pc 0x0000000176e7f0f4 fp 0x000000016dde6ac0 Unknown symbol
  pc 0x00000001238673a8 fp 0x000000016dde6af8 Unknown symbol
  pc 0x00000001238582ec fp 0x000000016dde6b30 Unknown symbol
  pc 0x0000000123854da0 fp 0x000000016dde6bb8 Unknown symbol
  pc 0x00000001256ca8ec fp 0x000000016dde6c08 Unknown symbol
  pc 0x00000001256c69a8 fp 0x000000016dde6c78 Unknown symbol
  pc 0x0000000123854da0 fp 0x000000016dde6d00 Unknown symbol
  pc 0x0000000123853ce8 fp 0x000000016dde6d58 Unknown symbol
  pc 0x00000001276b6760 fp 0x000000016dde6db8 Unknown symbol
  pc 0x0000000123853884 fp 0x000000016dde6e08 Unknown symbol
  pc 0x00000001276c8358 fp 0x000000016dde6f10 Unknown symbol
  pc 0x0000000166e40808 fp 0x000000016dde6f78 Unknown symbol
  pc 0x000000017f7b9274 fp 0x000000016dde7060 Unknown symbol
  pc 0x000000012386894c fp 0x000000016dde7098 Unknown symbol
  pc 0x0000000176e7f128 fp 0x000000016dde70d0 Unknown symbol
  pc 0x0000000122386cdc fp 0x000000016dde7128 Unknown symbol
  pc 0x0000000123853884 fp 0x000000016dde7178 Unknown symbol
  pc 0x00000001276b6760 fp 0x000000016dde71d8 Unknown symbol
  pc 0x0000000123853884 fp 0x000000016dde7228 Unknown symbol
  pc 0x00000001276c8358 fp 0x000000016dde7330 Unknown symbol
  pc 0x0000000166e40808 fp 0x000000016dde7398 Unknown symbol
  pc 0x000000012c83ef1c fp 0x000000016dde73d8 Unknown symbol
  pc 0x000000017f7976a8 fp 0x000000016dde7430 Unknown symbol
  pc 0x000000017f797528 fp 0x000000016dde7488 Unknown symbol
  pc 0x000000017f797528 fp 0x000000016dde74e0 Unknown symbol
  pc 0x000000017f797528 fp 0x000000016dde7538 Unknown symbol
  pc 0x000000017f7b9254 fp 0x000000016dde7620 Unknown symbol
  pc 0x000000012386894c fp 0x000000016dde7658 Unknown symbol
  pc 0x0000000176e7f128 fp 0x000000016dde7690 Unknown symbol
  pc 0x0000000122386cdc fp 0x000000016dde76e8 Unknown symbol
  pc 0x000000017f7975a8 fp 0x000000016dde7740 Unknown symbol
  pc 0x000000017f7b9254 fp 0x000000016dde7828 Unknown symbol
  pc 0x0000000176e7f078 fp 0x000000016dde7860 Unknown symbol
  pc 0x0000000122384980 fp 0x000000016dde78a0 Unknown symbol
  pc 0x000000017f7975cc fp 0x000000016dde78f8 Unknown symbol
  pc 0x000000017f7b9254 fp 0x000000016dde79e0 Unknown symbol
  pc 0x0000000176e7f110 fp 0x000000016dde7a18 Unknown symbol
  pc 0x0000000122384980 fp 0x000000016dde7a58 Unknown symbol
  pc 0x000000017f7b9398 fp 0x000000016dde7b40 Unknown symbol
  pc 0x000000012386894c fp 0x000000016dde7b78 Unknown symbol
  pc 0x0000000176e7f128 fp 0x000000016dde7bb0 Unknown symbol
  pc 0x0000000122386cdc fp 0x000000016dde7c08 Unknown symbol
  pc 0x000000017f7b92f4 fp 0x000000016dde7cf0 Unknown symbol
  pc 0x0000000176e7f078 fp 0x000000016dde7d28 Unknown symbol
  pc 0x0000000122384980 fp 0x000000016dde7d68 Unknown symbol
  pc 0x000000017f7b9318 fp 0x000000016dde7e50 Unknown symbol
  pc 0x0000000176e7f0bc fp 0x000000016dde7e88 Unknown symbol
  pc 0x00000001223866d8 fp 0x000000016dde7ec0 Unknown symbol
  pc 0x000000017f7b93b8 fp 0x000000016dde7fa8 Unknown symbol
  pc 0x0000000176e7f078 fp 0x000000016dde7fe0 Unknown symbol
  pc 0x0000000122384980 fp 0x000000016dde8020 Unknown symbol
  pc 0x000000017f78ab9c fp 0x000000016dde8070 Unknown symbol
  pc 0x000000012a346058 fp 0x000000016dde8100 Unknown symbol
  pc 0x0000000123846fb0 fp 0x000000016dde81b0 Unknown symbol
  pc 0x000000012a345aec fp 0x000000016dde8200 Unknown symbol
  pc 0x000000012a345738 fp 0x000000016dde8240 Unknown symbol
  pc 0x000000012a34561c fp 0x000000016dde8290 Unknown symbol
  pc 0x000000012a344c6c fp 0x000000016dde82e8 Unknown symbol
  pc 0x000000012a344584 fp 0x000000016dde8350 Unknown symbol
  pc 0x000000012a343c98 fp 0x000000016dde83a0 Unknown symbol
  pc 0x000000012a34372c fp 0x000000016dde83e0 Unknown symbol
  pc 0x000000012590b968 fp 0x000000016dde8440 Unknown symbol
  pc 0x000000012590a568 fp 0x000000016dde84b0 Unknown symbol
  pc 0x0000000125909804 fp 0x000000016dde84e8 Unknown symbol
  pc 0x0000000125439244 fp 0x000000016dde8540 Unknown symbol
  pc 0x0000000125438b38 fp 0x000000016dde8578 Unknown symbol
  pc 0x0000000125438a38 fp 0x000000016dde85b8 Unknown symbol
  pc 0x0000000125438424 fp 0x000000016dde8660 Unknown symbol
  pc 0x0000000125436ed4 fp 0x000000016dde86e0 Unknown symbol
  pc 0x0000000122383e5c fp 0x000000016dde8718 Unknown symbol
  pc 0x0000000122383bb0 fp 0x000000016dde8750 Unknown symbol
  pc 0x00000001183ccd4c fp 0x000000016dde87c0 Unknown symbol
  pc 0x00000001183cc9c4 fp 0x000000016dde8820 Unknown symbol
  pc 0x00000001183cc0dc fp 0x000000016dde88b0 Unknown symbol
  pc 0x0000000122877c44 fp 0x000000016dde8920 Unknown symbol
  pc 0x00000001183a01a8 fp 0x000000016dde8958 Unknown symbol
  pc 0x00000001183bec30 fp 0x000000016dde8998 Unknown symbol
  pc 0x00000001183beae0 fp 0x000000016dde89c8 Unknown symbol
  pc 0x00000001183bea0c fp 0x000000016dde89f0 Unknown symbol
  pc 0x000000010f482ed8 fp 0x000000016dde8ac0 Unknown symbol
  pc 0x000000010d4cfbe4 fp 0x000000016dde8b60 dart::DartEntry::InvokeFunction(dart::Function const&, dart::Array const&, dart::Array const&, unsigned long)+0x25c
  pc 0x000000010d8626e8 fp 0x000000016dde8c80 Dart_InvokeClosure+0x5d8
  pc 0x000000010d2d7e5c fp 0x000000016dde8cf0 flutter::Shell::OnAnimatorBeginFrame(fml::TimePoint, unsigned long long)+0x178
  pc 0x000000010d2c8b98 fp 0x000000016dde8db0 std::__1::__function::__func<flutter::Animator::AwaitVSync()::$_3, std::__1::allocator<flutter::Animator::AwaitVSync()::$_3>, void (std::__1::unique_ptr<flutter::FrameTimingsRecorder, std::__1::default_delete<flutter::FrameTimingsRecorder> >)>::operator()(std::__1::unique_ptr<flutter::FrameTimingsRecorder, std::__1::default_delete<flutter::FrameTimingsRecorder> >&&)+0x600
  pc 0x000000010d2f4164 fp 0x000000016dde8e90 std::__1::__function::__func<flutter::VsyncWaiter::FireCallback(fml::TimePoint, fml::TimePoint, bool)::$_0, std::__1::allocator<flutter::VsyncWaiter::FireCallback(fml::TimePoint, fml::TimePoint, bool)::$_0>, void ()>::operator()()+0x4b8
  pc 0x000000010d1f606c fp 0x000000016dde8fd0 fml::MessageLoopImpl::FlushTasks(fml::FlushType)+0x664
  pc 0x000000010d1f9b58 fp 0x000000016dde8ff0 fml::MessageLoopDarwin::OnTimerFire(__CFRunLoopTimer*, fml::MessageLoopDarwin*)+0x20
  pc 0x00000001c04c2678 fp 0x000000016dde9000 <redacted>+0x20
  pc 0xf27f7381c0446654 fp 0x000000016ddea0d0 <redacted>+0xf27f738000000428
  pc 0xc61ec801c0440e00 fp 0x000000016ddea130 <redacted>+0xc61ec80000000140
  pc 0x047cdd01c041f4b0 fp 0x000000016ddeae90 <redacted>+0x47cdd0000000790
  pc 0xb81fa501c0432bc8 fp 0x000000016ddeaf40 CFRunLoopRunSpecific+0xb81fa50000000258
  pc 0x9f254d010d1f9a28 fp 0x000000016ddeaf80 fml::MessageLoopDarwin::Run()+0x9f254d0000000058
  pc 0x000000010d1f8aa8 fp 0x000000016ddeafc0 void* std::__1::__thread_proxy<std::__1::tuple<std::__1::unique_ptr<std::__1::__thread_struct, std::__1::default_delete<std::__1::__thread_struct> >, fml::Thread::Thread(std::__1::function<void (fml::Thread::ThreadConfig const&)> const&, fml::Thread::ThreadConfig const&)::$_0> >(void*)+0xd0
  pc 0x000000023166d9ac fp 0x000000016ddeafe0 _pthread_start+0x94
-- End of DumpStackTrace
  pc 0x0000000000000000 fp 0x000000016dde62c0 sp 0x0000000000000000 [Stub] CallToRuntime
  pc 0x000000010f48351c fp 0x000000016dde62e8 sp 0x000000016dde62d0 [Stub] Deoptimize
  pc 0x0000000000000000 fp 0x000000016dde6340 sp 0x000000016dde62f8 [Stub] FrameAwaitingMaterialization
  pc 0x0000000000000000 fp 0x000000016dde6378 sp 0x000000016dde6350 [Stub] FrameAwaitingMaterialization
  pc 0x0000000000000000 fp 0x000000016dde63b8 sp 0x000000016dde6388 [Stub] FrameAwaitingMaterialization
  pc 0x0000000124815330 fp 0x000000016dde6430 sp 0x000000016dde63c8 [Unoptimized] StatefulElement.dependOnInheritedElement
  pc 0x0000000124a5e2a8 fp 0x000000016dde64a8 sp 0x000000016dde6440 [Unoptimized] Element.dependOnInheritedWidgetOfExactType
  pc 0x000000012568d3b8 fp 0x000000016dde6518 sp 0x000000016dde64b8 [Unoptimized] Theme.of
  pc 0x000000013ba48018 fp 0x000000016dde6568 sp 0x000000016dde6528 [Unoptimized] SfTheme.of
  pc 0x000000013ba47dd8 fp 0x000000016dde65b8 sp 0x000000016dde6578 [Unoptimized] SfChartTheme.of
  pc 0x000000013ba47b20 fp 0x000000016dde6600 sp 0x000000016dde65c8 [Unoptimized] SfCircularChartState.didChangeDependencies
  pc 0x0000000123859200 fp 0x000000016dde6650 sp 0x000000016dde6610 [Unoptimized] StatefulElement._firstBuild@71042623
  pc 0x00000001238582ec fp 0x000000016dde6688 sp 0x000000016dde6660 [Unoptimized] ComponentElement.mount
  pc 0x0000000123854da0 fp 0x000000016dde6710 sp 0x000000016dde6698 [Unoptimized] Element.inflateWidget
  pc 0x00000001256ca8ec fp 0x000000016dde6760 sp 0x000000016dde6720 [Unoptimized] MultiChildRenderObjectElement.inflateWidget
  pc 0x00000001256c69a8 fp 0x000000016dde67d0 sp 0x000000016dde6770 [Unoptimized] MultiChildRenderObjectElement.mount
  pc 0x0000000123854da0 fp 0x000000016dde6858 sp 0x000000016dde67e0 [Unoptimized] Element.inflateWidget
  pc 0x0000000123853e34 fp 0x000000016dde68b0 sp 0x000000016dde6868 [Unoptimized] Element.updateChild
  pc 0x0000000124a711b0 fp 0x000000016dde6910 sp 0x000000016dde68c0 [Unoptimized] SingleChildRenderObjectElement.mount
  pc 0x0000000123854da0 fp 0x000000016dde6998 sp 0x000000016dde6920 [Unoptimized] Element.inflateWidget
  pc 0x000000017f7ba050 fp 0x000000016dde6a88 sp 0x000000016dde69a8 [Optimized] ComponentElement.performRebuild
  pc 0x0000000176e7f0f4 fp 0x000000016dde6ac0 sp 0x000000016dde6a98 [Optimized] Element.rebuild
  pc 0x00000001238673a8 fp 0x000000016dde6af8 sp 0x000000016dde6ad0 [Unoptimized] ComponentElement._firstBuild@71042623
  pc 0x00000001238582ec fp 0x000000016dde6b30 sp 0x000000016dde6b08 [Unoptimized] ComponentElement.mount
  pc 0x0000000123854da0 fp 0x000000016dde6bb8 sp 0x000000016dde6b40 [Unoptimized] Element.inflateWidget
  pc 0x00000001256ca8ec fp 0x000000016dde6c08 sp 0x000000016dde6bc8 [Unoptimized] MultiChildRenderObjectElement.inflateWidget
  pc 0x00000001256c69a8 fp 0x000000016dde6c78 sp 0x000000016dde6c18 [Unoptimized] MultiChildRenderObjectElement.mount
  pc 0x0000000123854da0 fp 0x000000016dde6d00 sp 0x000000016dde6c88 [Unoptimized] Element.inflateWidget
  pc 0x0000000123853ce8 fp 0x000000016dde6d58 sp 0x000000016dde6d10 [Unoptimized] Element.updateChild
  pc 0x00000001276b6760 fp 0x000000016dde6db8 sp 0x000000016dde6d68 [Unoptimized] SingleChildRenderObjectElement.update
  pc 0x0000000123853884 fp 0x000000016dde6e08 sp 0x000000016dde6dc8 [Unoptimized] Element.updateChild
  pc 0x00000001276c8358 fp 0x000000016dde6f10 sp 0x000000016dde6e18 [Unoptimized] RenderObjectElement.updateChildren
  pc 0x0000000166e40808 fp 0x000000016dde6f78 sp 0x000000016dde6f20 [Optimized] MultiChildRenderObjectElement.update
  pc 0x000000017f7b9274 fp 0x000000016dde7060 sp 0x000000016dde6f88 [Optimized] ComponentElement.performRebuild
  pc 0x000000012386894c fp 0x000000016dde7098 sp 0x000000016dde7070 [Unoptimized] StatefulElement.performRebuild
  pc 0x0000000176e7f128 fp 0x000000016dde70d0 sp 0x000000016dde70a8 [Optimized] Element.rebuild
  pc 0x0000000122386cdc fp 0x000000016dde7128 sp 0x000000016dde70e0 [Unoptimized] StatefulElement.update
  pc 0x0000000123853884 fp 0x000000016dde7178 sp 0x000000016dde7138 [Unoptimized] Element.updateChild
  pc 0x00000001276b6760 fp 0x000000016dde71d8 sp 0x000000016dde7188 [Unoptimized] SingleChildRenderObjectElement.update
  pc 0x0000000123853884 fp 0x000000016dde7228 sp 0x000000016dde71e8 [Unoptimized] Element.updateChild
  pc 0x00000001276c8358 fp 0x000000016dde7330 sp 0x000000016dde7238 [Unoptimized] RenderObjectElement.updateChildren
  pc 0x0000000166e40808 fp 0x000000016dde7398 sp 0x000000016dde7340 [Optimized] MultiChildRenderObjectElement.update
  pc 0x000000012c83ef1c fp 0x000000016dde73d8 sp 0x000000016dde73a8 [Unoptimized] _ViewportElement@3191166613.update
  pc 0x000000017f7976a8 fp 0x000000016dde7430 sp 0x000000016dde73e8 [Optimized] SingleChildRenderObjectElement.update
  pc 0x000000017f797528 fp 0x000000016dde7488 sp 0x000000016dde7440 [Optimized] SingleChildRenderObjectElement.update
  pc 0x000000017f797528 fp 0x000000016dde74e0 sp 0x000000016dde7498 [Optimized] SingleChildRenderObjectElement.update
  pc 0x000000017f797528 fp 0x000000016dde7538 sp 0x000000016dde74f0 [Optimized] SingleChildRenderObjectElement.update
  pc 0x000000017f7b9254 fp 0x000000016dde7620 sp 0x000000016dde7548 [Optimized] ComponentElement.performRebuild
  pc 0x000000012386894c fp 0x000000016dde7658 sp 0x000000016dde7630 [Unoptimized] StatefulElement.performRebuild
  pc 0x0000000176e7f128 fp 0x000000016dde7690 sp 0x000000016dde7668 [Optimized] Element.rebuild
  pc 0x0000000122386cdc fp 0x000000016dde76e8 sp 0x000000016dde76a0 [Unoptimized] StatefulElement.update
  pc 0x000000017f7975a8 fp 0x000000016dde7740 sp 0x000000016dde76f8 [Optimized] SingleChildRenderObjectElement.update
  pc 0x000000017f7b9254 fp 0x000000016dde7828 sp 0x000000016dde7750 [Optimized] ComponentElement.performRebuild
  pc 0x0000000176e7f078 fp 0x000000016dde7860 sp 0x000000016dde7838 [Optimized] Element.rebuild
  pc 0x0000000122384980 fp 0x000000016dde78a0 sp 0x000000016dde7870 [Unoptimized] ProxyElement.update
  pc 0x000000017f7975cc fp 0x000000016dde78f8 sp 0x000000016dde78b0 [Optimized] SingleChildRenderObjectElement.update
  pc 0x000000017f7b9254 fp 0x000000016dde79e0 sp 0x000000016dde7908 [Optimized] ComponentElement.performRebuild
  pc 0x0000000176e7f110 fp 0x000000016dde7a18 sp 0x000000016dde79f0 [Optimized] Element.rebuild
  pc 0x0000000122384980 fp 0x000000016dde7a58 sp 0x000000016dde7a28 [Unoptimized] ProxyElement.update
  pc 0x000000017f7b9398 fp 0x000000016dde7b40 sp 0x000000016dde7a68 [Optimized] ComponentElement.performRebuild
  pc 0x000000012386894c fp 0x000000016dde7b78 sp 0x000000016dde7b50 [Unoptimized] StatefulElement.performRebuild
  pc 0x0000000176e7f128 fp 0x000000016dde7bb0 sp 0x000000016dde7b88 [Optimized] Element.rebuild
  pc 0x0000000122386cdc fp 0x000000016dde7c08 sp 0x000000016dde7bc0 [Unoptimized] StatefulElement.update
  pc 0x000000017f7b92f4 fp 0x000000016dde7cf0 sp 0x000000016dde7c18 [Optimized] ComponentElement.performRebuild
  pc 0x0000000176e7f078 fp 0x000000016dde7d28 sp 0x000000016dde7d00 [Optimized] Element.rebuild
  pc 0x0000000122384980 fp 0x000000016dde7d68 sp 0x000000016dde7d38 [Unoptimized] ProxyElement.update
  pc 0x000000017f7b9318 fp 0x000000016dde7e50 sp 0x000000016dde7d78 [Optimized] ComponentElement.performRebuild
  pc 0x0000000176e7f0bc fp 0x000000016dde7e88 sp 0x000000016dde7e60 [Optimized] Element.rebuild
  pc 0x00000001223866d8 fp 0x000000016dde7ec0 sp 0x000000016dde7e98 [Unoptimized] StatelessElement.update
  pc 0x000000017f7b93b8 fp 0x000000016dde7fa8 sp 0x000000016dde7ed0 [Optimized] ComponentElement.performRebuild
  pc 0x0000000176e7f078 fp 0x000000016dde7fe0 sp 0x000000016dde7fb8 [Optimized] Element.rebuild
  pc 0x0000000122384980 fp 0x000000016dde8020 sp 0x000000016dde7ff0 [Unoptimized] ProxyElement.update
  pc 0x000000017f78ab9c fp 0x000000016dde8070 sp 0x000000016dde8030 [Optimized] Element.updateChild
  pc 0x000000012a346058 fp 0x000000016dde8100 sp 0x000000016dde8080 [Unoptimized] _LayoutBuilderElement@1285188862._layout@1285188862.layoutCallback
  pc 0x0000000123846fb0 fp 0x000000016dde81b0 sp 0x000000016dde8110 [Unoptimized] BuildOwner.buildScope
  pc 0x000000012a345aec fp 0x000000016dde8200 sp 0x000000016dde81c0 [Unoptimized] _LayoutBuilderElement@1285188862._layout@1285188862
  pc 0x000000012a345738 fp 0x000000016dde8240 sp 0x000000016dde8210 [Unoptimized] _LayoutBuilderElement@1285188862._layout@1285188862
  pc 0x000000012a34561c fp 0x000000016dde8290 sp 0x000000016dde8250 [Unoptimized] RenderObject.invokeLayoutCallback.<anonymous closure>
  pc 0x000000012a344c6c fp 0x000000016dde82e8 sp 0x000000016dde82a0 [Unoptimized] PipelineOwner._enableMutationsToDirtySubtrees@705266271
  pc 0x000000012a344584 fp 0x000000016dde8350 sp 0x000000016dde82f8 [Unoptimized] RenderObject.invokeLayoutCallback
  pc 0x000000012a343c98 fp 0x000000016dde83a0 sp 0x000000016dde8360 [Unoptimized] __RenderLayoutBuilder&RenderBox&RenderObjectWithChildMixin&RenderConstrainedLayoutBuilder@1285188862.rebuildIfNecessary
  pc 0x000000012a34372c fp 0x000000016dde83e0 sp 0x000000016dde83b0 [Unoptimized] _RenderLayoutBuilder@1285188862.performLayout
  pc 0x000000012590b968 fp 0x000000016dde8440 sp 0x000000016dde83f0 [Unoptimized] RenderObject._layoutWithoutResize@705266271
  pc 0x000000012590a568 fp 0x000000016dde84b0 sp 0x000000016dde8450 [Unoptimized] PipelineOwner.flushLayout
  pc 0x0000000125909804 fp 0x000000016dde84e8 sp 0x000000016dde84c0 [Unoptimized] _WidgetsFlutterBinding&BindingBase&GestureBinding&SchedulerBinding&ServicesBinding&PaintingBinding&SemanticsBinding&RendererBinding@373399801.drawFrame
  pc 0x0000000125439244 fp 0x000000016dde8540 sp 0x000000016dde84f8 [Unoptimized] _WidgetsFlutterBinding&BindingBase&GestureBinding&SchedulerBinding&ServicesBinding&PaintingBinding&SemanticsBinding&RendererBinding&WidgetsBinding@373399801.drawFrame
  pc 0x0000000125438b38 fp 0x000000016dde8578 sp 0x000000016dde8550 [Unoptimized] _WidgetsFlutterBinding&BindingBase&GestureBinding&SchedulerBinding&ServicesBinding&PaintingBinding&SemanticsBinding&RendererBinding@373399801._handlePersistentFrameCallback@3043452173
  pc 0x0000000125438a38 fp 0x000000016dde85b8 sp 0x000000016dde8588 [Unoptimized] _WidgetsFlutterBinding&BindingBase&GestureBinding&SchedulerBinding&ServicesBinding&PaintingBinding&SemanticsBinding&RendererBinding@373399801._handlePersistentFrameCallback@3043452173
  pc 0x0000000125438424 fp 0x000000016dde8660 sp 0x000000016dde85c8 [Unoptimized] _WidgetsFlutterBinding&BindingBase&GestureBinding&SchedulerBinding@373399801._invokeFrameCallback@3072222615
  pc 0x0000000125436ed4 fp 0x000000016dde86e0 sp 0x000000016dde8670 [Unoptimized] _WidgetsFlutterBinding&BindingBase&GestureBinding&SchedulerBinding@373399801.handleDrawFrame
  pc 0x0000000122383e5c fp 0x000000016dde8718 sp 0x000000016dde86f0 [Unoptimized] _WidgetsFlutterBinding&BindingBase&GestureBinding&SchedulerBinding@373399801._handleDrawFrame@3072222615
  pc 0x0000000122383bb0 fp 0x000000016dde8750 sp 0x000000016dde8728 [Unoptimized] _WidgetsFlutterBinding&BindingBase&GestureBinding&SchedulerBinding@373399801._handleDrawFrame@3072222615
  pc 0x00000001183ccd4c fp 0x000000016dde87c0 sp 0x000000016dde8760 [Unoptimized] _rootRun@4048458
  pc 0x00000001183cc9c4 fp 0x000000016dde8820 sp 0x000000016dde87d0 [Unoptimized] _rootRun@4048458
  pc 0x00000001183cc0dc fp 0x000000016dde88b0 sp 0x000000016dde8830 [Unoptimized] _CustomZone@4048458.run
  pc 0x0000000122877c44 fp 0x000000016dde8920 sp 0x000000016dde88c0 [Unoptimized] _CustomZone@4048458.runGuarded
  pc 0x00000001183a01a8 fp 0x000000016dde8958 sp 0x000000016dde8930 [Unoptimized] _invoke@15065589
  pc 0x00000001183bec30 fp 0x000000016dde8998 sp 0x000000016dde8968 [Unoptimized] PlatformDispatcher._drawFrame@15065589
  pc 0x00000001183beae0 fp 0x000000016dde89c8 sp 0x000000016dde89a8 [Unoptimized] _drawFrame@15065589
  pc 0x00000001183bea0c fp 0x000000016dde89f0 sp 0x000000016dde89d8 [Unoptimized] _drawFrame@15065589
  pc 0x000000010f482ed8 fp 0x000000016dde8ac0 sp 0x000000016dde8a00 [Stub] InvokeDartCode
* thread #10, name = 'io.flutter.1.ui', stop reason = signal SIGABRT
    frame #0: 0x00000001f7f50b38 libsystem_kernel.dylib`__pthread_kill + 8
libsystem_kernel.dylib`:
->  0x1f7f50b38 <+8>:  b.lo   0x1f7f50b58               ; <+40>
    0x1f7f50b3c <+12>: pacibsp
    0x1f7f50b40 <+16>: stp    x29, x30, [sp, #-0x10]!
    0x1f7f50b44 <+20>: mov    x29, sp
Target 0: (Runner) stopped.
Lost connection to device.
Exited
```

flutter doctor -v
```
[✓] Flutter (Channel stable, 3.3.4, on macOS 12.6 21G115 darwin-arm, locale zh-Hans-CN)
    • Flutter version 3.3.4 on channel stable at /Users/luanchao/Desktop/Development/SDKS/flutter
    • Upstream repository https://github.com/flutter/flutter.git
    • Framework revision eb6d86ee27 (6 days ago), 2022-10-04 22:31:45 -0700
    • Engine revision c08d7d5efc
    • Dart version 2.18.2
    • DevTools version 2.15.0
    • Pub download mirror https://pub.flutter-io.cn
    • Flutter download mirror https://storage.flutter-io.cn

[✓] Android toolchain - develop for Android devices (Android SDK version 32.1.0-rc1)
    • Android SDK at /Users/luanchao/Library/Android/sdk
    • Platform android-33, build-tools 32.1.0-rc1
    • Java binary at: /Applications/Android Studio.app/Contents/jre/Contents/Home/bin/java
    • Java version OpenJDK Runtime Environment (build 11.0.12+0-b1504.28-7817840)
    • All Android licenses accepted.

[✓] Xcode - develop for iOS and macOS (Xcode 14.0)
    • Xcode at /Applications/Xcode.app/Contents/Developer
    • Build 14A309
    • CocoaPods version 1.11.3

[✓] Chrome - develop for the web
    • Chrome at /Applications/Google Chrome.app/Contents/MacOS/Google Chrome

[✓] Android Studio (version 2021.2)
    • Android Studio at /Applications/Android Studio.app/Contents
    • Flutter plugin can be installed from:
      🔨 https://plugins.jetbrains.com/plugin/9212-flutter
    • Dart plugin can be installed from:
      🔨 https://plugins.jetbrains.com/plugin/6351-dart
    • Java version OpenJDK Runtime Environment (build 11.0.12+0-b1504.28-7817840)

[✓] VS Code (version 1.72.0)
    • VS Code at /Applications/Visual Studio Code.app/Contents
    • Flutter extension version 3.50.0

[✓] Connected device (4 available)
    • PCHM30 (mobile) • e7e3b5e8                  • android-arm64  • Android 11 (API 30)
    • iPhone (mobile) • 00008101-001A4DC41440001E • ios            • iOS 15.6 19G71
    • macOS (desktop) • macos                     • darwin-arm64   • macOS 12.6 21G115 darwin-arm
    • Chrome (web)    • chrome                    • web-javascript • Google Chrome 106.0.5249.103

[✓] HTTP Host Availability
    • All required HTTP hosts are available

• No issues found!
```

**Comment by diegomxc** [comment]
same problem in debug ,`
E/Dart    ( 2741): ../../third_party/dart/runtime/vm/deferred_objects.cc: 113: error: Can’t locate continuation PC for deoptid 6 within package:flutter/src/widgets/framework.dart_MultiChildRenderObjectWidget_get_children
E/Dart    ( 2741):
E/DartVM  ( 2741): version=2.18.2 (stable) (Tue Sep 27 13:24:11 2022 +0200) on “android_arm64”
E/DartVM  ( 2741): pid=2741, thread=2762, isolate_group=main(0x7f5e185800), isolate=main(0x7f5e186800)
E/DartVM  ( 2741): isolate_instructions=7f6277f020, vm_instructions=7f6277f020`


`[✓] Flutter (Channel stable, 3.3.4, on macOS 13.1 22C65 darwin-arm, locale es-419)
[✓] Android toolchain - develop for Android devices (Android SDK version 32.0.0-rc1)
[!] Xcode - develop for iOS and macOS (Xcode 13.2.1)
    ✗ CocoaPods not installed.
        CocoaPods is used to retrieve the iOS and macOS platform side’s plugin code that responds to your plugin usage on the Dart side.
        Without CocoaPods, plugins will not work on iOS or macOS.
        For more info, see https://flutter.dev/platform-plugins
      To install see https://guides.cocoapods.org/using/getting-started.html#installation for instructions.
[✓] Chrome - develop for the web
[✓] Android Studio (version 2021.1)
[✓] VS Code (version 1.62.3)
[✓] Connected device (3 available)
[✓] HTTP Host Availability`

**Comment by yurrpt** [comment]
same issue and still no solution..
```
E/DartVM  ( 7282):   pc 0xba429dd3 fp 0xbd6d87ac sp 0xbd6d87a4 [Unoptimized] _drawFrame@15065589
E/DartVM  ( 7282):   pc 0xbcb01906 fp 0xbd6d87d8 sp 0xbd6d87b4 [Stub] InvokeDartCode
F/libc    ( 7282): Fatal signal 6 (SIGABRT), code -1 (SI_QUEUE) in tid 7365 (1.ui), pid 7282 (androidapp)
*** *** *** *** *** *** *** *** *** *** *** *** *** *** *** ***
Build fingerprint: 'google/sdk_gphone_x86/generic_x86_arm:11/RSR1.201013.001/6903271:user/release-keys'
Revision: '0'
ABI: 'x86'
Timestamp: 2022-12-20 13:22:44+0000
pid: 7282, tid: 7365, name: 1.ui  >>> com.example.android<<<
uid: 10155
signal 6 (SIGABRT), code -1 (SI_QUEUE), fault addr --------
Abort message: '../../third_party/dart/runtime/vm/deferred_objects.cc: 113: error: Can't locate continuation PC for deoptid 6 within package:flutter/src/widgets/transitions.dart_AnimatedWidget_get_listenable
package:flutter/…/widgets/transitions.dart:1
'
    eax 00000000  ebx 00001c72  ecx 00001cc5  edx 00000006
    edi ec6a781e  esi bd6d6c90
    ebp f052fb90  esp bd6d6c38  eip f052fb99
backtrace:
      #00 pc 00000b99  [vdso] (__kernel_vsyscall+9)
      #01 pc 0005ad68  /apex/com.android.runtime/lib/bionic/libc.so (syscall+40) (BuildId: 6e3a0180fa6637b68c0d181c343e6806)
      #02 pc 00076511  /apex/com.android.runtime/lib/bionic/libc.so (abort+209) (BuildId: 6e3a0180fa6637b68c0d181c343e6806)
      #03 pc 01a4bd72  /data/app/~~eTbpGeUZLV5uQ27d-hepGA==/com.example.android-e0rYojIw0A-Uy7Go3fIeiQ==/lib/x86/libflutter.so (BuildId: cbe89a369f4488b2e2aba468760fc83cc551sy1)
      #04 pc 01aa5c39  /data/app/~~eTbpGeUZLV5uQ27d-hepGA==/com.example.android-e0rYojIw0A-Uy7Go3fIeiQ==/lib/x86/libflutter.so (BuildId: cbe89a369f4488b2e2aba468760fc83cc551sy1)
      #05 pc 01aa80fc  /data/app/~~eTbpGeUZLV5uQ27d-hepGA==/com.example.android-e0rYojIw0A-Uy7Go3fIeiQ==/lib/x86/libflutter.so (BuildId: cbe89a369f4488b2e2aba468760fc83c551sy1)
      #06 pc 01bd3d37  /data/app/~~eTbpGeUZLV5uQ27d-hepGA==/com.example.android-e0rYojIw0A-Uy7Go3fIeiQ==/lib/x86/libflutter.so (BuildId: cbe89a369f4488b2e2aba468760fc83cc551sy1)
      #07 pc 0000160b  [anon:dart-codespace]
Lost connection to device.
Exited (sigterm)
```

DOCTOR -V
```
√] Flutter (Channel stable, 3.3.9, on Microsoft Windows [Version 10.0.19045.2364], locale tr-TR)
    • Flutter version 3.3.9 on channel stable at C:\src\flutter
    • Upstream repository https://github.com/flutter/flutter.git
    • Framework revision b8f7f1f986 (4 weeks ago), 2022-11-23 06:43:51 +0900
    • Engine revision 8f2221fbef
    • Dart version 2.18.5
    • DevTools version 2.15.0

Checking Android licenses is taking an unexpectedly long time...[√] Android toolchain - develop for Android devices (Android SDK version 30.0.3)
    
    • Platform android-33, build-tools 30.0.3
    • Java binary at: C:\Program Files\Android\Android Studio\jre\bin\java
    • Java version OpenJDK Runtime Environment (build 11.0.11+9-b60-7590822)
    • All Android licenses accepted.

[√] Chrome - develop for the web
    
[!] Visual Studio - develop for Windows (Visual Studio Derleme Araçları 2019 16.11.18)
    • Visual Studio at C:\Program Files (x86)\Microsoft Visual Studio\2019\BuildTools
    • Visual Studio Derleme Araçları 2019 version 16.11.32802.440
    X Visual Studio is missing necessary components. Please re-run the Visual Studio installer for the "Desktop development with C++" workload,      and include these components:
        MSVC v142 - VS 2019 C++ x64/x86 build tools
         - If there are multiple build tool versions available, install the latest
        C++ CMake tools for Windows
        Windows 10 SDK

[√] Android Studio (version 2021.1)
    • Android Studio at C:\Program Files\Android\Android Studio
    • Flutter plugin can be installed from:
       https://plugins.jetbrains.com/plugin/9212-flutter
    • Dart plugin can be installed from:
       https://plugins.jetbrains.com/plugin/6351-dart
    • Java version OpenJDK Runtime Environment (build 11.0.11+9-b60-7590822)

[√] VS Code (version 1.74.1)
    
    • Flutter extension version 3.54.0

[√] Connected device (4 available)
    • sdk gphone x86 (mobile) • emulator-5554 • android-x86    • Android 11 (API 30) (emulator)
    • Windows (desktop)       • windows       • windows-x64    • Microsoft Windows [Version 10.0.19045.2364]
    • Chrome (web)            • chrome        • web-javascript • Google Chrome 108.0.5359.125
    • Edge (web)              • edge          • web-javascript • Microsoft Edge 108.0.1462.54

[√] HTTP Host Availability
    • All required HTTP hosts are available
```

**Comment by mraleph** [comment]
@alexmarkov has recently stumbled upon the reproduction of this issue and the fix is being prepared.

**Comment by alexmarkov** [comment]
The fix rolled into Flutter in https://github.com/flutter/flutter/commit/911b13784b6e7820bfa73b2611e5adde5368b6a6.
