### ISSUE TITLE
Flutter crashes when running on physical ios device

### ISSUE THREAD

**Issue by wassimwazzi** [flutter/flutter#173483]
### Steps to reproduce

Using Iphone 14 with ios 26.0. Is it because ios 26 is not supported?

On Vscode, Create a new project with cmd + shift + P -> New flutter project.
flutter run

### Expected results

The build works on the simulators, and should work the same on my phone

### Actual results

Build it and run it on my phone gives me the below error:

Runner(1173,0x1ffa40100) malloc: xzm: failed to initialize deferred reclamation buffer [2] (null)
`UIScene` lifecycle will soon be required. Failure to adopt will result in an assert in the future.
FlutterView implements focusItemsInRect: - caching for linear focus movement is limited as long as this view is on screen.
../../../flutter/third_party/dart/runtime/vm/virtual_memory_posix.cc: 254: error: Unable to flip between RX and RW memory protection on pages
version=3.8.1 (stable) (Wed May 28 00:47:25 2025 -0700) on "ios_arm64"
pid=1173, thread=259, isolate_group=(nil)(0x0), isolate=(nil)(0x0)
os=ios, arch=arm64, comp=no, sim=no
isolate_instructions=0, vm_instructions=0
fp=16f0b1b50, sp=16f0b1b30, pc=104d9f0cc
  pc 0x0000000104d9f0cc fp 0x000000016f0b1b50 Dart_DumpNativeStackTrace+0x18
  pc 0x000000010493d8d4 fp 0x000000016f0b1b70 dart::Assert::Fail(char const*, ...) const+0x30
  pc 0x000000010498c190 fp 0x000000016f0b2620 dart::Dart::DartInit(Dart_InitializeParams const*)+0x5a38
  pc 0x0000000104d7f510 fp 0x000000016f0b2aa0 Dart_Initialize+0x60
  pc 0x0000000104904414 fp 0x000000016f0b3050 flutter::DartVM::Create(flutter::Settings const&, fml::RefPtr<flutter::DartSnapshot const>, fml::RefPtr<flutter::DartSnapshot const>, std::_fl::shared_ptr<flutter::IsolateNameServer>)+0x1b44
  pc 0x0000000104862cac fp 0x000000016f0b37b0 flutter::Shell::Create(flutter::PlatformData const&, flutter::TaskRunners const&, flutter::Settings, std::_fl::function<std::_fl::unique_ptr<flutter::PlatformView, std::_fl::default_delete<flutter::PlatformView>> (flutter::Shell&)> const&, std::_fl::function<std::_fl::unique_ptr<flutter::Rasterizer, std::_fl::default_delete<flutter::Rasterizer>> (flutter::Shell&)> const&, bool)+0x2fc
  pc 0x0000000104455eb8 fp 0x000000016f0b4540 -[FlutterEngine createShell:libraryURI:initialRoute:]+0xa90
  pc 0x0000000104488744 fp 0x000000016f0b4590 -[FlutterViewController sharedSetupWithProject:initialRoute:]+0x16c
  pc 0x00000001044885b0 fp 0x000000016f0b45c0 -[FlutterViewController awakeFromNib]+0x6c
  pc 0x0000000198efeca8 fp 0x000000016f0b4a90 <redacted>+0x6dc
  pc 0x00000001994d9ff8 fp 0x000000016f0b4b00 <redacted>+0xec
  pc 0x00000001994d9ed0 fp 0x000000016f0b4b30 <redacted>+0x50
  pc 0x00000001993164d0 fp 0x000000016f0b4b90 <redacted>+0x8c
  pc 0x0000000198170ab8 fp 0x000000016f0b4bd0 <redacted>+0xa8
  pc 0x00000001993159f4 fp 0x000000016f0b4dc0 <redacted>+0x280
  pc 0x000000019894b390 fp 0x000000016f0b4df0 <redacted>+0x74
  pc 0x00000001980b0404 fp 0x000000016f0b4e40 _UIScenePerformActionsWithLifecycleActionMask+0x70
  pc 0x000000019894bc0c fp 0x000000016f0b4f00 <redacted>+0xfc
  pc 0x000000019894b718 fp 0x000000016f0b4f70 <redacted>+0xd4
  pc 0x000000019894ba24 fp 0x000000016f0b5080 <redacted>+0x260
  pc 0x000000019894b4b0 fp 0x000000016f0b50f0 <redacted>+0xf4
  pc 0x00000001989567e0 fp 0x000000016f0b5130 <redacted>+0x94
  pc 0x0000000198dbbe48 fp 0x000000016f0b5230 <redacted>+0x2e0
  pc 0x00000001980b11c8 fp 0x000000016f0b52a0 _UISceneSettingsDiffActionPerformChangesWithTransitionContextAndCompletion+0xe0
  pc 0x00000001989564dc fp 0x000000016f0b53a0 <redacted>+0x13c
  pc 0x0000000198798c3c fp 0x000000016f0b54f0 <redacted>+0x268
  pc 0x0000000198797cd0 fp 0x000000016f0b5660 <redacted>+0xd0
  pc 0x00000001987988a8 fp 0x000000016f0b5720 <redacted>+0xf4
  pc 0x0000000199314a54 fp 0x000000016f0b57e0 <redacted>+0x1dc
  pc 0x0000000198de4de8 fp 0x000000016f0b5870 <redacted>+0x120
  pc 0x00000001b1f35d1c fp 0x000000016f0b5a20 <redacted>+0x16c
  pc 0x00000001b1f361d4 fp 0x000000016f0b5a60 <redacted>+0x80
  pc 0x00000001b1f35b34 fp 0x000000016f0b5b30 <redacted>+0x1b4
  pc 0x00000001b1fa35b4 fp 0x000000016f0b5bf0 <redacted>+0x120
  pc 0x00000001b1f43684 fp 0x000000016f0b5c30 <redacted>+0xa8
  pc 0x00000001b1f6007c fp 0x000000016f0b5d80 <redacted>+0x1e0
  pc 0x00000001b1f619e0 fp 0x000000016f0b5e10 <redacted>+0x10c
  pc 0x00000001b1f43684 fp 0x000000016f0b5e50 <redacted>+0xa8
  pc 0x00000001018b62b0 fp 0x000000016f0b5e60 _dispatch_client_callout+0x10
  pc 0x00000001018a0978 fp 0x000000016f0b5eb0 _dispatch_block_invoke_direct+0x128
  pc 0x00000001b20031d4 fp 0x000000016f0b5ee0 <redacted>+0x34
  pc 0x00000001b2003054 fp 0x000000016f0b5f60 <redacted>+0xe0
  pc 0x000000019532e310 fp 0x000000016f0b5f70 <redacted>+0x1c
  pc 0x000000019532e284 fp 0x000000016f0b5fa0 <redacted>+0xac
  pc 0x000000019530bdb0 fp 0x000000016f0b6000 <redacted>+0x14c
  pc 0x00000001952e1990 fp 0x000000016f0b6d60 <redacted>+0x334
  pc 0x00000001952e0d24 fp 0x000000016f0b6df0 <redacted>+0x214
  pc 0x00000001e6db8498 fp 0x000000016f0b6e40 GSEventRunModal+0x78
  pc 0x0000000198068428 fp 0x000000016f0b6ec0 <redacted>+0x318
  pc 0x00000001980070b8 fp 0x000000016f0b6f50 UIApplicationMain+0x150
  pc 0x000000019814dc88 fp 0x000000016f0b6f90 <redacted>+0x24c
  pc 0x0000000100f00584 fp 0x000000016f0b6fe0 $sSo21UIApplicationDelegateP5UIKitE4mainyyFZ+0x80
  pc 0x0000000100f004f4 fp 0x000000016f0b7010 $s6Runner11AppDelegateC5$mainyyFZ+0x2c
  pc 0x0000000100f00600 fp 0x000000016f0b7030 __debug_main_executable_dylib_entry_point+0x1c
  pc 0x0000000192569b18 fp 0x000000016f0b76a0 <redacted>+0x18bc
-- End of DumpStackTrace

libsystem_kernel.dylib`__pthread_kill:
    0x1eaf7f0c4 <+0>:  mov    x16, #0x148               ; =328 
    0x1eaf7f0c8 <+4>:  svc    #0x80
->  0x1eaf7f0cc <+8>:  b.lo   0x1eaf7f0ec               ; <+40>
    0x1eaf7f0d0 <+12>: pacibsp 
    0x1eaf7f0d4 <+16>: stp    x29, x30, [sp, #-0x10]!
    0x1eaf7f0d8 <+20>: mov    x29, sp
    0x1eaf7f0dc <+24>: bl     0x1eaf7a8ec               ; cerror_nocancel
    0x1eaf7f0e0 <+28>: mov    sp, x29
    0x1eaf7f0e4 <+32>: ldp    x29, x30, [sp], #0x10
    0x1eaf7f0e8 <+36>: retab  
    0x1eaf7f0ec <+40>: ret    

### Code sample

<details open><summary>Code sample</summary>

```dart
import 'package:flutter/material.dart';

void main() {
  runApp(const MyApp());
}

class MyApp extends StatelessWidget {
  const MyApp({super.key});

  // This widget is the root of your application.
  @override
  Widget build(BuildContext context) {
    return MaterialApp(
      title: 'Flutter Demo',
      theme: ThemeData(
        // This is the theme of your application.
        //
        // TRY THIS: Try running your application with "flutter run". You'll see
        // the application has a purple toolbar. Then, without quitting the app,
        // try changing the seedColor in the colorScheme below to Colors.green
        // and then invoke "hot reload" (save your changes or press the "hot
        // reload" button in a Flutter-supported IDE, or press "r" if you used
        // the command line to start the app).
        //
        // Notice that the counter didn't reset back to zero; the application
        // state is not lost during the reload. To reset the state, use hot
        // restart instead.
        //
        // This works for code too, not just values: Most code changes can be
        // tested with just a hot reload.
        colorScheme: ColorScheme.fromSeed(seedColor: Colors.deepPurple),
      ),
      home: const MyHomePage(title: 'Flutter Demo Home Page'),
    );
  }
}

class MyHomePage extends StatefulWidget {
  const MyHomePage({super.key, required this.title});

  // This widget is the home page of your application. It is stateful, meaning
  // that it has a State object (defined below) that contains fields that affect
  // how it looks.

  // This class is the configuration for the state. It holds the values (in this
  // case the title) provided by the parent (in this case the App widget) and
  // used by the build method of the State. Fields in a Widget subclass are
  // always marked "final".

  final String title;

  @override
  State<MyHomePage> createState() => _MyHomePageState();
}

class _MyHomePageState extends State<MyHomePage> {
  int _counter = 0;

  void _incrementCounter() {
    setState(() {
      // This call to setState tells the Flutter framework that something has
      // changed in this State, which causes it to rerun the build method below
      // so that the display can reflect the updated values. If we changed
      // _counter without calling setState(), then the build method would not be
      // called again, and so nothing would appear to happen.
      _counter++;
    });
  }

  @override
  Widget build(BuildContext context) {
    // This method is rerun every time setState is called, for instance as done
    // by the _incrementCounter method above.
    //
    // The Flutter framework has been optimized to make rerunning build methods
    // fast, so that you can just rebuild anything that needs updating rather
    // than having to individually change instances of widgets.
    return Scaffold(
      appBar: AppBar(
        // TRY THIS: Try changing the color here to a specific color (to
        // Colors.amber, perhaps?) and trigger a hot reload to see the AppBar
        // change color while the other colors stay the same.
        backgroundColor: Theme.of(context).colorScheme.inversePrimary,
        // Here we take the value from the MyHomePage object that was created by
        // the App.build method, and use it to set our appbar title.
        title: Text(widget.title),
      ),
      body: Center(
        // Center is a layout widget. It takes a single child and positions it
        // in the middle of the parent.
        child: Column(
          // Column is also a layout widget. It takes a list of children and
          // arranges them vertically. By default, it sizes itself to fit its
          // children horizontally, and tries to be as tall as its parent.
          //
          // Column has various properties to control how it sizes itself and
          // how it positions its children. Here we use mainAxisAlignment to
          // center the children vertically; the main axis here is the vertical
          // axis because Columns are vertical (the cross axis would be
          // horizontal).
          //
          // TRY THIS: Invoke "debug painting" (choose the "Toggle Debug Paint"
          // action in the IDE, or press "p" in the console), to see the
          // wireframe for each widget.
          mainAxisAlignment: MainAxisAlignment.center,
          children: <Widget>[
            const Text('You have pushed the button this many times:'),
            Text(
              '$_counter',
              style: Theme.of(context).textTheme.headlineMedium,
            ),
          ],
        ),
      ),
      floatingActionButton: FloatingActionButton(
        onPressed: _incrementCounter,
        tooltip: 'Increment',
        child: const Icon(Icons.add),
      ), // This trailing comma makes auto-formatting nicer for build methods.
    );
  }
}
```

</details>

### Screenshots or Video

<details open>
<summary>Screenshots / Video demonstration</summary>

[Upload media here]

</details>

### Logs

<details open><summary>Logs</summary>

```console
[Paste your logs here]
```

</details>

### Flutter Doctor output

<details open><summary>Doctor output</summary>

```console
[Paste your output here]
```

</details>

**Comment by pgmrDohan** [comment]
Same, Using Iphone 11 with ios 26.0.

**Comment by wassimwazzi** [comment]
So it must be an ios 26 issue then.
The app I am developping needs camera access, and since the simulators can't access the camera I am not able to work on this functionality. I believe using the camera on a mac is not supported either. Are there any workarounds?

**Comment by pgmrDohan** [comment]
The error you mentioned in issue occurred when I tried to test the app using ‘flutter run’ in iOS 26. After I resolved the error using ‘flutter run — profile’, the camera, location, and Bluetooth permission requests using the permission_handler package did not work. In my case
To fix it, I modified ‘ios/Runner/AppDelegate.swift’ and ran a permission request in the native. I'll send you a link together.
https://github.com/pgmrDohan/outdoor-rental-core/blob/main/app/ios/Runner/AppDelegate.swift
https://github.com/pgmrDohan/outdoor-rental-core/blob/main/app/lib/main.dart

**Comment by wassimwazzi** [comment]
Running in profile mode fixed it, thank you!

**Comment by moyosolaa** [comment]
> The error you mentioned in issue occurred when I tried to test the app using ‘flutter run’ in iOS 26. After I resolved the error using ‘flutter run — profile’, the camera, location, and Bluetooth permission requests using the permission_handler package did not work. In my case To fix it, I modified ‘ios/Runner/AppDelegate.swift’ and ran a permission request in the native. I'll send you a link together. https://github.com/pgmrDohan/outdoor-rental-core/blob/main/app/ios/Runner/AppDelegate.swift https://github.com/pgmrDohan/outdoor-rental-core/blob/main/app/lib/main.dart

flutter run --profile worked, thank you!!!!!

**Comment by darshankawar** [comment]
Based on the crash log, it is similar to https://github.com/flutter/flutter/issues/170416. The fix for it will be available in next stable release, so closing in favor of it.
