### ISSUE TITLE
Issue with flutter DEBUG mode stop working from VS CODE, iOS 26

### ISSUE THREAD

**Issue by Pengi123** [flutter/flutter#175490]
Hi, I have Issue with flutter DEBUG mode stop working from VS CODE on a physical iPhone 15 PRO iOS 26
When I go to Xcode it is working without any issues in debug mode.

From VS CODE REALISE MODE it is working good from terminal, but when I click play button from main.dart it stuck at "Xcode build done. 23.0s" it show splash screen

I also upgraded flutter to last version.
Flutter doctor, everything good.

-------
```console
[✓] Flutter (Channel master, 3.37.0-1.0.pre-141, on macOS 15.6.1 24G90 darwin-arm64, locale en-US)
[✓] Android toolchain - develop for Android devices (Android SDK version 36.0.0)
[✓] Xcode - develop for iOS and macOS (Xcode 26.0)
[✓] Chrome - develop for the web
[✓] Connected device (3 available)
[✓] Network resources

• No issues found!
```
-----------------

I see these issues start to happen when I upgrade my phone to iOS 26.
All my projects are affected

**Comment by tirth-patel-nc** [comment]
@Pengi123 thanks for the report. Could you please share the verbose logs and confirm whether #175438 is related to your case or not?

**Comment by fufesou** [comment]
@tirth-patel-nc No, it's the same issue to https://github.com/flutter/flutter/issues/163984

**Comment by Pengi123** [comment]
> [@tirth-patel-nc](https://github.com/tirth-patel-nc) No, it's the same issue to [#163984](https://github.com/flutter/flutter/issues/163984)

@fufesou @tirth-patel-nc Yes, it is close but my problem is it stuck at "Installing and launching..." last at logs I see that done "Xcode build done. 23.0s"" but "Installing and launching..." never finishes
I see that was for beta but live version still have that problem? not sure if that was fixed or not?

**Comment by tirth-patel-nc** [comment]
@ianloic @Pengi123 Are you using wired/wireless connection?

**Comment by Pengi123** [comment]
> [@ianloic](https://github.com/ianloic) [@Pengi123](https://github.com/Pengi123) Are you using wired/wireless connection?

@tirth-patel-nc Wired, I test to use wireless both dont work in DEBUG mode.
I test also to run debug mode on android phone debug mode from VS code it open without any issues.

**Comment by stutid** [comment]
Hi, I experience the same issue. I am using VSCode to run the app on a physical device with iOS 26. 
XCode build done in 50 seconds.
The app installs and launches but gets stuck on the splash screen.
The app runs correctly in "release mode", but gets stuck on splash screen in "debug mode" and shows below error in XCode 26 console.

> -- LLDB integration loaded --
> `UIScene` lifecycle will soon be required. Failure to adopt will result in an assert in the future.
> FlutterView implements focusItemsInRect: - caching for linear focus movement is limited as long as this view is on screen.
> ../../../flutter/third_party/dart/runtime/vm/virtual_memory_posix.cc: 254: error: Unable to flip between RX and RW memory protection on pages
> version=3.8.0 (stable) (Wed May 14 09:07:14 2025 -0700) on "ios_arm64"
> pid=3387, thread=259, isolate_group=(nil)(0x0), isolate=(nil)(0x0)
> os=ios, arch=arm64, comp=no, sim=no
> isolate_instructions=0, vm_instructions=0
> fp=16fce1b00, sp=16fce1ae0, pc=106a59b60
>   pc 0x0000000106a59b60 fp 0x000000016fce1b00 Dart_DumpNativeStackTrace+0x18
>   pc 0x00000001065f8368 fp 0x000000016fce1b20 dart::Assert::Fail(char const*, ...) const+0x30
>   pc 0x0000000106646c24 fp 0x000000016fce25d0 dart::Dart::DartInit(Dart_InitializeParams const*)+0x5a38
>   pc 0x0000000106a39fa4 fp 0x000000016fce2a50 Dart_Initialize+0x60
>   pc 0x00000001065beeb0 fp 0x000000016fce3000 flutter::DartVM::Create(flutter::Settings const&, fml::RefPtr<flutter::DartSnapshot const>, fml::RefPtr<flutter::DartSnapshot const>, std::_fl::shared_ptr<flutter::IsolateNameServer>)+0x1b44
>   pc 0x000000010651d810 fp 0x000000016fce3760 flutter::Shell::Create(flutter::PlatformData const&, flutter::TaskRunners const&, flutter::Settings, std::_fl::function<std::_fl::unique_ptr<flutter::PlatformView, std::_fl::default_delete<flutter::PlatformView>> (flutter::Shell&)> const&, std::_fl::function<std::_fl::unique_ptr<flutter::Rasterizer, std::_fl::default_delete<flutter::Rasterizer>> (flutter::Shell&)> const&, bool)+0x2fc
>   pc 0x0000000106111e24 fp 0x000000016fce44e0 -[FlutterEngine createShell:libraryURI:initialRoute:]+0x9fc
>   pc 0x000000010614466c fp 0x000000016fce4530 -[FlutterViewController sharedSetupWithProject:initialRoute:]+0x16c
>   pc 0x00000001061444d8 fp 0x000000016fce4560 -[FlutterViewController awakeFromNib]+0x6c
>   pc 0x000000019e733218 fp 0x000000016fce4a30 <redacted>+0x6dc
>   pc 0x000000019ed131a0 fp 0x000000016fce4aa0 <redacted>+0xec
>   pc 0x000000019ed13078 fp 0x000000016fce4ad0 <redacted>+0x50
>   pc 0x000000019eb4e25c fp 0x000000016fce4b30 <redacted>+0x8c
>   pc 0x000000019d9776b0 fp 0x000000016fce4b70 <redacted>+0xa8
>   pc 0x000000019eb4d780 fp 0x000000016fce4d60 <redacted>+0x280
>   pc 0x000000019e17bce8 fp 0x000000016fce4d90 <redacted>+0x74
>   pc 0x000000019d8ba8d0 fp 0x000000016fce4de0 _UIScenePerformActionsWithLifecycleActionMask+0x70
>   pc 0x000000019e17c564 fp 0x000000016fce4ea0 <redacted>+0xfc
>   pc 0x000000019e17c070 fp 0x000000016fce4f10 <redacted>+0xd4
>   pc 0x000000019e17c37c fp 0x000000016fce5020 <redacted>+0x260
>   pc 0x000000019e17be08 fp 0x000000016fce5090 <redacted>+0xf4
>   pc 0x000000019e187150 fp 0x000000016fce50d0 <redacted>+0x94
>   pc 0x000000019e5eef4c fp 0x000000016fce51d0 <redacted>+0x2e0
>   pc 0x000000019d8bb694 fp 0x000000016fce5240 _UISceneSettingsDiffActionPerformChangesWithTransitionContextAndCompletion+0xe0
>   pc 0x000000019e186e4c fp 0x000000016fce5340 <redacted>+0x13c
>   pc 0x000000019dfc7804 fp 0x000000016fce5490 <redacted>+0x268
>   pc 0x000000019dfc6898 fp 0x000000016fce5600 <redacted>+0xd0
>   pc 0x000000019dfc7470 fp 0x000000016fce56c0 <redacted>+0xf4
>   pc 0x000000019eb4c7e0 fp 0x000000016fce5780 <redacted>+0x1dc
>   pc 0x000000019e617f78 fp 0x000000016fce5810 <redacted>+0x120
>   pc 0x00000001b76d7388 fp 0x000000016fce59c0 <redacted>+0x16c
>   pc 0x00000001b76d7840 fp 0x000000016fce5a00 <redacted>+0x80
>   pc 0x00000001b76d71a0 fp 0x000000016fce5ad0 <redacted>+0x1b4
>   pc 0x00000001b7745818 fp 0x000000016fce5b90 <redacted>+0x120
>   pc 0x00000001b76e4f40 fp 0x000000016fce5bd0 <redacted>+0xa8
>   pc 0x00000001b7701cc0 fp 0x000000016fce5d20 <redacted>+0x1e0
>   pc 0x00000001b7703624 fp 0x000000016fce5db0 <redacted>+0x10c
>   pc 0x00000001b76e4f40 fp 0x000000016fce5df0 <redacted>+0xa8
>   pc 0x000000010357a2d0 fp 0x000000016fce5e00 _dispatch_client_callout+0x10
>   pc 0x0000000103564998 fp 0x000000016fce5e50 _dispatch_block_invoke_direct+0x128
>   pc 0x00000001af22d1d4 fp 0x000000016fce5e80 <redacted>+0x34
>   pc 0x00000001af22d054 fp 0x000000016fce5f00 <redacted>+0xe0
>   pc 0x0000000197f47230 fp 0x000000016fce5f10 <redacted>+0x1c
>   pc 0x0000000197f471a4 fp 0x000000016fce5f40 <redacted>+0xac
>   pc 0x0000000197f24cd0 fp 0x000000016fce5fa0 <redacted>+0x14c
>   pc 0x0000000197efa8b0 fp 0x000000016fce6d00 <redacted>+0x334
>   pc 0x0000000197ef9c44 fp 0x000000016fce6d90 <redacted>+0x214
>   pc 0x00000002372ea498 fp 0x000000016fce6de0 GSEventRunModal+0x78
>   pc 0x000000019d874ddc fp 0x000000016fce6e60 <redacted>+0x318
>   pc 0x000000019d819b0c fp 0x000000016fce6ef0 UIApplicationMain+0x150
>   pc 0x000000019d955860 fp 0x000000016fce6f30 <redacted>+0x24c
>   pc 0x00000001017f0468 fp 0x000000016fce6f80 $sSo21UIApplicationDelegateP5UIKitE4mainyyFZ+0x80
>   pc 0x00000001017f03d8 fp 0x000000016fce6fb0 $s6Runner11AppDelegateC5$mainyyFZ+0x2c
>   pc 0x00000001017f172c fp 0x000000016fce6fd0 __debug_main_executable_dylib_entry_point+0x1c
>   pc 0x0000000194f72e28 fp 0x000000016fce7640 <redacted>+0x1bcc
> -- End of DumpStackTrace

**Comment by tirth-patel-nc** [comment]
@fufesou @stutid @Pengi123 could you please share the verbose **logs from Xcode** along with the output of **flutter run -v**? that would help the team investigate this issue more effectively. thank you

**Comment by ivanbandura** [comment]
A change to iOS has caused a temporary break in Flutter's debug mode on
physical devices.
See https://github.com/flutter/flutter/issues/163984 for details.
In the meantime, we recommend these temporary workarounds:
* When developing with a physical device, use one running iOS 18.3 or lower.
* Use a simulator for development rather than a physical device.
* If you must use a device updated to iOS 26.0 23A341, use Flutter's release or
  profile mode via --release or --profile flags.

**Comment by Pengi123** [comment]
> A change to iOS has caused a temporary break in Flutter's debug mode on physical devices. See [#163984](https://github.com/flutter/flutter/issues/163984) for details. In the meantime, we recommend these temporary workarounds:
> 
> * When developing with a physical device, use one running iOS 18.3 or lower.
> * Use a simulator for development rather than a physical device.
> * If you must use a device updated to iOS 26.0 23A341, use Flutter's release or
>   profile mode via --release or --profile flags.

Not sure why that issue is closed if they still don't fix?

**Comment by liudawei24** [comment]
I was originally using Flutter 3.22.3, and debugging on iOS 26 didn't work. I upgraded to Flutter 3.35.4 and it worked.

**Comment by tirth-patel-nc** [comment]
keeping this open given the number of reports, for the team's attention and input.

**Comment by stutid** [comment]
- I'm currently using flutter version 3.32.0.
- The app runs correctly for release mode on physical device iOS 26. The app also runs correctly in debug mode on simulators. 
- But the issue is for when the app runs in **debug mode on physical device iOS 26**.
- I have already posted the XCode logs in my first message above. Below is the error from flutter run -v.

> [  +37 ms] Target file "lib/main.dart" not found.
> [        ] 
>            #0      throwToolExit (package:flutter_tools/src/base/common.dart:34:3)
>            #1      FlutterCommand.validateCommand (package:flutter_tools/src/runner/flutter_command.dart:2005:9)
>            #2      RunCommand.validateCommand (package:flutter_tools/src/commands/run.dart:638:19)
>            #3      FlutterCommand.verifyThenRunCommand (package:flutter_tools/src/runner/flutter_command.dart:1849:11)
>            <asynchronous suspension>
>            #4      FlutterCommand.run.<anonymous closure> (package:flutter_tools/src/runner/flutter_command.dart:1551:27)
>            <asynchronous suspension>
>            #5      AppContext.run.<anonymous closure> (package:flutter_tools/src/base/context.dart:154:19)
>            <asynchronous suspension>
>            #6      CommandRunner.runCommand (package:args/command_runner.dart:212:13)
>            <asynchronous suspension>
>            #7      FlutterCommandRunner.runCommand.<anonymous closure>
> (package:flutter_tools/src/runner/flutter_command_runner.dart:494:9)
>            <asynchronous suspension>
>            #8      AppContext.run.<anonymous closure> (package:flutter_tools/src/base/context.dart:154:19)
>            <asynchronous suspension>
>            #9      FlutterCommandRunner.runCommand (package:flutter_tools/src/runner/flutter_command_runner.dart:431:5)
>            <asynchronous suspension>
>            #10     run.<anonymous closure>.<anonymous closure> (package:flutter_tools/runner.dart:98:11)
>            <asynchronous suspension>
>            #11     AppContext.run.<anonymous closure> (package:flutter_tools/src/base/context.dart:154:19)
>            <asynchronous suspension>
>            #12     main (package:flutter_tools/executable.dart:102:3)
>            <asynchronous suspension>
>            
>            
> [        ] Running 3 shutdown hooks
> [   +4 ms] Shutdown hooks complete
> [ +114 ms] exiting with code 1

**Comment by gavinolukoju-inconnect** [comment]
I am also encountering this issue, below are the logs from xcode on a brand new flutter project created via Android Studio (IntelliJ) using the default app. My target physical device is an iPhone 15 Pro Max running iOS 26. The connection to the device was made wirelessly. My workstation is macOS Sequoia 15.7 (Intel) & XCode 26 :

FYI the app doesn't work in release or profile modes either. Below are the xcode logs from debug mode :

-- LLDB integration loaded --
`UIScene` lifecycle will soon be required. Failure to adopt will result in an assert in the future.
FlutterView implements focusItemsInRect: - caching for linear focus movement is limited as long as this view is on screen.
../../../flutter/third_party/dart/runtime/vm/virtual_memory_posix.cc: 254: error: Unable to flip between RX and RW memory protection on pages
version=3.8.1 (stable) (Wed May 28 00:47:25 2025 -0700) on "ios_arm64"
pid=27502, thread=259, isolate_group=(nil)(0x0), isolate=(nil)(0x0)
os=ios, arch=arm64, comp=no, sim=no
isolate_instructions=0, vm_instructions=0
fp=16f6d9b10, sp=16f6d9af0, pc=10476aff4
  pc 0x000000010476aff4 fp 0x000000016f6d9b10 Dart_DumpNativeStackTrace+0x18
  pc 0x00000001043097fc fp 0x000000016f6d9b30 dart::Assert::Fail(char const*, ...) const+0x30
  pc 0x00000001043580b8 fp 0x000000016f6da5e0 dart::Dart::DartInit(Dart_InitializeParams const*)+0x5a38
  pc 0x000000010474b438 fp 0x000000016f6daa60 Dart_Initialize+0x60
  pc 0x00000001042d033c fp 0x000000016f6db010 flutter::DartVM::Create(flutter::Settings const&, fml::RefPtr<flutter::DartSnapshot const>, fml::RefPtr<flutter::DartSnapshot const>, std::_fl::shared_ptr<flutter::IsolateNameServer>)+0x1b44
  pc 0x000000010422ebd4 fp 0x000000016f6db770 flutter::Shell::Create(flutter::PlatformData const&, flutter::TaskRunners const&, flutter::Settings, std::_fl::function<std::_fl::unique_ptr<flutter::PlatformView, std::_fl::default_delete<flutter::PlatformView>> (flutter::Shell&)> const&, std::_fl::function<std::_fl::unique_ptr<flutter::Rasterizer, std::_fl::default_delete<flutter::Rasterizer>> (flutter::Shell&)> const&, bool)+0x2fc
  pc 0x0000000103e21e24 fp 0x000000016f6dc4f0 -[FlutterEngine createShell:libraryURI:initialRoute:]+0x9fc
  pc 0x0000000103e5466c fp 0x000000016f6dc540 -[FlutterViewController sharedSetupWithProject:initialRoute:]+0x16c
  pc 0x0000000103e544d8 fp 0x000000016f6dc570 -[FlutterViewController awakeFromNib]+0x6c
  pc 0x00000001a1a13218 fp 0x000000016f6dca40 <redacted>+0x6dc
  pc 0x00000001a1ff31a0 fp 0x000000016f6dcab0 <redacted>+0xec
  pc 0x00000001a1ff3078 fp 0x000000016f6dcae0 <redacted>+0x50
  pc 0x00000001a1e2e25c fp 0x000000016f6dcb40 <redacted>+0x8c
  pc 0x00000001a0c576b0 fp 0x000000016f6dcb80 <redacted>+0xa8
  pc 0x00000001a1e2d780 fp 0x000000016f6dcd70 <redacted>+0x280
  pc 0x00000001a145bce8 fp 0x000000016f6dcda0 <redacted>+0x74
  pc 0x00000001a0b9a8d0 fp 0x000000016f6dcdf0 _UIScenePerformActionsWithLifecycleActionMask+0x70
  pc 0x00000001a145c564 fp 0x000000016f6dceb0 <redacted>+0xfc
  pc 0x00000001a145c070 fp 0x000000016f6dcf20 <redacted>+0xd4
  pc 0x00000001a145c37c fp 0x000000016f6dd030 <redacted>+0x260
  pc 0x00000001a145be08 fp 0x000000016f6dd0a0 <redacted>+0xf4
  pc 0x00000001a1467150 fp 0x000000016f6dd0e0 <redacted>+0x94
  pc 0x00000001a18cef4c fp 0x000000016f6dd1e0 <redacted>+0x2e0
  pc 0x00000001a0b9b694 fp 0x000000016f6dd250 _UISceneSettingsDiffActionPerformChangesWithTransitionContextAndCompletion+0xe0
  pc 0x00000001a1466e4c fp 0x000000016f6dd350 <redacted>+0x13c
  pc 0x00000001a12a7804 fp 0x000000016f6dd4a0 <redacted>+0x268
  pc 0x00000001a12a6898 fp 0x000000016f6dd610 <redacted>+0xd0
  pc 0x00000001a12a7470 fp 0x000000016f6dd6d0 <redacted>+0xf4
  pc 0x00000001a1e2c7e0 fp 0x000000016f6dd790 <redacted>+0x1dc
  pc 0x00000001a18f7f78 fp 0x000000016f6dd820 <redacted>+0x120
  pc 0x00000001ba9b7388 fp 0x000000016f6dd9d0 <redacted>+0x16c
  pc 0x00000001ba9b7840 fp 0x000000016f6dda10 <redacted>+0x80
  pc 0x00000001ba9b71a0 fp 0x000000016f6ddae0 <redacted>+0x1b4
  pc 0x00000001baa25818 fp 0x000000016f6ddba0 <redacted>+0x120
  pc 0x00000001ba9c4f40 fp 0x000000016f6ddbe0 <redacted>+0xa8
  pc 0x00000001ba9e1cc0 fp 0x000000016f6ddd30 <redacted>+0x1e0
  pc 0x00000001ba9e3624 fp 0x000000016f6dddc0 <redacted>+0x10c
  pc 0x00000001ba9c4f40 fp 0x000000016f6dde00 <redacted>+0xa8
  pc 0x00000001012822d0 fp 0x000000016f6dde10 _dispatch_client_callout+0x10
  pc 0x000000010126c998 fp 0x000000016f6dde60 _dispatch_block_invoke_direct+0x128
  pc 0x00000001b250d1d4 fp 0x000000016f6dde90 <redacted>+0x34
  pc 0x00000001b250d054 fp 0x000000016f6ddf10 <redacted>+0xe0
  pc 0x000000019b227230 fp 0x000000016f6ddf20 <redacted>+0x1c
  pc 0x000000019b2271a4 fp 0x000000016f6ddf50 <redacted>+0xac
  pc 0x000000019b204cd0 fp 0x000000016f6ddfb0 <redacted>+0x14c
  pc 0x000000019b1da8b0 fp 0x000000016f6ded10 <redacted>+0x334
  pc 0x000000019b1d9c44 fp 0x000000016f6deda0 <redacted>+0x214
  pc 0x000000023a5ce498 fp 0x000000016f6dedf0 GSEventRunModal+0x78
  pc 0x00000001a0b54ddc fp 0x000000016f6dee70 <redacted>+0x318
  pc 0x00000001a0af9b0c fp 0x000000016f6def00 UIApplicationMain+0x150
  pc 0x00000001a0c35860 fp 0x000000016f6def40 <redacted>+0x24c
  pc 0x00000001008cc584 fp 0x000000016f6def90 $sSo21UIApplicationDelegateP5UIKitE4mainyyFZ+0x80
  pc 0x00000001008cc4f4 fp 0x000000016f6defc0 $s6Runner11AppDelegateC5$mainyyFZ+0x2c
  pc 0x00000001008cc600 fp 0x000000016f6defe0 __debug_main_executable_dylib_entry_point+0x1c
  pc 0x0000000198252e28 fp 0x000000016f6df650 <redacted>+0x1bcc
-- End of DumpStackTrace

Also the SIGABRT from the device :

libsystem_kernel.dylib`__pthread_kill:
    0x24338c0c4 <+0>:  mov    x16, #0x148               ; =328 
    0x24338c0c8 <+4>:  svc    #0x80
->  0x24338c0cc <+8>:  b.lo   0x24338c0ec               ; <+40>
    0x24338c0d0 <+12>: pacibsp 
    0x24338c0d4 <+16>: stp    x29, x30, [sp, #-0x10]!
    0x24338c0d8 <+20>: mov    x29, sp
    0x24338c0dc <+24>: bl     0x2433878ec               ; cerror_nocancel
    0x24338c0e0 <+28>: mov    sp, x29
    0x24338c0e4 <+32>: ldp    x29, x30, [sp], #0x10
    0x24338c0e8 <+36>: retab  
    0x24338c0ec <+40>: ret  

The output from flutter doctor on my machine is below too :

[✓] Flutter (Channel stable, 3.35.4, on macOS 15.7 24G222 darwin-x64, locale en-GB)
[✓] Android toolchain - develop for Android devices (Android SDK version 35.0.0)
[✓] Xcode - develop for iOS and macOS (Xcode 26.0.1)
[✓] Chrome - develop for the web
[✓] Android Studio (version 2025.1)
[✓] IntelliJ IDEA Ultimate Edition (version 2020.3.4)
[✓] VS Code (version 1.103.2)
[✓] Connected device (5 available)
[✓] Network resources

• No issues found!

**Comment by UsmanHaider-Ali** [comment]
> I was originally using Flutter 3.22.3, and debugging on iOS 26 didn't work. I upgraded to Flutter 3.35.4 and it worked.

I was using Flutter 3.32.0 and it was working fine with iOS 18 and MacOS 15, but after upgrading to iOS 26 and MacOS 26, it stopped. After a lot wondering, I fixed it by upgrading to 3.35.0. But still I'm facing issue with other project Flutter 3.27.0 because I can't upgrade it right now.

**Comment by LouiseHsu** [comment]
If you are seeing this issue, and you have this in your stack trace:
`../../../flutter/third_party/dart/runtime/vm/virtual_memory_posix.cc: 254: error: Unable to flip between RX and RW memory protection on pages`
Your version of Flutter may be too old and should be upgraded. This error is fixed in our latest stable.

**Comment by LouiseHsu** [comment]
@Pengi123 Could you please post your complete verbose logs and any logs your see in Xcode? Your issue may be different.

**Comment by Pengi123** [comment]
@LouiseHsu I check now again issue and when I start in Xcode in debug, it opens without any problems. 


> -- LLDB integration loaded --
> warning: (arm64) [REDACTED_LOCAL_PATH]/Runner.app/Runner empty dSYM file detected, dSYM was created with an executable with no debug info.
> `UIScene` lifecycle will soon be required. Failure to adopt will result in an assert in the future.
> FlutterView implements focusItemsInRect: - caching for linear focus movement is limited as long as this view is on screen.
> Dart execution mode: JIT
> 12.2.0 - [FirebaseCore][I-COR000005] No app has been configured yet.
> 12.2.0 - [FirebaseMessaging][I-FCM001000] FIRMessaging Remote Notifications proxy enabled, will swizzle remote notification receiver handlers. If you'd prefer to manually integrate Firebase Messaging, add "FirebaseAppDelegateProxyEnabled" to your Info.plist, and set it to NO. Follow the instructions at:
> https://firebase.google.com/docs/cloud-messaging/ios/client#method_swizzling_in_firebase_messaging
> to ensure proper integration.
> 12.2.0 - [FirebaseAnalytics][I-ACS023007] Analytics v.12.2.0 started
> 12.2.0 - [FirebaseAnalytics][I-ACS023008] To enable debug logging set the following application argument: -FIRAnalyticsDebugEnabled (see http://goo.gl/RfcP7r)
> 12.2.0 - [FirebaseAnalytics][I-ACS044002] The AdSupport Framework is not currently linked. Some features will not function properly. Learn more at http://goo.gl/9vSsPb
> flutter: The Dart VM service is listening on [REDACTED_VM_SERVICE_URL]
> [Firebase/Crashlytics] Version 12.2.0
> 12.2.0 - [FirebaseAnalytics][I-ACS800023] No pending snapshot to activate. SDK name: app_measurement
> 12.2.0 - [FirebaseAnalytics][I-ACS023012] Analytics collection enabled
> 12.2.0 - [FirebaseAnalytics][I-ACS023220] Analytics screen reporting is enabled. Call Analytics.logEvent(AnalyticsEventScreenView, parameters: [...]) to log a screen view event. To disable automatic screen reporting, set the flag FirebaseAutomaticScreenReportingEnabled to NO (boolean) in the Info.plist
> no valid “aps-environment” entitlement string found for application
> no valid “aps-environment” entitlement string found for application
> 12.2.0 - [FirebaseMessaging][I-FCM012002] Error in application:didFailToRegisterForRemoteNotificationsWithError: no valid “aps-environment” entitlement string found for application


But when I run from Visual Studio Code it cant run in debug mode it show like this:

<img width="833" height="486" alt="Image" src="https://github.com/user-attachments/assets/c1ff80b1-cc60-48de-8c0b-d089417c585c" />

I dont see any verbose code in Visual Studio code, I am not sure if i need to run some command to start showing in debug mode?

**Comment by dav3rin** [comment]
I'm having the exact same issue as @Pengi123 on master.

If I force close the app on device, then start a build manually on Xcode, I'm able to enter debug mode. 

```
[✓] Flutter (Channel master, 3.37.0-1.0.pre-300, on macOS 15.6 24G84 darwin-arm64, locale en-US) [2.1s]
    • Flutter version 3.37.0-1.0.pre-300 on channel master at /Users/daverin/fvm/versions/master
    • Upstream repository https://github.com/flutter/flutter.git
    • Framework revision a2bd0045b5 (3 hours ago), 2025-09-26 05:21:45 -0400
    • Engine revision a2bd0045b5
    • Dart version 3.10.0 (build 3.10.0-236.0.dev)
    • DevTools version 2.50.0
    • Feature flags: enable-web, enable-linux-desktop, enable-macos-desktop, enable-windows-desktop, enable-android, enable-ios, cli-animations, enable-native-assets, omit-legacy-version-file, enable-lldb-debugging

[✗] Android toolchain - develop for Android devices [224ms]
    ✗ Unable to locate Android SDK.
      Install Android Studio from: https://developer.android.com/studio/index.html
      On first launch it will assist you in installing the Android SDK components.
      (or visit https://flutter.dev/to/macos-android-setup for detailed instructions).
      If the Android SDK has been installed to a custom location, please use
      `flutter config --android-sdk` to update to that location.


[✓] Xcode - develop for iOS and macOS (Xcode 26.0) [1,546ms]
    • Xcode at /Applications/Xcode.app/Contents/Developer
    • Build 17A324
    • CocoaPods version 1.16.2

[✓] Chrome - develop for the web [9ms]
    • Chrome at /Applications/Google Chrome.app/Contents/MacOS/Google Chrome

[✓] Connected device (4 available) [6.8s]
    • - 14 Pro (mobile)                 • -------- • ios            • iOS 26.0 23A341
    • - 12 Mini (wireless) (mobile) • - • ios            • iOS 18.6.2 22G100
    • macOS (desktop)                              • macos                     • darwin-arm64   • macOS 15.6 24G84 darwin-arm64
    • Chrome (web)                                 • chrome                    • web-javascript • Google Chrome 140.0.7339.213
    ! Error: Browsing on the local area network for iPad. Ensure the device is unlocked and attached with a cable or associated with the same local area network as this Mac.
      The device must be opted into Developer Mode to connect wirelessly. (code -27)

[✓] Network resources [1,080ms]
    • All expected network resources are available.

! Doctor found issues in 1 category.
```

**Comment by Khizar-crewLogix** [comment]
when it stuck on installing and launching ... please open the xcode window you can see there is some thread blocking it is totaly  due to JIT and Due to thee thread blocking our app is stuck on installing adn launching need sdk to handle this asap otheerwise our apps getting disturbed

**Comment by Vosssa** [comment]
Updating to 3.35.0 seems to fix the issue for now, as @UsmanHaider-Ali said. Atleast it worked for me.

**Comment by Khizar-crewLogix** [comment]
@Vosssa ARE YOU using XCODE 26.0.1 , iOS 26 and macOs 26 ?

**Comment by Vosssa** [comment]
@Khizar-crewLogix No, currently using XCode16.4 still. But iOS 26 and macOS 26 yes

**Comment by Khizar-crewLogix** [comment]
@Vosssa it will work in your case but with Xcode 26.0.1 it stopped working. Please read proper issue before doing comment 
Thanks

**Comment by Vosssa** [comment]
@Khizar-crewLogix I encountered the same issues with flutter 3.27.0 and updating to 3.35.0 solved it for me. Just wanted to update here if anybody has the same problem as me.

**Comment by Khizar-crewLogix** [comment]
@Vosssa Ok no problem

**Comment by Pengi123** [comment]
> Updating to 3.35.0 seems to fix the issue for now, as [@UsmanHaider-Ali](https://github.com/UsmanHaider-Ali) said. Atleast it worked for me.

> I was originally using Flutter 3.22.3, and debugging on iOS 26 didn't work. I upgraded to Flutter 3.35.4 and it worked.

I can confirm when i roll back to last stable realise of Flutter 3.35.5, on my side issue is fixed.
I hope in future in pre-realise (3.37.0-1.0.pre-141+) it will be fixed.

**Comment by hellohuanlin** [comment]
@Pengi123 Can you add `--verbose` to `launch.json` file in vs code to get the log?

**Comment by Khizar-crewLogix** [comment]
@Pengi123 which xcode version , ios version and macos version you are using right now

**Comment by Pengi123** [comment]
> [@Pengi123](https://github.com/Pengi123) Can you add `--verbose` to `launch.json` file in vs code to get the log?

[log_verbose.txt](https://github.com/user-attachments/files/22678153/log_verbose.txt)

**Comment by Pengi123** [comment]
> [@Pengi123](https://github.com/Pengi123) which xcode version , ios version and macos version you are using right now

@Khizar-crewLogix

MacOS: 15.6.1
Xcode: 26.0.1
iOS: 26.0.1

**Comment by Guziq** [comment]
With a similar configuration as @Pengi123 debug mode stopped working on my phone, though it works on my older one with iOS 18.x:

MacOS: 15.6
Xcode: 26.0.1
iOS: 26.0.1
Flutter: 3.35.5

**Comment by Pengi123** [comment]
> With a similar configuration as [@Pengi123](https://github.com/Pengi123) debug mode stopped working on my phone, though it works on my older one with iOS 18.x:
> 
> MacOS: 15.6 Xcode: 26.0.1 iOS: 26.0.1 Flutter: 3.35.5

@Guziq pls share verbose logs `flutter run --verbose` maybe with that logs is possible to see what is issue.
On my side when I change flutter from pre-release to release fix issue.

**Comment by Khizar-crewLogix** [comment]
> > [@Pengi123](https://github.com/Pengi123) which xcode version , ios version and macos version you are using right now
> 
> [@Khizar-crewLogix](https://github.com/Khizar-crewLogix)
> 
> MacOS: 15.6.1 Xcode: 26.0.1 iOS: 26.0.1

@Pengi123 please check with MacOS 26

**Comment by Pengi123** [comment]
> > > [@Pengi123](https://github.com/Pengi123) which xcode version , ios version and macos version you are using right now
> > 
> > 
> > [@Khizar-crewLogix](https://github.com/Khizar-crewLogix)
> > MacOS: 15.6.1 Xcode: 26.0.1 iOS: 26.0.1
> 
> [@Pengi123](https://github.com/Pengi123) please check with MacOS 26

I am waiting more updates on MacOS to update, as I see a lot of bugs in iPhone, and I see from other users there is a lot of issues in MacOS 26.

**Comment by vashworth** [comment]
This issue is not actionable without verbose logs.

@Pengi123 Can you add `--verbose` to launch.json file in vs code to get the log?
